20307
84973
18730
83221
38862
61025
15372
71597
50308
46022
65524
52440
44106
31977
36046
89330
43577
30474
20560
51150
68184
58253
58504
15893
5697
23559
35692
4572
12551
737
4163
79314
53048
72150
47138
85570
5075
54863
18422
64510
81836
78969
35928
17373
54050
92635
54050
83543
25359
33521
30728
31739
14169
31631
89036
17861
60901
5902
30728
84394
23541
82899
74542
75195
80582
34517
89827
70120
70987
3164
60053
83972
25359
92146
74050
81836
86965
24879
53192
67633
83805
63563
25181
66105
57661
82031
81783
5160
55137
80661
92816
58615
27535
27609
86965
54307
35032
81496
40223
89963
20388
67052
7891
5697
85128
90786
67168
89839
19132
75650
32300
35554
63637
17263
81496
44366
23803
58158
68184
52177
2562
38966
24202
13105
80661
88558
31293
56932
10321
65580
41961
68488
87196
26347
71151
23559
83542
42882
89341
72530
5697
5817
2345
37107
43483
84255
6264
71015
53401
68488
56698
70792
15586
83723
5061
73896
13912
24685
87569
44266
5902
51999
25046
30176
53192
49871
89355
69791
79832
79182
89046
5902
6395
795
996
68328
10980
70191
32640
83486
68033
33428
27132
2789
7844
12084
79832
38215
40012
64714
78083
38308
51443
39479
10555
42780
48641
27447
10998
68318
72628
33432
40223
31703
68968
21567
68351
39693
20124
10035
87316
67052
75540
7119
33575
58504
42951
21690
54920
5047
62500
8225
53350
15935
68318
61915
67942
70958
41518
83805
92482
39791
76366
54216
70958
53605
35554
83452
30740
63747
17743
85563
69380
78741
27266
4525
24242
87088
17861
39479
63747
74771
72471
74809
30081
59987
56281
83543
67410
87822
87569
22094
20460
79314
70180
21121
71112
66290
18547
35279
3270
69791
1545
81863
67014
11925
54920
26686
70130
81803
87196
17263
32880
49097
11030
51150
85620
46303
91744
42551
28593
35602
5160
17263
49677
65940
84892
21949
25182
36081
41103
81865
61516
74392
89963
63912
73284
44106
23012
5075
54879
89963
83381
53652
76528
67692
26169
90239
121
18613
16763
29470
48452
65303
29263
5075
33655
51999
47952
84197
4572
20388
35554
20138
39984
737
76784
33248
55942
64445
71015
82620
62008
71170
2542
39435
56932
52599
72471
27809
83542
76754
51040
44390
56967
53129
840
70214
50287
53345
65411
62476
77299
50091
92816
69315
48697
46876
84681
68122
58813
44366
62428
39404
72530
47952
49409
27656
44956
82351
53579
64580
63912
34600
21949
18422
33801
42169
18947
85128
67716
70339
46343
737
64029
2274
32387
68530
56847
22546
15698
70230
80865
7265
31469
8751
90487
6185
14002
62729
45195
68872
49598
73367
67676
3018
19610
63330
73078
72480
3013
5274
49396
34111
87306
18409
58669
32859
91057
69457
53835
61240
23207
58445
2876
54131
60040
65682
7590
15920
12561
32039
91003
18698
53349
59683
54939
2594
32234
34689
89321
12703
12805
16432
65615
30594
55486
25023
8412
5253
76337
15565
6485
55959
85437
70230
91149
37815
25395
35179
6485
39481
34656
56399
71050
60874
19738
19385
71517
21667
23310
64867
29409
85123
12016
45962
5471
54214
72480
2194
11225
24229
70324
50355
33439
4094
53095
57357
19732
75289
15175
19075
31604
28165
89525
17762
90880
91838
20346
31738
3991
44577
14283
75592
53398
84498
16631
78155
73254
12606
57388
4246
63683
75411
75650
47116
52248
43180
35285
11697
23311
88757
36875
18047
89896
75370
17743
53129
74771
85620
36935
25181
89341
73854
85184
64220
59825
19273
6131
5975
29343
86358
85620
78457
54307
82899
40223
88606
24999
74559
61830
59736
54920
89329
15581
35928
556
49196
10954
59206
34849
50607
19806
30624
45047
737
64629
1224
80865
29094
36938
22933
2522
69949
87822
8876
57372
22546
87196
68976
9413
80893
91893
83312
53652
58856
8894
23012
45047
50703
77573
71511
18736
58801
66493
70795
51036
89865
22788
68898
68622
66493
30764
24359
18321
55416
53997
9418
6077
8876
92816
72361
56967
84903
21287
30176
30596
88446
80160
43297
79503
45047
30176
73618
10300
27352
73985
26691
34383
14485
121
81431
35635
36962
70306
73248
74075
58820
73985
39359
45690
78969
83824
72460
59184
2872
8376
40223
34049
1065
69021
26090
78494
21690
57661
36962
16493
22790
55942
53401
59987
58856
71063
11325
52777
70214
17743
46437
55876
78083
31473
76784
81865
63683
41339
40923
40801
1899
64652
1268
82326
62366
78110
73452
25359
60836
16094
42910
75561
90774
32468
73927
29138
23213
48280
29775
31786
92781
61516
87233
31481
85553
16219
53309
72460
62008
41403
48883
47649
66035
85128
22294
2925
60325
78745
76181
61220
83876
74542
21350
8894
88122
36081
30510
8876
2004
57198
89355
79052
30728
41945
53662
4121
77386
81496
8154
71170
5150
89341
73922
6490
7675
70120
83824
52387
81732
90786
42426
32300
2345
7293
1939
18613
30186
77823
33753
79865
85553
30510
6027
58856
68488
26169
5947
88996
67271
37252
73854
8876
88653
88122
49409
16763
92635
65528
7561
59460
32468
14156
16275
24202
58856
84197
72452
33853
25046
91311
8206
70306
8376
35566
50574
23296
47649
67052
80639
47194
92816
33853
73941
56967
31739
78838
91744
87718
3382
72471
62656
79691
30250
37107
22658
89329
3889
51040
76791
5947
1268
76784
64416
11961
34004
17743
60325
1420
92816
26169
31631
76791
45820
34600
31493
85433
71151
35774
18422
53048
55137
5047
1939
737
68184
66667
13561
83876
56932
74338
18988
25181
22808
57279
22094
39693
81885
3459
52387
74599
91997
30551
46876
45738
84197
85184
24242
57329
66731
82753
35814
25181
83824
22826
44390
54739
31473
79832
33575
21825
53104
58856
79182
6454
23213
4864
62500
91744
66101
47014
64626
52817
73961
23142
64622
18280
65795
3019
48031
65795
62251
69602
37234
77252
52373
29305
44741
8696
62644
43593
75613
43766
56392
69943
36449
74593
66420
13206
42672
8681
65252
303
57927
90820
5242
7333
29548
7524
29642
9657
67946
89602
64469
60992
71080
23457
84990
42866
61208
52191
80555
113
77027
24759
60316
6273
59526
33241
43945
51596
61208
29024
78260
80101
5038
39682
82896
28503
84499
14045
20734
69399
57643
15592
38516
19803
46524
14045
31953
73658
28182
23291
39427
62644
40631
5345
69101
84987
15356
50246
50246
33668
53087
77362
57199
84499
72003
70465
7259
84176
12265
54728
60861
51610
13206
8912
45505
23090
6086
20799
91743
41178
47486
35358
65795
41008
16351
56440
82584
44251
63766
52122
9565
38485
3685
57869
37070
27384
91693
24057
50733
59526
17768
31764
76919
37239
16222
38118
61752
42331
57927
16375
60467
48486
40774
61504
6273
8540
19989
50246
29249
36248
36316
25539
76674
54258
79462
14045
3505
9565
41313
4462
61794
32067
56802
17126
21736
31026
4100
41801
24732
68517
91989
60316
65252
69298
76494
63203
6799
80101
58936
4462
75613
56802
30531
31851
5573
30758
10798
69542
26893
76173
81794
42945
159
39593
68641
74255
25410
31909
61080
37158
18905
14800
41671
27825
64485
15349
1129
36239
21716
83653
45860
38022
55933
48313
90755
676
87002
50964
51209
42518
83187
69542
84721
37435
52026
87288
53307
72830
57453
62132
49165
10179
72496
59279
49056
86197
37344
8531
16951
6723
44873
50246
29548
28760
23756
30029
30627
92797
82287
88994
26574
48313
8696
58019
45617
37421
25006
87629
82287
27871
72003
14974
54171
82896
26168
54840
56440
12377
84987
74593
92752
89775
40074
87797
67328
69602
79686
66420
44979
71033
49699
40631
60467
42413
83026
54903
36449
83618
40703
42054
16293
64990
45008
26577
34977
73831
38783
85905
90397
87558
79821
77652
87744
62145
12982
47152
88801
33324
29451
74799
2242
7524
6837
27962
6086
44573
20439
17384
80432
7524
33066
60715
92671
76494
30354
30623
751
79063
82506
41292
63951
19989
91989
70491
90524
29247
16375
39342
6968
197
57643
29631
30623
84499
82584
8352
31451
21244
18472
30986
34019
22034
38485
70493
91743
62195
23090
76919
13043
41988
70491
82930
56461
54668
28593
64469
13934
30758
13583
66420
73854
50397
23457
77523
6738
50005
18192
59963
91989
76784
73985
71856
47311
8681
78983
17591
66785
69399
76754
92812
14628
63683
56392
59660
68099
78432
36611
14045
37050
4100
4582
55416
22776
63637
55869
8563
17529
88167
71033
15935
72460
18591
92635
48280
59861
11925
68488
8154
7303
10851
74559
12476
82961
35814
31493
71597
32468
87270
18947
30884
49525
20061
54879
9413
62340
40776
18231
91300
80641
40129
88495
43577
21184
78083
73927
64416
30740
83723
14169
53579
64614
49196
76671
12572
86712
37809
28723
21141
64269
71839
22445
3397
28274
89211
7703
88234
90764
57387
86712
20700
7703
92506
66603
54422
91543
70206
2248
37060
16560
60569
80567
17920
83463
33651
78486
19536
17920
51324
68421
27085
88656
19930
24699
21944
56656
45228
20700
66421
11830
44635
57489
37415
22230
21381
24179
75095
42680
20700
12375
11830
51980
7030
28723
20834
5815
16317
18997
72898
82433
12375
3415
59687
67473
75065
3098
13963
60569
54821
41648
57245
81891
88759
65346
59720
8777
19418
49515
43062
37809
44937
10535
52737
1306
45074
73000
18997
82478
75503
69093
10263
54135
70197
3595
59720
84051
21057
81891
79424
52521
27703
76465
9152
45074
33888
24623
19418
31707
20960
32772
22385
61253
41438
31455
87954
26332
60089
60569
45720
76487
15935
9763
52815
1403
73026
48010
92816
79895
70197
29151
37104
30815
49871
52303
8206
25352
55980
13280
81836
87026
40260
60010
44754
82031
90225
36991
2925
30081
726
62035
88232
60857
46303
62189
25975
21567
35774
82031
21949
15069
67014
2740
54307
41717
54050
9927
21184
82772
32568
15698
50190
65528
75426
16376
83590
87290
58686
23691
18959
35814
75426
56967
53386
79832
85570
11064
48975
13963
85
54920
16376
76791
43802
46343
90656
57260
37113
1420
29263
66105
14857
5454
61955
43062
53192
79820
7110
54941
63317
3425
21605
86753
39520
33480
63763
28988
2508
3062
85184
52948
25275
62045
54329
79022
52225
81229
42636
88940
82972
3635
8015
81544
41940
27132
41339
14282
6897
18183
28484
47227
74844
62749
69380
64433
81626
25428
78856
83543
65507
84704
82397
39951
52848
77394
54417
72644
49872
30993
42831
92579
46943
53891
44058
2925
64433
80677
74559
26686
72648
11925
25642
8828
19143
31493
70648
36585
26221
81836
62572
66902
86993
69755
7119
82774
33480
56341
80342
80822
63791
40223
80155
18947
62632
51117
4582
80661
33753
34533
15507
5213
91893
74338
22094
840
51215
25975
87718
77823
15586
25352
66101
75955
28384
79863
53559
88167
13105
48330
35338
26520
50397
5602
19705
12944
78969
9804
90239
5075
25566
9804
83800
58504
70315
35736
18735
70306
56942
33091
91997
59460
47258
60901
64029
16678
59736
73927
4511
52440
86998
17856
81626
15581
35692
6264
62340
19736
68968
47169
36046
65580
4511
63160
67052
58813
68968
62428
22933
4163
40694
67722
52922
6597
71151
10228
83221
40992
39659
36938
43050
25352
36218
20232
42426
81551
17373
13561
24202
7891
78745
14437
18730
45956
5061
38921
5314
44058
27656
49947
45738
37135
87196
89141
53104
15698
49679
90786
15372
38921
85128
36081
87822
86689
24685
50397
11961
46343
27045
65280
84531
70432
61211
88495
53192
45820
51492
78639
84681
7675
47258
55416
14169
56570
88669
16376
82922
68922
55975
87088
6597
6814
59075
42349
35774
61836
86993
25108
38966
8492
18048
72642
84548
37273
47740
44501
86257
57279
50224
78983
13221
7348
15214
92730
25108
81732
7303
92781
72644
92635
50308
44299
3459
55588
62340
48697
37107
33753
58813
86998
48873
71868
121
64998
90301
78109
48697
80592
30474
54050
70339
51478
78548
83824
23410
37113
27535
43802
50308
38504
81732
16066
33661
22342
4864
67844
83221
86257
18231
40775
76481
8376
60053
55975
83824
44390
55876
88167
39479
36081
42993
31780
65303
36962
57262
46943
27535
22658
32387
21930
44266
51852
16493
61113
56281
81024
83542
48452
5160
78838
15507
53685
7119
21567
19724
35692
47649
22658
38225
40129
65425
5075
13713
45480
76791
75009
22776
60366
82753
54946
64998
14156
34600
50897
92491
33753
67271
20560
27502
54739
59736
5560
58428
53401
22933
56698
80582
49951
80582
21949
55137
26169
13713
23044
80639
80155
66731
88122
76722
85996
80639
33521
84973
74542
35566
15586
5454
78745
74809
63637
78838
7303
62471
17743
36125
19724
73896
76181
16828
6027
58856
58631
25359
9927
35566
18422
50897
40992
61264
58272
83824
56004
80592
6597
25943
48141
71090
62656
5061
50224
80639
73731
35692
54823
65524
55975
60325
87088
50308
22933
85614
41945
39937
89355
69277
69315
85128
69830
58615
42993
14169
73632
2317
6755
56713
68090
35464
67197
14007
61966
84410
20594
51576
2405
26635
32971
23847
2482
86591
33060
68688
60302
83231
91739
32971
71304
83440
24513
69303
87120
16715
62790
82538
11645
48722
1424
41031
56841
65594
44211
27727
59759
45867
44199
85275
81241
43975
51123
43115
16289
22828
67524
61315
44159
70719
44626
2819
69170
38129
63587
28797
84120
30730
85870
66130
61396
12095
57830
15712
28370
45334
62573
22201
81241
12542
12010
88091
92134
74268
87030
66629
74588
59866
75200
73492
80293
53581
62185
41433
78274
69303
59591
20104
20490
2917
42455
66389
57930
6949
87030
25362
62190
4640
19621
62185
61376
42161
72829
54410
16236
91540
61315
11714
60551
66389
6208
54196
89236
77518
45009
27137
11714
54410
63587
68462
11376
20045
48329
26470
76835
7465
43975
72250
7122
59141
20379
85147
89979
50854
54540
81241
39684
79019
27094
33090
67559
30730
67382
37404
51080
42161
8599
85567
73220
37374
78370
44439
73220
80964
80549
47226
45334
59162
44064
83288
54463
84965
59162
89918
48397
83188
51846
39205
65453
86309
22584
73509
81866
35082
29836
33541
66389
77777
72842
23947
65100
70570
71748
36821
16289
7331
67382
2906
34584
63930
71920
52087
58863
14900
2466
35775
76495
77271
4317
85988
75313
86962
70884
62449
62198
24232
10402
42880
2399
81617
26464
60076
85595
92745
6152
72307
6820
80652
12780
57614
85804
28686
68765
3247
52299
27727
72585
22947
90290
60540
10000
19288
71714
71043
8086
67713
67510
88980
47976
2408
48499
43316
20360
85069
55554
41470
36007
70439
70091
56742
59710
74990
70091
72650
62198
80924
44760
84367
34626
51846
82970
25310
35017
74990
13618
17558
3726
29720
26671
84410
11645
50226
35575
38730
29298
67848
91274
72661
69199
61195
47065
32891
87102
61966
48971
27137
44159
27180
29401
6949
39909
13405
11446
45334
69690
67183
22455
87120
57016
56515
35576
53375
1955
14257
42878
51846
81630
66234
21937
18120
39909
85716
57395
36821
29339
17430
51369
8853
68127
2704
39763
28947
11159
64606
9318
76167
48989
35655
59866
72842
42161
84739
19393
70927
25312
32321
67381
91266
72780
39909
82024
57823
88207
2269
66095
41433
50061
41272
76324
11714
68933
65100
54196
61285
72780
69199
67472
17702
66389
65568
25592
47574
62073
51268
67183
1534
50898
41031
51661
66275
34709
31565
1285
40266
54045
80199
10206
62073
16364
49635
56087
6616
70904
52833
32894
4112
23151
32971
23491
84486
71441
79655
4170
15787
8853
14005
61966
39621
51775
19288
51090
82708
29914
2126
56617
54971
6208
92326
30874
25116
23111
65171
66095
31565
46580
3083
87030
59053
9738
83231
41272
75780
80283
35956
21087
20379
54196
76982
35956
59078
85633
55801
63957
52215
59141
26713
46236
36747
71231
54758
68305
38730
17531
73909
23632
33936
87120
33282
31627
290
78498
57131
91486
80181
18535
6670
37045
31264
4589
82195
68187
23439
31718
24444
54667
72663
41310
48042
17661
67299
70611
40313
1568
85612
53203
38650
49116
13783
76774
76497
9604
20981
64249
49377
15057
6670
16941
40674
80023
45081
11437
66921
90372
44367
47510
70785
54497
73009
34414
1845
81828
2174
19397
17944
57148
46859
63401
50688
39799
7802
59503
10692
51983
10692
80821
57148
9321
61453
559
50280
87854
19348
11058
23093
65965
8527
92147
9599
52335
23313
50737
55677
47055
9321
20171
17165
59046
31751
85561
32951
68187
50345
4527
16970
21651
68656
80023
29281
8933
15049
36169
34914
46179
32951
46179
92443
40537
42076
84952
57590
70798
70936
31805
15950
11294
39085
30831
85561
14888
27862
87025
41408
66572
62835
78905
81828
63893
81853
84478
53974
12660
59237
65705
73929
74791
14786
658
32768
13860
10711
43252
15749
37332
10050
52167
56595
74667
84998
71214
10685
21918
47506
75238
81828
74316
10037
26722
26500
57070
20500
19010
6716
1410
59591
43713
54068
13393
38400
76570
74902
41466
29124
72417
44064
19348
40246
83830
59277
48302
82439
35464
22925
62835
81866
52927
51775
70755
23525
91266
71119
67959
67183
71407
26713
77518
27175
47087
59162
55273
56433
59483
79488
69303
63276
55663
62790
23632
81630
53100
83742
90172
17430
54067
28561
39436
31175
69873
15798
25697
13377
57550
76728
9189
40850
11781
73409
64148
2222
25699
80457
68183
80267
36075
75432
17471
45575
67165
47992
19904
78095
41991
87403
4035
43033
86928
3952
11480
43445
8364
22563
14220
45870
85832
54718
23821
68127
35673
67337
54410
75311
60778
2155
40940
44887
42455
30730
21728
73879
54071
54718
3952
26722
16659
89675
29770
84517
11480
55748
91538
24869
70265
5626
65501
41983
87596
89816
8992
66200
73432
72860
9432
17703
92780
49269
88947
11714
11949
53231
1202
80357
74389
11376
88481
17785
86396
28890
20571
39281
57898
70508
59141
17093
53231
66559
80293
86446
53810
912
87102
89198
66275
70474
82976
49860
14703
58474
70032
59759
27267
78185
70508
61699
17785
14945
3251
72585
18353
42140
18376
72879
9034
76572
15585
77996
82454
46047
2269
8087
77597
52989
80341
20947
73220
82204
79779
29273
16236
2316
39575
49672
17430
61966
37254
83550
38674
80283
21976
87687
18807
25592
45251
88207
49990
55432
14264
88207
63930
20416
88421
30874
86396
81630
87108
63930
54067
86779
855
92326
76427
32186
20045
24836
58833
76835
88152
68079
7898
68688
15712
17070
19393
59483
13235
24983
30830
85275
26470
51080
85147
4112
46580
20379
89603
21741
23111
70032
88877
6616
61396
48722
33936
23664
54612
13377
5990
35432
34792
70904
72476
36157
623
32891
2126
39601
14500
82029
13618
71043
43316
82454
79523
88013
53547
10310
14500
4035
25471
20104
31404
2906
74242
57557
1285
79873
38869
73267
70719
41849
52215
61999
85567
45334
17513
26221
66130
87525
27180
72585
40940
83543
80681
6368
3628
76415
17513
9318
7371
27063
53855
44389
45334
70570
41378
61376
65940
26713
58251
61955
7898
38129
70904
7119
74559
12729
19543
16543
19463
56235
70120
6395
12318
61267
74809
87196
45481
85184
2727
28285
41849
53129
53652
76445
49947
73267
86257
39436
25642
85279
50224
89655
22658
60959
38215
83188
17263
54920
61236
6814
16678
45820
5213
84828
18988
36125
18422
74242
39479
89839
89141
83723
7119
7119
36125
59335
6597
14900
8601
37823
53579
23541
78963
82447
87966
45077
49951
85929
71243
27482
41457
43051
53390
62925
81798
72364
38739
75504
82331
90999
92559
89994
7600
88953
25213
36998
13475
9727
9727
6393
21023
66535
3647
43332
4159
32486
91415
29218
16775
66396
1302
13654
11900
66322
21129
53067
51220
89969
51524
84014
17851
39979
18894
18894
12157
84450
35872
21917
81822
28500
45294
54325
28912
82926
41457
2892
59029
80446
46940
55030
37202
52607
45113
87725
40570
80887
55953
54447
77305
51690
52607
69321
14120
86792
16931
51764
62692
19638
46636
49476
7791
21635
88010
7791
60215
73792
61949
31251
47947
6713
2701
10488
45533
84733
27371
34272
19938
39144
88010
11770
66728
48445
18357
79549
50464
12059
38601
5732
40955
18268
31528
37541
23371
88030
59430
15970
71671
66501
13909
40071
85215
10425
49049
61881
90210
81210
84450
39895
91326
55953
66396
21448
47734
52083
85929
82534
57940
5339
6399
87610
24612
35275
79860
48450
87413
44097
45879
45113
74182
23201
89384
83416
85019
81798
11623
45847
48148
37202
21900
27761
84141
40031
74058
26496
75107
80508
78476
92783
41457
13960
22256
47947
39509
84733
79970
526
79268
1302
18891
43019
62305
36162
27556
3206
55241
54300
34352
21448
44247
29837
88010
24666
45609
85019
24328
33750
74061
85951
36092
70321
79746
10036
54447
51454
28982
56125
52560
27761
7140
66396
24612
43705
80743
30798
64400
36380
65550
50863
48384
76300
20825
22923
88523
23707
73134
353
85122
10094
82699
72170
23829
26436
33222
14166
87910
59868
89448
3272
13615
57487
16606
26743
50358
37108
75992
82157
77213
80387
27191
55600
48193
40570
38889
64843
7248
70993
54447
9829
33261
50900
22636
70666
24863
17489
43918
50600
5279
88570
72498
38972
54168
22453
84414
67459
1148
29901
22557
25547
47516
45506
57436
74029
73734
81210
30260
77305
48805
8160
36092
31936
92783
36928
87916
43435
9984
40071
22256
73252
69841
58402
42925
40023
48789
40535
13805
40014
66728
60490
15092
40997
68326
84799
60218
28982
77013
23700
36475
80446
27655
64656
50606
17349
43051
44945
87910
62773
69852
39988
31990
46581
31528
9055
7140
12059
90572
26173
7782
78069
15926
59113
1593
44656
77790
39979
6290
24868
83111
45506
28235
63254
88397
32523
61786
38696
54300
61949
27225
43435
50511
52340
7950
84700
56554
16775
62692
50700
80743
4159
29190
38889
79039
57706
37157
16156
22353
77305
52453
43353
7140
44195
13805
72105
18478
1865
16296
21129
75241
82940
29367
75990
87724
71787
27761
54545
55507
13184
70551
2251
57348
30400
5368
52607
88554
83111
41125
88554
67093
43662
9984
76296
52170
71901
1090
40277
91833
49626
55345
80887
29203
5732
29068
77741
36207
67379
30125
34058
67513
2522
13934
83824
90656
24328
43502
27078
62489
78310
3208
21930
49525
51467
28912
37974
85071
81836
48292
43051
41529
7786
17863
43254
73452
21949
87923
51999
21930
54946
74599
50308
68922
34885
38621
30680
54642
17863
69167
61264
91415
5339
54920
77269
46849
65580
55633
50076
16678
25106
58253
65528
56125
27656
16177
49525
53662
74559
7940
46486
29923
66393
28075
79832
15581
67705
5356
61027
4572
36162
24202
25046
60901
10834
21825
22756
705
46081
45299
88644
41867
31116
2285
15294
92736
76413
72015
61498
30675
2162
70212
26600
64207
57344
66745
5770
90694
67419
77657
37927
22207
22381
53940
15886
8635
18915
53033
67972
5192
80783
12107
80376
84112
10212
81747
77067
59400
30883
24670
35074
42914
84759
61163
58555
27570
6805
80784
70930
26158
2050
16284
60852
77563
84596
65450
32183
18404
37726
43104
50567
50436
65210
5498
35025
39650
46445
48582
46445
74916
28120
58555
75246
46982
21624
4259
1782
57894
2107
19628
67972
26459
66948
90227
51285
4668
16918
285
13767
66745
12293
15886
51514
37927
2050
25596
23811
34666
81152
25014
51725
58555
1782
2526
92531
35925
29839
52965
140
58509
34713
38374
2083
90432
43916
76016
73883
52514
36811
9799
60235
51098
70968
63975
43225
10413
30633
29754
88930
21869
3790
57474
4467
9234
24090
35983
84077
32591
28875
76343
80046
75362
89145
63812
70942
18013
1099
27047
26158
84366
28358
76625
22522
37927
7409
10455
76212
83864
13313
91577
81703
86358
51740
66636
30551
83698
57349
32537
51999
35278
66785
7463
13313
39659
62752
61113
18231
50842
85189
1377
5453
77032
9198
45820
42964
29216
32142
65580
22151
4578
63441
24970
70432
4163
76296
46303
59460
10338
45784
46610
39836
87290
11745
80592
41945
66785
14268
62428
88318
64443
3270
90239
37823
76156
27132
63259
62500
12726
7489
22094
6395
40801
47169
46876
84197
48452
74433
40930
54050
5160
81581
76528
74433
3462
41103
56932
32880
30081
90872
51150
74338
83221
7119
59184
54932
5103
35679
77144
70977
57803
19524
26327
21834
54932
76966
66136
82305
6267
59443
70319
19707
85725
31533
4496
40168
91306
27876
19733
90399
55385
58098
13589
19395
70569
82626
88962
57627
54995
19524
24894
61002
8336
90793
20558
54918
15935
8530
81215
36125
83643
67271
81581
21567
5160
63978
69913
38296
40276
15237
8401
21119
62425
26221
11523
78083
67052
92281
6267
37214
76179
10454
8154
57618
91424
48452
62903
9655
73696
27979
8168
12364
80946
55494
33753
55588
25182
13271
69913
13934
41339
65280
89839
11477
64416
22998
62274
67435
55975
78112
59013
33352
34533
38917
85184
90927
11745
49771
54823
30250
83590
44390
55980
49871
74599
78188
87718
30252
25108
82447
15698
78083
87718
2542
90959
737
61836
2317
61264
6814
41103
81783
19806
42882
21184
83972
40430
13416
54307
20970
85559
6418
52704
1939
72667
70306
65507
13454
29432
15893
89330
10851
59013
62572
25438
63637
64029
42882
88122
88669
84937
63670
53662
5443
82620
67360
65524
37135
22546
82031
19273
1059
46610
41817
87822
67379
1939
84394
72644
31541
2740
24402
48794
56281
65250
21949
18735
21690
13105
8813
42882
86993
52548
17373
10274
44918
88558
61955
33248
11477
19311
33753
24327
75650
29130
88232
51478
25439
68530
48697
62572
47167
52932
53662
30145
90182
90182
41103
31473
46303
71090
35928
91997
48883
6027
23213
22546
38796
461
84973
78745
21949
46343
90872
69167
15053
56004
64029
88122
57612
86155
3312
28571
83590
89355
26925
82864
74542
53048
19806
37107
90872
75195
40247
40992
11030
64580
54739
48873
83256
48232
51601
92781
24344
16177
35877
56847
73727
45047
78494
68341
19806
21181
85996
83876
20088
28593
7348
48883
25359
50395
53579
81783
54542
48452
83543
40247
63683
31780
25108
27045
68488
73693
32445
13912
25352
6395
2965
67435
18231
20088
3270
54977
74075
57094
72110
56967
71597
23213
8894
38621
87088
33286
81741
54946
20388
84548
17743
92635
89329
14737
41817
84937
45738
32634
23559
64980
25352
15428
20460
41945
25624
70378
62008
84513
49275
88996
8894
80639
64580
49677
6814
89036
51478
22967
37107
69902
66667
33575
7489
63637
37593
50607
53129
82620
84937
87822
85184
35602
61027
43363
76036
36585
33521
8206
73896
3494
39693
83543
71090
74559
5443
52994
16376
61774
84214
26169
71014
10851
13561
47743
65280
30145
2542
25182
25438
61113
60053
54823
48141
22546
71090
25975
18135
73452
55942
22342
55812
33352
21825
61877
11030
67716
64926
4121
7489
21121
121
40801
89006
49043
30551
47138
73452
82770
46532
33853
2494
84937
87057
23012
90301
47585
8876
57329
14857
5727
65303
30186
45357
67844
30740
27656
61516
62274
88122
41987
22808
60901
83735
5454
82142
12125
88558
51040
7675
5356
17133
18800
72642
85525
86358
17861
13453
61113
51492
39984
55975
26347
72150
78969
83543
48883
62008
83542
71090
81732
22014
82031
23213
47138
28571
68968
47649
27190
82201
51478
17373
44714
52393
2740
89036
87966
40223
17343
17721
86358
3462
31817
85620
2562
18947
8224
90872
1420
87502
4572
61236
45820
907
35877
20689
18947
65425
73248
62289
53579
59493
30691
39271
40223
7303
40045
17856
55439
54138
46343
82326
57372
61027
4572
20560
5636
16678
69380
30551
2345
37309
58281
48141
89355
21825
31541
66966
48975
90238
74392
5314
40223
44920
38215
32645
19724
7119
67705
8813
62500
23541
70214
5443
73941
48939
24774
40776
54739
18730
610
31541
18359
62366
46943
13561
25642
60375
55942
9039
71090
6264
21930
69380
39659
47743
56713
66021
72745
42426
13105
32520
58253
48697
75009
41055
21184
91893
52387
27535
77299
266
64394
37852
10834
71305
5047
11754
655
72644
86611
45820
74338
56698
87290
19463
48232
2004
84607
6454
22546
48873
77386
33853
59493
61534
5047
72172
62707
46486
67716
72280
89046
53401
88653
74216
32468
72483
675
92257
61027
3164
28593
83221
17856
4458
68968
6678
2345
51150
14143
72452
39004
83805
84973
5560
86491
81836
89046
51150
74464
56698
81865
30081
53309
30698
70656
73248
61955
82302
18553
22967
86993
64580
62687
60325
1939
72280
91893
85071
81496
33303
84197
25526
41945
36125
20232
24237
20047
22546
65280
44266
44390
8154
2063
42993
83723
25352
39984
25642
35830
39984
74542
22933
70648
92123
77299
86118
2345
89341
51999
92816
66731
57661
73941
32765
42993
39004
56713
47873
76784
49409
78917
27609
60921
19273
17927
53685
32634
44266
56847
78745
70001
27656
23044
82031
69830
49960
15935
461
57372
86611
25352
37593
63583
35309
6602
53577
44501
13934
91577
42169
47047
25438
60651
71151
56932
17373
75790
34533
88669
60053
45367
15586
61340
62500
56570
13934
11030
56439
65641
69380
82447
66120
90478
66120
56967
71868
39282
73896
15615
31786
56847
78136
25642
81836
53104
36962
23775
70902
6597
68976
40308
89046
11925
35830
20016
5443
19806
1268
41339
81836
27370
69525
1501
10596
34665
6550
46365
71392
51654
70002
20427
42677
70076
63732
71650
69033
47011
81862
40926
14577
81989
83692
77785
18979
68094
45826
12201
70254
84869
84869
23330
26156
91926
33796
88717
21970
47128
82977
4216
13584
6737
21504
3466
13665
12613
79968
37290
91406
86912
36368
72189
42909
53722
64833
46446
19932
12544
92668
8925
75928
58240
1137
2587
2837
11072
51834
12946
36996
29766
69033
11247
56902
17729
85785
36368
84063
32547
51654
77683
1654
66399
18351
16971
81796
66830
59374
45668
58033
31525
82574
59468
51654
77785
3938
47850
91935
47299
24156
17933
8222
46520
16971
26448
3463
29927
18248
72784
10820
3375
16766
42869
51236
29927
10641
7643
12056
87646
92339
62354
84479
38979
34960
34316
11266
25924
58926
40732
24494
45235
59374
21504
3466
73388
61237
47366
43853
26052
13665
80285
64182
69772
58607
7733
88984
17741
85774
63660
15573
11481
58585
53737
20427
92474
12201
8823
52713
77785
50914
41531
86515
43404
11481
73130
69033
26758
10904
77683
84567
21198
55836
26636
49192
74693
45760
87738
26636
27158
61451
16410
8731
82530
77257
46526
6884
72784
5708
20463
10904
37265
80434
82574
21318
20141
41577
92359
84969
45668
50244
680
43204
29017
26225
88661
2837
82085
15012
32367
73464
21457
30626
74197
4031
88952
72866
77520
91764
60796
73775
10864
2964
22510
83378
77066
92474
13181
87842
30383
51595
61796
4828
36407
57935
27983
19210
66969
7166
81181
9183
79281
42170
15972
46143
33477
77054
91822
26774
68602
1118
71650
30397
53796
91822
85143
44148
20066
64235
35730
29915
71335
79890
79306
10210
6990
20405
69064
16749
11534
73130
8180
92808
13867
40492
77554
35160
52647
43404
58752
67667
28883
31391
26736
24156
8929
91878
64763
11247
44148
75830
80065
72189
76634
61505
1706
27648
72189
86515
32547
55903
12940
73388
51652
30363
54981
91480
41370
14226
22412
31525
81802
70728
34790
34665
85958
87423
39544
7441
19958
18648
61308
66238
53112
81989
25924
18979
8203
91377
26636
1011
27257
13046
87956
87615
30360
19210
18840
19480
16913
4017
17117
78484
49163
77740
72090
58173
76608
132
20463
79094
40587
88185
43618
91616
1849
50172
58688
83284
66858
79885
79890
63824
64169
72788
91926
62779
44924
12116
78962
70002
68428
43127
27550
1818
89316
75463
87078
49931
29111
77693
89316
10210
64834
84911
33029
36996
63632
82071
11032
31635
47850
84975
37970
70757
43112
51236
41545
29170
58282
26736
79885
4562
51744
83284
36368
25062
57141
331
26804
84895
9267
83578
86373
79101
59374
92250
36996
58607
33014
70413
44049
60075
3201
19948
42746
90731
72948
17699
86559
72314
79796
65536
40448
59684
37520
22786
50172
13932
26225
58752
86580
83284
38592
19210
13772
74348
46890
89233
26448
79968
76469
67398
4842
50069
5940
21847
69398
67552
12896
33053
67398
51073
65906
26110
35150
87607
25588
64783
84192
12425
77290
80750
48631
25102
51096
42221
73494
58500
24769
86357
49383
36757
23759
4880
26755
14
35328
72623
81289
9854
87545
56552
83999
40407
59663
40983
33272
55124
27018
32190
89983
14899
70586
86610
42941
84583
32904
36567
86249
29559
17449
71854
26916
57339
73240
79032
57864
15406
3150
54703
71583
50552
21702
46952
27418
77382
4492
89762
87607
86832
56747
62212
75072
71854
18751
36476
75590
4880
25290
28920
37722
70586
42632
30487
23442
67631
49651
71346
38148
27122
1989
30267
51432
68438
50329
59888
66699
20725
78086
83607
72956
17064
56812
85379
54389
38414
46974
51439
80912
62499
33913
46139
54703
86106
91375
58424
41374
9453
87735
65312
92371
81170
8313
18147
27090
41374
26409
1911
88049
24920
18999
25290
33569
31686
58103
21198
6553
11418
23198
3213
65545
69216
31374
54848
42367
18116
40530
34310
6475
15352
86831
20931
31814
5940
51841
80829
73388
8526
68602
50440
948
9705
46390
4176
76653
55935
11468
24947
80418
54890
88699
46274
22184
75756
86860
88984
73119
88984
18751
75907
35762
38609
46520
72638
43853
45201
15674
47299
59684
82574
41705
36166
34310
28211
43112
42547
141
54234
29793
70847
56674
43776
64169
92668
60776
21504
36996
17729
26636
47322
40448
50723
5940
40032
63562
25924
21734
78306
40926
19986
50165
3821
13046
31013
72758
72214
22714
35384
28671
39224
239
47330
58013
56808
28105
87464
71847
35401
6740
67500
18528
24494
25693
32850
54950
22774
7968
26515
12346
11122
51946
25920
38609
52853
2767
29354
28466
14720
65400
74686
35067
89780
78215
29474
63377
9765
73110
86860
63576
87394
26403
41503
78851
92213
73130
62093
13046
29688
25132
50149
39224
32123
23624
92396
76044
14645
41516
85528
497
62066
20463
42102
20141
57204
79996
36537
40062
48315
34776
88717
35160
4769
37841
50880
30999
46274
72525
24038
39510
47968
28495
5505
54234
69382
39544
62892
239
72525
58926
84869
62114
24380
394
29850
48861
83660
31040
26736
12399
16694
47011
11935
47299
85255
60589
51526
16168
22847
27596
10609
19829
30606
17474
91889
41503
12056
85962
54195
44142
75836
25631
85265
55541
57204
90023
20463
48861
10922
17917
16027
61471
71227
13286
43087
58704
45636
88581
12201
33133
71743
10204
86373
25924
3618
31525
38875
45636
58926
9762
88581
25192
13286
24347
60807
84063
18248
80429
7643
72974
46762
16322
58506
85785
75732
1462
13665
83692
45201
20405
47849
33053
74983
74161
58092
71544
1275
70507
45652
4127
6884
27416
33741
43474
70002
54834
67319
12204
32017
59769
74558
19717
36032
58240
41577
62892
68403
59769
32972
49153
46365
44924
47366
64763
26390
14755
13584
24839
91626
31258
77142
42502
55935
20054
13665
89534
90413
26357
85376
2013
31040
77554
60776
18351
12201
22786
26865
86148
86373
75033
78585
30114
20093
60075
72590
69033
75184
680
70254
92339
16694
87394
76537
44316
83660
73388
43461
78453
63452
44733
33591
45268
79016
9981
57204
7166
4631
1275
75379
11255
3618
11276
24409
63824
50591
6550
61581
85376
46890
26580
6850
41370
34908
4547
67667
78851
54339
88581
92250
72189
53722
45668
86860
84567
61310
18864
69223
79101
49192
77145
81066
14718
78851
8929
6668
11276
73345
42398
28495
15382
72744
13305
28495
8620
29294
58405
81862
6318
45921
21970
60024
89165
67005
84895
54981
74693
30219
81919
74539
68227
43112
34310
72778
41545
82071
16286
65238
23182
50440
64834
58585
2587
37290
13286
87394
64763
65238
26566
727
22462
36283
64835
17718
57273
91451
28143
23234
23269
5424
39406
62953
62862
30213
47747
91268
44766
10674
67282
20785
57654
30898
84768
18388
4628
24003
23986
69980
14947
27712
81414
22397
14667
18565
16022
68992
43844
37948
30995
75723
18637
8741
15651
55067
37905
41226
33246
82634
71599
37362
5672
878
50374
60970
30914
38033
69180
31553
41226
83518
30434
32072
20042
39091
87117
32810
48547
5424
2260
87221
36429
60042
30202
23766
13568
39091
36496
60381
4975
34108
59980
81084
14863
82634
13834
29957
18292
64701
27712
75763
74025
37948
33518
17000
2582
44157
43491
11566
8083
33431
30180
72445
43844
23772
61372
77821
37362
11323
76846
793
12436
4027
10458
50949
13224
3763
48547
66602
87021
77193
11566
8350
27151
36390
69458
8785
80462
11452
75762
76453
16773
84706
82320
12459
11671
75762
2845
68285
50195
38033
11452
47296
78105
14863
14665
35104
54501
9108
71599
38957
38104
91069
90032
2375
77162
71426
58642
2951
25712
22148
36496
65674
20263
64701
19648
48263
39974
47747
40626
77162
57386
80469
39653
18066
34131
18066
51582
2852
81997
86989
82320
67137
393
54170
67455
59381
55065
21183
76222
32032
62011
37106
59755
83150
25712
45671
32178
34181
24064
23269
60042
84058
31350
51582
45804
7306
67808
82754
87644
27666
67282
41192
13224
50199
55067
59877
30995
54467
49566
71410
10373
79
7026
27931
92776
75211
58952
17615
44443
66032
83814
2303
53393
49232
27239
32192
43979
6135
29504
20119
85425
24078
72425
55244
19964
56973
14248
75562
90564
9053
52717
87052
45531
5289
17615
4144
29375
76303
60879
44198
1193
16072
22462
11286
73707
61321
16109
66122
85055
24393
49591
17881
16197
66122
76303
89299
28299
59248
1330
15009
81790
25128
61573
2591
36337
92401
40864
8943
66486
16047
45214
9463
45229
78060
58790
61573
78852
50949
43717
77473
59827
76633
79226
87221
7681
87644
38404
72043
79097
65468
67327
43866
81618
33087
47936
18977
51881
90855
40357
81414
40125
75642
66122
18637
43428
34181
75763
70573
92459
11616
88625
6205
8299
78610
1733
10373
9893
48844
71896
37106
7476
22587
70934
69549
40864
63067
48932
13716
25454
48504
41254
2845
11190
38208
40626
85881
80469
74690
43551
32072
90978
86266
14508
42467
58946
38503
78105
11452
24883
48263
71605
1560
36429
22320
66455
69512
30856
25865
85683
6605
43866
67767
11616
34149
51591
27146
57025
25495
73305
61745
66455
84803
14947
8902
14860
23772
17000
69166
28027
55204
61962
61573
39233
11771
51582
66868
78414
30898
65084
20520
60690
67817
14382
51782
56417
58697
90766
61962
34737
57273
16193
18537
46690
66456
8356
49674
49477
38525
74174
44146
82634
22524
21859
54834
71077
56170
35104
57381
45151
81919
81844
82112
12754
8541
11774
81734
22529
8639
9229
20520
45581
68992
7468
7733
63502
22909
87226
59381
70961
59381
25631
64159
24380
76537
73345
20196
84567
25680
92339
61545
17981
77036
24839
51236
81989
33518
51834
26921
12950
77054
11105
80065
74161
12399
75577
60473
80429
41370
63511
78546
56391
9772
14679
4744
33242
50723
48315
69980
40530
38207
72948
6884
83801
44725
33053
49486
3466
81989
60608
75074
83183
43791
79862
14172
10330
55845
36721
59459
40351
45491
12927
25437
59463
31125
45809
43620
3348
5970
33772
23565
47205
5970
37312
3880
15672
5334
80219
65063
54940
84050
74827
77909
77578
30435
18197
71808
16299
15941
10017
52602
83327
36721
22191
44332
74645
38883
88042
77730
76936
12602
74827
31920
88399
21241
7101
92107
83315
50202
59265
91523
44959
91570
72366
52435
24514
83070
26442
25437
18829
67528
68939
90913
80219
59463
49942
6129
33654
71987
21476
12408
64273
82820
21418
15665
61507
62383
85318
9839
13993
36505
10041
83908
5970
75281
37648
50524
12927
9125
84485
29078
57298
89012
25110
27427
83095
92174
59860
23260
44959
597
13418
51255
19535
61118
43479
37551
61118
45331
83908
46569
63066
5210
46911
91523
91417
84529
23233
44778
30613
24307
45706
49118
19649
2461
90590
25977
7532
29547
74931
88401
11544
12336
35163
75089
3258
45491
55372
60554
67110
52192
77542
27240
40351
30925
63465
29833
91607
56976
17403
35408
5042
84901
12276
22764
65555
53005
62830
54234
74977
30603
37865
3869
13993
14577
16226
18593
71238
22561
32548
22764
2835
47545
67311
17949
15382
3348
12056
35408
84906
27648
55541
394
24156
47425
24494
26892
53260
32819
13871
75618
3381
27648
18201
76634
91878
86515
46799
72423
74497
79796
50069
70509
58405
33242
77982
31525
19986
26580
39781
6850
6850
12204
22855
552
45235
42498
59414
57204
26056
75033
51490
15753
65387
42204
60807
1146
70764
26324
16324
14755
29017
75478
12896
5677
37970
5542
2581
34881
79890
22412
76608
16046
72278
18868
90667
18772
2992
84273
32482
6089
88745
26751
6463
84696
32377
42162
49173
91434
51827
15091
15409
17793
57323
29102
18362
89810
48066
34244
40151
12962
39486
55489
31134
68058
3226
20442
83575
34823
37185
18349
16847
22948
12706
15992
23206
7604
12706
37324
59045
41639
35993
10974
17729
56865
37185
72885
78170
49173
27737
11032
45760
50528
90080
91626
68602
44791
10641
58092
50657
32187
87394
36232
8582
55903
19140
1247
6004
57402
30915
49830
10733
64765
12357
54832
32377
44631
56961
78453
34968
78003
57204
61310
8731
65760
20031
6884
48851
4744
55949
79016
2743
19140
56346
31040
77901
34310
19958
54953
91315
92250
73388
10974
46365
78306
77693
12580
12204
69013
13046
23789
9621
58092
91878
76118
63660
85528
35961
88306
34890
46324
74522
27509
18648
38039
57970
22120
83148
65791
43417
63136
14139
83863
20407
59095
6474
680
36655
45223
56021
5542
41545
49376
45233
41931
44631
26390
39036
31445
50069
6990
1137
78445
76608
69560
36996
43404
4842
34265
91616
72222
49192
26580
41844
1818
8511
87738
60589
21970
59280
11105
39471
72852
58240
34665
76634
76044
65200
4631
44924
56674
26865
51174
3480
80084
30338
26448
83376
84567
73391
50244
30908
86148
38581
70254
92339
20463
61237
38241
4842
18864
51504
1849
65794
47968
19948
26804
78464
5940
55949
42869
13046
6056
92721
82596
66583
82596
83578
47850
39870
17699
60641
53722
38875
70002
44052
70728
23624
92648
31814
41683
132
92250
61471
88717
36707
13046
24156
82628
50591
50001
9762
1137
41545
55308
33029
3963
78585
71238
82071
33133
52647
64619
14528
60176
11534
51834
75928
90413
43127
23054
53722
81776
24871
12613
5940
18248
26056
74296
16269
51744
3331
39870
59808
21174
24409
10091
68361
78288
44924
19629
60776
1501
86148
29592
7799
47393
21174
42547
59808
9267
23011
37520
52031
82656
83743
77740
61451
80120
43127
46692
84479
31258
5677
41370
13286
8203
36368
4866
42765
6475
66039
70413
91188
78445
55192
29111
31962
50001
78291
74900
6324
44422
12029
6884
49486
12000
20899
48861
15573
40732
72744
217
81919
50528
66399
14577
12071
7166
11481
36586
2921
5940
1584
1380
74558
49153
70757
21847
59374
59374
52647
19932
19992
23330
56391
13584
3375
70389
79101
23182
13932
82574
82477
90731
41311
23792
19807
77683
26156
85971
26580
66399
88984
6850
80418
64834
91616
11607
22512
75001
45235
37265
53112
41531
67398
91188
84969
80434
13486
46446
12946
47968
27732
40492
90413
85262
28663
59273
69013
34908
30736
1118
6056
76295
33133
85971
65536
2255
90418
27939
67709
40543
14720
80977
5940
73388
58033
45268
55028
10204
11607
73345
4631
69525
217
680
49235
3375
58752
6324
10204
11105
141
29592
8925
6940
77279
74296
49486
23783
75580
84869
76469
37715
24347
68428
11255
24156
32972
40587
54295
47364
25323
77979
74348
86293
70507
61308
75580
59803
86860
16694
13286
70757
27605
66039
45636
78288
44148
84859
62633
11816
17117
40492
73388
87738
92648
57180
32547
23182
28442
1011
90082
31962
47299
85101
58796
62866
66452
13932
91406
92544
46919
60263
61308
65474
21772
40401
11481
50591
1011
49235
30219
87394
14806
3618
75928
12719
24409
6088
44005
7138
85430
58421
33607
44038
32250
16803
44394
3792
25400
8399
67690
1495
15421
82960
74732
32250
7216
60135
25289
36099
88975
7242
46192
72876
9707
61685
68782
61503
273
40913
76398
8590
46467
35847
84576
62580
9609
61148
83403
31122
43548
59368
43231
52793
76795
31844
80844
55627
14335
28501
49415
30292
30283
62241
22640
92191
87480
71329
83169
17167
59784
17039
30433
29566
92470
85652
76887
1803
89966
40446
39748
85678
19962
46210
64695
12529
68782
50581
12665
76285
77601
44608
28551
35228
68841
43400
38954
86570
8818
45429
88578
8043
76282
87990
87990
51632
80715
52237
73191
84408
30484
5199
78286
37076
52398
75997
88863
20505
1929
33887
56032
56541
58155
63529
85260
49199
70599
681
28817
67326
30484
32782
17651
75712
9707
55375
33649
71201
23953
78018
83640
16640
77840
42338
36780
56019
35518
58590
76795
86400
25962
13238
44608
68383
45849
60825
82289
16310
37080
16456
19191
5804
22646
80673
43595
60347
36099
25100
12651
55606
27492
24626
25100
55784
71937
18033
44886
16527
43047
23953
4140
3851
73308
28810
8590
28501
92078
27651
47419
61110
4422
49382
1435
76555
72054
226
79636
25854
59131
23631
6117
32045
62241
75323
69724
87172
49465
19042
50487
40913
67213
75323
35319
48651
54672
60117
68745
77285
15292
10619
76800
66301
48328
49328
22287
21248
91590
92205
32250
14416
16396
61988
67914
1795
26035
33393
58314
84589
58314
1024
49536
1889
75968
21151
16802
66943
38415
47040
61641
15459
6822
76508
40303
72091
25739
25405
74513
57328
13660
58459
45502
90312
14591
78731
86448
56836
16993
59368
56047
45282
11968
31122
2576
56909
89742
20147
39741
17166
53719
91155
68672
52237
86715
42395
7988
49328
77026
31412
5286
86859
73
2231
66837
33887
43821
15058
61988
66506
68588
35115
32597
21169
43947
3551
69132
45318
69969
73
13076
58348
50930
28262
15863
44610
19584
1853
76219
82217
19042
73661
5619
69927
47419
48498
82289
7503
89288
21617
8399
50581
6239
11968
64270
17365
64211
70974
7988
46830
9609
22142
10743
72876
86715
77623
36701
45318
22935
65328
58130
11358
8399
11358
41079
77601
47419
34508
49199
52125
77845
82943
19879
41398
9609
84682
61001
72488
79533
18271
61359
25962
57066
60397
1042
74732
26102
3048
67044
23953
20505
15292
18271
16443
67101
91018
87172
8043
30142
78204
58976
75598
15661
45310
16396
78802
57814
4207
64268
47378
5435
71567
33207
3792
3665
30283
77840
49328
65158
79911
1803
14941
86473
32782
69423
59255
79836
74194
69149
83501
25166
31158
85348
47701
63339
30206
48651
19246
49823
38954
84684
27290
81616
54370
63557
29894
48343
11738
22667
30961
13233
74711
77216
66111
71567
66943
74055
20385
28810
29818
89779
45667
71115
37585
26322
51408
49139
32725
62068
79911
28501
85678
79836
15421
31122
41053
18300
25854
6957
52237
8399
11968
47185
27290
72876
23148
17166
5508
66530
14416
84576
15292
38367
32782
20854
13813
62613
53833
84727
3722
62280
22712
14955
75185
12361
49199
40684
65885
92470
55375
28817
59255
71329
22796
51953
82432
87990
49110
86480
86835
56374
12280
45687
44098
26003
84269
10068
18844
77645
43286
89670
43143
46695
29671
35768
33708
51281
12172
43387
51861
89408
84893
83352
15709
79661
57425
90808
45129
37626
39855
29913
38884
58677
34504
91721
30625
14724
29913
73468
33628
83654
6022
930
65052
4316
85273
23332
48487
62367
26280
28625
89853
13752
75831
62049
43387
25958
71592
39182
26816
53159
4071
35477
44858
69875
15711
35213
25958
9006
66139
12945
87061
80608
91141
27408
28371
38884
45129
73061
19926
57433
20199
89302
90110
84565
90971
26524
70210
55937
57871
51778
3943
43168
35810
26506
20366
45376
76790
59229
92190
38959
3176
54403
7556
18976
39888
8342
12984
24415
70696
45309
57425
29678
43425
14150
38705
38430
36893
43940
29180
32194
43425
30262
86330
55641
48507
24456
53115
54302
29001
35750
6801
36893
42966
23373
23643
33588
82001
90389
82742
20357
4436
46355
53445
19637
7952
62610
39606
2565
72001
63950
57425
12172
22851
82852
2549
65052
53414
54294
79124
51406
59229
36810
59677
23786
82876
46080
21832
50701
83126
33901
70913
23332
41026
15215
43192
89927
23399
44080
25737
29980
62049
59726
73943
4316
78399
60775
44494
65842
49199
10743
91640
36612
40684
37162
16
14559
33475
1887
54303
891
5199
71687
19726
54677
293
91018
83350
80715
70974
67101
78019
56279
37342
7134
73468
91590
61503
87528
18636
18636
70063
80980
70402
55676
25400
87013
39160
35228
25529
61740
30071
58108
6183
10604
28772
32014
70063
25536
6330
12715
33357
74
56728
66301
88305
84684
29286
31697
2993
88143
47639
20169
20889
50517
64402
39885
26369
86374
6008
7970
51879
32924
89405
92484
75776
91049
26697
5996
90557
13790
57790
33472
2799
29858
36609
53932
20943
50517
75584
62068
24635
55333
45296
24055
28604
32756
48223
53851
9906
56959
10271
59814
53932
77789
65610
64001
15849
26760
84505
4042
74303
28449
38663
25302
13076
57022
83084
74854
49199
80673
16164
32930
64933
12715
76795
47755
12581
24320
78018
54677
52884
66506
69132
89714
52524
32299
72406
79280
38360
10877
65345
22796
18984
19465
24460
16459
10741
7216
27651
3722
1438
36818
55634
199
70198
60447
1853
17971
89936
46233
47173
11234
1489
76908
49382
3551
44403
21479
48868
63501
64695
7403
30071
83640
76800
44048
48868
39297
20385
22142
18236
83737
20178
86504
57091
82289
28631
80019
71961
53719
63367
18295
53943
70709
7154
17822
60687
59956
40597
18077
3114
64591
12062
3792
13791
67870
69927
52731
30283
35494
28551
27010
43400
88065
7988
10010
65754
34508
84907
87172
57128
48440
79397
68645
22938
22796
7252
22142
84907
16443
20919
10757
6757
77216
77840
1435
20148
26153
6964
43234
40995
5977
29542
20385
6526
72231
10290
36848
89357
76647
61503
56728
81910
84191
89373
91590
70337
49104
88322
40718
827
46169
8043
10352
66943
30781
51563
48498
32725
63339
64270
75323
25854
2185
66111
32930
49632
23809
58365
77845
92191
55375
8237
8399
79911
13233
81442
47419
7988
58831
30071
72553
21888
48868
8732
34846
6329
23815
13136
45667
226
86473
89270
84233
33379
12581
88777
89041
1853
91358
70337
43234
36818
12745
87248
49415
14102
62445
60135
75997
15421
82134
28817
22347
25709
33207
78019
41053
91358
22046
10743
33207
61110
58590
81061
32014
85652
57814
75997
78517
53943
67044
35970
61685
34508
226
16640
32202
3769
46650
92470
11019
32202
15158
74513
7138
79960
58750
62412
26372
81852
1489
28810
49831
11358
6266
71201
63874
91489
66901
69106
45318
22347
77845
34493
36960
6323
81852
72639
8043
72465
70599
38473
60743
28551
77883
91956
76285
37039
49940
74695
69149
61001
81616
22667
80844
8590
38524
77216
78824
59784
31844
26322
5120
45310
26769
85678
46467
43723
14620
17822
64213
17166
32926
51360
39160
64515
24826
85335
40913
85925
82991
62241
50031
28631
6964
24320
84907
61668
51348
5076
35724
24717
63631
24921
12114
54489
12292
63443
78359
42679
89471
62626
66307
43790
23209
5547
62148
29300
12407
11219
66342
85317
3101
81315
51388
88822
65804
63222
24921
15533
40754
64064
67241
51886
59128
76111
21637
47678
45740
28514
21637
76351
75306
45003
27093
75468
89471
76864
88822
66435
50138
23878
565
86763
7422
13648
17767
15483
57160
36296
74229
3940
34634
6161
42698
12406
12097
49894
69770
36943
83790
24717
80008
78640
40069
10284
4916
72470
54868
21675
67549
2603
36296
49505
69554
77444
22305
58517
33670
5723
26028
3476
80186
714
52846
14263
19374
3101
48691
60713
50332
56207
51325
42698
69620
77444
71333
13153
1540
44783
64497
51621
55381
41576
36315
72008
52640
29752
74655
13886
71230
2603
8941
49007
51717
28420
22959
86081
47360
46103
66435
81537
29745
47016
44582
36946
47360
30773
92731
50987
1800
48830
65275
44582
27532
933
63056
84301
90683
76496
28092
52513
17746
35515
83214
86862
85496
13648
64583
48792
50987
37923
28135
82897
74628
92294
9653
1181
82551
90332
17372
43258
2603
8419
39708
47360
75877
40572
90118
35721
36315
36315
54452
31582
68192
23239
44614
26554
80620
54704
87418
66539
91632
69620
72438
55338
23103
29186
82799
13648
62653
88043
91429
61250
34529
82945
1294
565
4916
24761
62407
45996
51886
31886
52247
325
64484
87909
53278
30843
13832
11219
86981
4156
72168
90757
53278
23514
48180
52749
83592
1540
41356
44680
41749
69814
4798
49505
49894
73774
65318
91384
81565
46224
87843
40224
12407
71193
72587
31939
42939
59741
82340
7959
42037
63755
35544
61900
28192
7823
1779
23553
6470
25335
2224
44455
22755
8066
40539
6024
27312
22399
59202
2455
28799
38320
31976
39376
3101
25968
55133
34050
7907
3406
41307
69189
16963
3323
26039
24263
514
37791
60231
7266
67642
55552
86081
6064
74755
81777
39165
56254
577
3100
72787
35515
7422
63765
31422
83730
7076
84232
92789
34052
10238
3101
15600
37292
65941
10831
72404
702
18389
65275
3204
17919
22503
14012
24246
12292
54544
14904
39911
80485
73982
6918
47068
50030
69971
88134
28911
11893
8825
55321
26039
89828
12422
16523
2686
65337
4156
47816
47360
34634
34012
84247
9989
1540
53083
52846
1586
27959
86763
71610
38969
50789
45669
78640
53770
65521
91976
69770
15027
45819
65840
23924
24241
45209
76146
61788
14436
73803
39592
40069
25764
86671
19597
24448
14331
81185
17969
25298
51627
48647
54375
50573
85317
58351
41765
2682
71458
74606
71347
48334
3495
90587
48207
2085
10299
5090
52039
87301
2043
69645
6235
54225
10292
2077
57702
18392
27118
28556
83955
83592
35216
77376
52039
42981
56699
57702
60494
15680
30529
84301
25623
84656
41087
38589
48792
13648
34403
49131
30557
84395
85358
12406
75810
16862
47880
23228
48379
74412
39046
22502
30529
5723
54152
76351
60228
71193
12114
80403
69972
76405
40447
76976
36946
19078
39291
11459
75605
54054
17130
17919
92535
23882
67718
20569
1515
8049
41765
4156
74914
3476
10063
20668
73573
22146
65275
51541
57225
7939
41749
1980
21262
81314
44680
53425
58517
23878
2603
59521
18370
13129
84625
47016
15732
90357
73573
58865
4394
21675
3476
12615
82945
23514
47994
11672
66435
61250
6819
79014
11116
24921
80104
73841
68254
15680
42109
72404
28135
1630
69031
56168
83955
40754
32152
51627
52513
58865
10107
40817
42109
38815
38589
26554
57160
51014
17439
48887
59333
84963
48887
72438
4996
60494
16997
39291
91539
33213
84731
37285
10230
24592
57704
3965
23653
26912
30694
19663
23383
16489
58425
4585
27538
86090
65467
53712
92611
18937
13538
28916
49802
51185
41301
40885
68075
12515
11975
67463
6803
4474
39679
74953
44903
78337
45182
2008
25388
13967
58284
49031
1855
44226
85936
88586
4611
80474
54980
18078
85319
84284
52756
52273
88051
24731
55056
75447
47544
22992
64686
89142
47340
3435
73776
65481
21625
65206
51203
47340
50260
49428
37735
43237
89660
41051
22992
81340
18811
37735
28528
78738
22992
55417
42406
43750
28345
11168
13436
5683
37614
44062
79806
57844
65293
16482
72591
69431
58284
49428
62033
19043
51093
39632
59324
34245
18078
65416
44944
40495
56801
44062
28345
51203
73776
47003
35361
12666
72808
53651
79953
52273
77406
57844
58022
68766
43869
69809
78730
21393
86087
90895
38345
50614
64403
56987
17772
7267
23714
92611
60650
11712
16550
40108
65808
90148
32349
72808
79925
90522
28224
52273
4611
58024
16122
35222
83453
34788
29358
22003
60256
64686
36716
68352
22964
25950
67463
9963
63324
18794
34815
55711
36671
62621
7852
8854
7172
78663
41070
5340
30281
7139
35436
22992
72919
74500
81171
67115
48185
21609
25671
72591
68246
4611
36640
65030
16122
39643
1437
56801
33642
62095
8637
51772
60406
856
45898
13967
18811
46382
16122
47803
47601
26609
22262
10230
56890
58252
39910
49933
23018
60667
48185
61463
47281
57931
89142
56475
49315
28916
45890
19663
70944
75259
43970
42406
78538
29282
65139
81048
66576
63186
35948
8746
5653
28322
52418
84212
43930
28938
79649
33243
72808
68334
4991
4444
85218
31773
34488
31773
40885
61842
47387
33707
46972
81153
79874
15873
75816
44226
24592
42240
49375
31453
42272
24847
16683
33645
11818
42406
69538
9518
46382
6821
31856
92582
74861
66576
65354
70295
2863
34464
57815
73325
28088
47224
89946
8744
52742
50928
80930
90472
17176
28630
75614
67648
38549
57074
82880
89759
47018
16574
18218
2000
3988
1995
80050
51838
14656
6349
73335
64852
20716
66591
69019
35556
11557
11137
5152
47018
70565
29052
28382
88549
68799
55082
23429
63716
22337
62037
16314
34464
16314
56424
37962
33206
76697
61077
30495
59945
13131
35052
11137
53648
34284
14387
29104
92497
65784
88749
65598
86301
40581
78774
68928
86255
35069
35354
63861
85610
11334
59945
6211
62223
56223
77284
68634
49988
89787
16959
87181
57233
77284
20716
69675
79777
79777
13478
29810
58910
90990
53449
43458
64105
74241
9008
76697
50353
25443
16024
67674
46443
63736
70079
64006
1943
5599
117
6487
79777
35354
61077
89625
73074
43536
74060
48179
73887
91569
20775
85610
83747
56671
29981
33937
32277
23784
-1
42844
-1
19237
-1
40566
-1
26606
3714
89457
-1
72492
25942
6374
9103
-1
-1
83684
84597
73402
22907
65955
-1
-1
-1
47860
42670
-1
10844
76353
57521
22883
48050
31921
75098
60433
48810
-1
-1
-1
80621
64444
77331
76573
343
86513
72504
9018
-1
7517
77924
8652
-1
55108
-1
-1
45705
40805
9074
40812
-1
28904
-1
-1
-1
-1
57610
18994
-1
73654
-1
-1
87185
47909
35187
-1
21646
80085
-1
43522
62320
-1
35367
-1
36599
91214
71244
64934
74702
-1
75225
-1
19674
-1
-1
62464
32934
71915
63314
-1
62498
46052
19902
-1
-1
12193
39901
-1
90896
-1
-1
43990
3332
-1
22405
71244
91628
-1
-1
35240
45529
25953
-1
-1
-1
57957
68113
23663
-1
37373
8518
-1
49075
73373
25953
47909
72297
21068
66889
29632
80096
72339
-1
65460
78792
-1
27271
18421
19714
48632
50049
-1
30568
2449
-1
25763
40512
-1
-1
298
57838
-1
91914
-1
89577
33179
82334
13329
70108
657
78792
58372
15341
62175
45335
30825
62321
32620
69363
-1
4345
91202
-1
73418
52182
-1
4210
-1
87989
48632
64032
27874
28923
86536
36853
-1
49034
-1
29536
69155
32996
33081
74769
-1
68376
-1
60078
83873
22149
-1
32353
-1
-1
77510
-1
41039
-1
5104
-1
-1
49736
12860
6926
-1
-1
-1
37808
-1
-1
85603
2535
-1
27754
54016
-1
-1
60850
1407
23579
84843
-1
42902
91702
27176
68618
-1
41390
79650
55515
-1
72281
9150
28653
86054
22575
-1
12298
50401
-1
-1
58832
48220
15791
77163
69099
-1
-1
80664
-1
-1
-1
58061
70226
59912
1537
12537
-1
-1
40938
-1
38351
88689
38399
-1
37517
-1
2723
26317
-1
49715
18967
71180
-1
63352
-1
86979
69267
-1
62463
42350
68723
38502
-1
48685
23092
44200
49715
78396
-1
-1
53006
-1
-1
-1
78255
17218
-1
6507
44285
74940
82095
-1
52249
67111
87345
8977
73203
33582
2618
72897
8977
92656
10001
62390
76122
12034
-1
-1
-1
-1
49503
-1
71533
-1
71051
55190
34070
81182
40203
-1
-1
36641
-1
45045
59849
8867
17667
63405
34075
41907
85467
59309
-1
89333
71894
-1
23289
29666
25776
75718
72769
75883
5666
-1
-1
86021
-1
-1
-1
89333
4826
-1
21760
-1
40598
27372
72926
22377
-1
33239
-1
88290
6312
71894
59557
54271
24433
40598
26452
89928
77850
7586
-1
-1
-1
-1
-1
57482
25800
61514
78405
48809
38056
-1
-1
1698
90377
32998
25721
31317
-1
2778
6789
-1
-1
43625
58985
30059
-1
75203
22655
51645
92021
-1
-1
39411
44268
6939
-1
-1
16797
49702
44378
86431
87123
31096
-1
-1
-1
-1
89024
-1
50698
-1
-1
-1
37553
-1
62813
-1
-1
-1
52365
78779
-1
52481
2824
62384
6736
-1
12112
18571
-1
-1
7581
23405
17284
45551
-1
17326
-1
16505
75664
72936
-1
-1
73894
45812
28107
-1
69
14864
30152
27164
-1
29453
1629
30783
16388
8755
17422
-1
45735
45633
20643
85162
19398
7281
67368
75936
17043
59604
11399
86995
-1
59855
66189
-1
2388
84000
-1
58566
-1
-1
-1
-1
-1
56821
51434
10459
31793
57398
52694
77815
-1
20106
8910
-1
57602
49206
24573
23996
85732
10420
34209
17583
35325
85174
76651
51642
-1
74309
22401
66233
-1
73047
79515
-1
-1
84465
45866
35821
22685
-1
-1
62852
55556
69885
61869
-1
83305
41895
45203
-1
-1
73725
39398
2764
59495
10071
38995
52213
-1
60456
11299
80953
79866
-1
55650
-1
31878
90858
49689
-1
-1
84651
41809
83759
-1
-1
70135
17148
38985
75764
66988
23087
-1
-1
24692
72386
62724
19392
-1
22005
77489
67826
77489
13283
48908
11859
20814
-1
77599
-1
31380
43524
53797
-1
73194
41056
-1
18931
-1
91432
59965
38254
62391
21130
-1
1309
21384
47320
36469
46594
49695
63439
-1
82901
62540
31380
29198
87940
68962
-1
78909
-1
-1
43504
33630
22889
21874
75248
32632
74360
92185
-1
68718
9982
63892
86855
71405
30835
-1
16419
-1
12916
9338
82536
52894
-1
53387
-1
32018
82687
50875
-1
21662
80778
84172
85377
74198
-1
41826
-1
-1
-1
-1
-1
-1
35449
-1
26945
-1
68644
-1
68820
-1
38872
6144
1960
-1
66423
36029
72129
77810
-1
-1
-1
45552
65365
83122
78558
81898
72937
86113
81636
44882
34276
22924
88973
59299
-1
-1
89999
49001
13603
16318
34899
-1
8470
16839
-1
62664
88432
-1
-1
53655
60853
-1
-1
14866
6683
52941
49224
65651
21868
75190
-1
-1
79622
-1
89190
-1
22628
-1
59631
40037
-1
-1
-1
87776
54293
-1
22628
3540
6909
-1
27059
-1
38044
-1
-1
85793
-1
-1
62970
-1
81391
-1
27738
53977
41351
1355
74906
-1
86006
54937
59655
-1
-1
-1
71752
-1
-1
-1
23838
-1
69551
-1
44245
36939
25079
-1
82745
22829
-1
20454
-1
-1
33233
45573
-1
20727
-1
34072
61865
52342
-1
50455
-1
-1
26707
-1
-1
33602
69184
53130
51167
81124
-1
66271
90179
-1
44793
83912
-1
-1
28282
14076
42096
35441
8671
16190
89508
59160
10605
19853
1121
75578
51167
67103
1290
-1
48489
-1
66171
-1
50847
-1
81219
67103
36111
-1
84546
33233
-1
-1
58944
-1
-1
53444
-1
-1
87709
3976
40596
-1
-1
40690
92442
21325
-1
19344
30604
-1
-1
12389
90184
-1
-1
50174
1419
73346
87299
70498
56740
-1
-1
52808
-1
62420
16076
-1
-1
826
37677
2270
45780
-1
85935
40878
4356
-1
79341
72799
-1
44141
23699
31759
59598
81329
75543
21344
47737
36311
60678
19922
-1
68692
56740
11328
91642
18274
-1
86047
53277
59982
-1
81460
19553
-1
33045
-1
64217
1499
-1
61566
-1
31376
51485
55106
46160
21217
-1
-1
52485
73377
26858
33100
36272
48544
19835
16161
58050
105
-1
73094
38223
29760
-1
87292
-1
14671
1020
13820
1921
105
76428
87790
-1
-1
-1
-1
80925
55826
88908
-1
8111
77783
35642
8289
59982
-1
20113
58255
-1
5202
41916
61521
8564
45973
8606
81093
61318
37532
-1
-1
-1
-1
13307
66779
85187
-1
54087
65982
61245
46611
-1
25945
56361
61938
78357
25500
84362
