14354
90700
37789
24476
56546
4831
32722
24476
48817
30851
52247
90990
32722
48372
24476
90990
24476
92236
65884
50172
64683
79997
50172
32722
84982
6337
78851
67089
30775
48526
35284
73750
23348
51642
14354
32400
73194
86730
73260
1831
1831
6684
87016
4056
14080
30544
1424
14080
57153
73260
73194
7255
83669
41963
80136
32077
7837
72370
72012
7381
7837
90990
65912
86395
65912
8363
80613
88398
54558
90990
85658
72789
61245
63224
26645
23348
23348
68442
65298
73882
22036
31747
33511
33511
70296
19464
89092
8186
31293
73882
33511
31293
17045
76297
80353
15417
802
56721
61336
76297
76297
85562
57541
52036
44460
31293
1381
68485
18033
7116
31293
55314
30643
68485
42743
16795
35983
27929
30698
70455
42743
62336
11157
91691
68331
18903
60941
82282
77893
45028
77893
15794
42743
12798
87256
14354
76138
38519
55234
83968
14563
17662
34036
90024
62737
83968
85010
85930
71297
71297
11016
11016
39251
44078
24476
90990
73363
9416
61484
23564
90372
35615
90990
2912
91217
64198
83134
68111
40456
3946
29808
8644
50227
40692
10915
14444
14444
75808
79634
89858
60323
75173
84692
5972
21010
12059
5972
52600
17119
17500
46935
84692
65494
27474
67236
40380
90999
27474
13118
19230
5357
52894
33071
90381
14444
35995
40941
77615
77022
82637
14444
47188
24986
72312
33056
72312
23643
74722
27799
10249
46864
40079
33056
82622
31224
49488
49769
7401
24604
74722
63966
3368
24412
56273
9660
35267
4384
24500
39180
70171
53260
26141
31243
31243
38586
60204
24986
42748
47188
63177
75098
82637
77054
14444
82637
79634
24986
12716
91217
15486
66388
66388
85738
617
77393
87812
18562
53423
12086
12086
12973
74963
78936
46668
32761
53423
76713
5633
48008
74125
74880
75264
28166
74669
74669
48008
48008
28166
1980
40964
10644
1980
63984
57217
47186
15486
21240
28309
27322
30440
90990
65275
41868
82569
7932
65275
46384
46384
9697
31056
62302
62302
35622
74201
74201
46622
45329
72698
59201
42741
43057
41027
84909
85604
7716
22864
5588
5588
12488
21172
16830
9706
16830
42435
42435
29569
7357
34060
3417
18787
40931
14354
18042
18042
34790
29856
70398
8821
23348
82244
30183
82244
41132
34819
39680
18706
27762
90990
86922
38885
26645
67458
67458
77649
38286
14447
14354
44486
4918
53747
4918
67306
82574
23389
14354
71280
87361
74545
7823
82320
82745
87166
56418
89856
23348
76889
14526
23348
90899
3598
48117
30460
2079
44495
44495
10797
29522
79501
33255
55786
43501
49874
36732
32498
55951
30344
31218
53440
68051
69458
11381
30936
68051
27534
8283
45488
22829
89153
45488
21429
40598
15833
61069
48117
67017
10797
32498
67017
55951
42066
73554
73554
6242
37112
20711
6242
26022
22211
55745
35680
49666
75999
21910
48673
30004
54814
62211
6242
72221
28274
41333
17963
17963
72221
30606
1609
45038
3598
15520
38862
10231
38862
67017
41426
31408
55951
43340
55951
10797
74724
76706
67017
20247
52309
43340
610
89482
42548
85807
89482
50170
5517
36084
688
92641
7252
13934
92641
4302
68619
688
90760
85807
41424
25818
63983
91908
83578
61920
7398
229
84171
7567
14818
8211
6318
22541
73078
54137
6772
688
35111
27434
36064
46858
19833
55951
54955
58317
5120
14069
9240
91753
27280
70259
5120
31876
82917
10093
19197
10093
85991
28351
18334
32679
82892
31876
51724
42967
75125
92618
10870
51724
32278
29997
5000
74342
51724
2210
69305
45445
45445
60704
5182
44066
56091
1754
32498
64232
92187
27927
63788
3598
32498
6507
74711
74738
67017
38538
40006
41800
60492
799
87470
87470
71163
11750
3598
7878
14162
34021
42791
67261
8166
50703
50703
50703
48627
55358
26386
2129
26003
50703
74589
91135
11607
26003
45135
66305
75356
80635
26003
66305
8166
7724
11637
83117
7592
22385
5252
87094
8198
59736
66305
70766
11286
60426
61235
61235
78626
75604
40188
64383
52903
80635
8166
66305
10862
66305
55621
75231
863
70927
33187
47406
38843
55621
53148
85811
59631
82331
1902
1902
27554
70927
69947
55621
27116
50703
54931
89803
25410
46040
49145
49145
61347
61347
14040
32227
30625
39562
51842
65051
71014
32865
32865
34576
31195
5309
26003
90868
57658
21699
82954
26003
66305
49516
66305
80635
5955
27155
27155
84344
27499
19846
48969
30289
38181
15270
40140
53266
85536
2495
40140
21189
49851
47567
71762
77317
30916
30068
74021
20480
61305
80164
20480
8690
83182
8690
23000
20480
41350
21565
32038
32038
14181
77522
22070
82864
91182
75752
57081
15270
5955
34236
73851
77317
27155
3868
69254
22773
6301
33656
64085
81618
26245
87629
52271
6301
34488
40613
14905
40613
50027
30611
17254
3868
14262
50027
81618
50027
50027
32368
52277
86106
78389
62982
20118
29666
92198
75043
55657
47935
8364
86106
66461
46023
50967
14708
26595
67985
26645
40172
25238
931
3337
87622
8991
89779
73054
84535
43504
90137
56922
14354
72965
72965
30485
9209
14354
25141
40116
3403
61791
11314
3403
84412
83562
41556
53036
13572
35023
78048
17460
88979
74671
41485
16075
69011
71841
69011
37395
66924
63319
30244
67683
68263
67683
81085
92369
26149
33323
81056
15155
15155
15155
62156
60641
1571
7784
78234
78234
26820
17539
68959
29537
76398
72257
73350
61906
61906
82344
14673
30277
26645
45227
45227
68696
28404
21245
14354
12942
85240
14127
43753
85240
23024
59032
87676
69442
73531
87847
29485
87847
76615
90479
20557
51936
6009
86149
42639
26401
52578
67327
14988
44112
86404
26645
25728
40494
88512
17040
66509
24794
14354
43530
72689
7740
70713
36901
85072
60038
38957
49238
49238
40429
57101
43530
21843
38957
26616
37450
37450
38957
87062
87062
6368
87062
77255
63263
10264
10264
44565
76646
14318
14318
31960
76646
63460
6804
56456
15705
85208
43530
89119
38957
85208
36657
36657
57752
90591
92215
41260
75836
81403
47180
73986
36657
88352
19643
5440
5440
43802
62749
92267
33976
36657
57752
56569
48885
29759
48885
35421
24342
90098
83532
18428
13718
67747
56569
67317
59714
16100
35586
7977
65077
23219
58061
85208
23562
69008
56569
85192
84319
43530
85208
19278
40479
6806
30529
89328
31977
40596
71714
58661
9020
66588
74600
28042
80420
23450
28042
77972
74938
15504
74600
43858
43858
71176
48386
76864
20805
38194
50755
65163
55134
82053
41714
24213
43858
57737
38540
812
30854
76358
88403
70725
36288
83436
38087
51475
12333
71176
73557
43858
45791
33392
87425
89073
15824
29464
14837
25966
34743
21906
34743
12670
75953
54172
54172
21906
85164
33302
67631
11376
74835
21906
45791
49123
17480
55585
84371
65213
53216
82417
58999
22595
57611
36410
69321
11679
11679
26959
18185
85328
28503
30415
446
51765
49123
22574
22574
69737
69737
83106
55739
43530
22141
55753
34222
11925
11925
24968
56569
63015
8818
78111
81649
38769
30580
36013
1918
61600
7944
74759
71741
71741
82101
36118
7871
23960
60052
27855
30580
67807
32743
30580
71741
13723
81216
10134
85387
5
76655
19310
53676
80887
85387
70373
10195
70373
70373
8236
41119
57014
38706
60052
45268
72988
60052
60052
58142
27960
22000
9259
92386
69394
86549
45127
45441
55824
55824
87130
39030
51426
25616
25616
53789
15460
32495
13937
77997
13971
69156
80310
69156
70827
40069
52170
4256
4256
80310
72825
18727
80310
21654
46180
36755
36755
13935
44135
22918
21996
4237
60052
89646
66069
89165
82915
72988
71741
42033
72988
72988
60052
44089
71149
56569
59977
4897
37706
21053
11487
20615
57837
59977
31705
29322
38476
56912
83478
72361
29322
51630
76260
61353
70310
82871
31705
88420
78922
84055
51059
47177
27232
2239
17312
78922
71231
29322
41604
17930
30316
69467
3262
12366
54718
38547
56598
82871
21682
82871
29322
82871
13735
89317
13994
44712
84
32688
53870
17959
75338
36631
30448
5374
13994
16391
61027
55124
16391
63819
83573
7544
64669
19742
89317
13994
89317
65670
65670
28798
68141
66608
623
64015
65676
74769
65676
26564
64015
21082
17074
85309
15182
55443
29544
17074
37450
34018
55924
85208
10386
21162
52307
54307
54307
22237
24405
37074
64305
37046
74958
35069
37046
54447
83223
73113
45304
24968
17596
27833
49189
43281
37450
55997
24968
25478
77673
24405
86852
50107
16618
74543
74543
32430
4235
24968
73618
29874
43530
43970
79928
38957
31743
15853
28525
23783
49872
42540
56569
29311
21892
25099
57148
6467
64164
80675
69019
41715
18165
41715
8418
41715
36936
65174
14119
34200
4499
9654
69019
41671
36936
69019
65174
11316
2532
14207
7301
63065
82045
40147
68337
63065
40213
36587
40213
65849
68824
29098
29098
35052
15555
36936
69019
92285
24696
41715
69019
77486
68636
2704
48546
68552
7141
17168
69726
77486
23658
58362
80980
53307
80980
58362
70666
61269
8078
20279
45781
77486
3180
90895
79770
48070
800
60622
55084
51347
55461
800
81131
56625
63115
56625
41715
60809
3677
43209
57960
35052
89183
84802
78745
41715
46331
7907
895
65174
733
48556
41715
6508
52375
27916
50419
14234
48649
60527
6508
24092
56591
49144
69330
514
79558
48044
24092
50419
25528
37930
47532
52375
40426
47532
68228
7429
58880
54466
75078
75078
27988
64556
73659
73177
73315
62917
15755
73177
38671
33158
2314
6508
46807
21656
24092
47532
22863
26041
70911
24092
63292
41445
24047
50723
24047
44269
14842
92209
92209
24047
79055
8438
54702
46764
63565
82641
25494
44696
90176
23830
75225
92209
92209
91755
67433
67433
46753
32620
36206
79099
85693
44033
75439
91755
82711
41715
35663
31841
61208
27744
89052
43259
27840
41715
35756
35052
20709
68964
19209
73753
61148
16958
37985
65174
28192
76907
65174
45994
11187
26662
82000
68027
58913
11997
46784
72354
65174
87352
82787
43259
48569
55285
8384
29480
80788
57966
90769
38494
59975
85954
9435
58540
57536
39340
91588
58416
8471
18110
80788
80788
9435
46022
49390
49390
9369
3142
57712
30463
64623
66745
79923
64623
55285
75369
75369
86325
80665
73181
48514
33121
67789
26061
46022
50705
34322
71818
33121
22672
80065
14298
33344
6654
13210
30845
74607
25302
25339
9379
2376
56366
77428
53287
77176
78676
7266
25339
86745
25339
25302
63230
16711
16288
68299
68299
47268
41825
48114
40691
43546
40151
41825
35118
16711
88597
76448
33844
81165
49406
58368
75061
65811
7325
10025
55285
67517
33929
30586
46022
16711
36885
33121
4019
16004
5733
16711
46022
88175
88175
42610
37733
42610
63938
63561
29250
29250
39417
55386
88175
27130
39901
56463
76151
66717
85942
81672
32252
30324
24732
52844
19063
19063
18589
2216
62558
17067
61873
63397
45279
4965
44479
63912
31785
30431
45279
88175
17135
41820
63618
41820
25181
69439
7547
38977
7547
84364
12713
63938
12916
68645
19063
5157
63420
60042
91648
27220
1025
16977
92205
80645
36602
63201
28609
4807
13609
21434
85597
2480
23877
39270
463
23877
78681
42857
61164
23877
40743
69005
72449
83306
48368
84222
59574
8182
26864
23348
23230
55432
75298
23127
31722
2825
18627
7831
27745
23230
50717
33671
74588
63548
68800
52526
40779
14731
65265
65265
8747
59987
8747
32776
34420
68800
21258
75378
38797
63644
21258
38797
378
19923
55155
30276
32689
59297
59297
15653
56502
9034
79600
48009
50627
86115
46120
64905
83846
8712
47023
86115
49128
41978
41978
33153
20232
33153
65934
4907
4907
71695
26378
76242
25992
85990
59676
39213
49280
63206
219
219
67824
44300
17995
43190
90183
57500
70815
17217
17217
17217
17659
67445
22785
27213
65434
17479
61647
67535
27111
56346
12587
55238
74837
91217
4454
29227
42903
21660
73346
12501
29367
28599
81594
87973
2622
17951
92372
50945
3348
16569
44487
74081
62382
62382
71401
88286
17951
10299
17951
34974
88653
6630
80435
86830
8395
71966
89100
44387
14485
26645
38849
44965
9875
88720
20635
92253
68385
8706
5926
8706
74225
8284
67101
67101
91217
23772
23772
68680
51770
86929
224
35808
12761
39629
89377
33236
40900
26645
36778
36778
62918
78679
36778
87386
88240
22513
56230
36778
49128
41642
45372
41642
54446
66185
50630
30469
40633
77547
12390
28289
76553
43347
75868
25649
75068
75868
84962
9806
42880
90601
86936
55853
84962
53983
84962
80893
54585
71617
83066
69835
80893
2889
2889
37437
80893
92630
10474
83066
49128
56970
5856
5856
62472
32881
90683
37705
43524
91722
33987
32881
89475
85842
53687
50372
89475
66152
60698
87991
60698
13728
66152
15974
90990
31429
69928
21192
88381
92297
78566
17702
7422
52217
15104
88381
72428
92297
14580
14580
598
70269
65641
64712
61919
67194
27880
42727
15254
70269
33013
33013
19706
87070
33013
45543
87070
33760
61001
75580
15776
15776
7095
72780
40340
87070
33760
26876
64806
60058
89877
26876
85515
17765
85035
26876
44597
84493
12536
10522
23362
23362
48997
33013
61001
54740
13479
70102
3563
75446
75446
33292
83475
75446
37877
29747
5140
64327
80520
1817
1817
91828
54408
21625
4957
75270
62273
62273
14578
14578
48200
32769
45605
11743
48200
14588
76166
77237
80230
65719
35467
25307
56758
12931
50358
92422
33760
61001
92422
61076
92422
8583
39185
91616
3563
28098
20984
75467
21990
13598
58154
51244
71767
85228
20984
61773
291
18683
61773
291
14740
11754
50724
89654
20984
22940
85228
91929
87192
48137
15239
57860
79878
67149
18590
57428
55769
11295
88170
88170
15972
66085
13101
69369
13598
13598
81842
85228
20984
8672
49965
58336
41325
61553
3304
65066
30080
76633
61318
65066
89054
83294
85820
92593
34823
31533
3339
85393
19304
43222
81227
43222
41325
32001
62352
75740
73097
92259
32001
83720
70309
32024
27689
67766
30554
35997
46340
74752
39337
50639
46340
53286
30872
30872
53059
33013
68947
81722
4064
33123
49468
67812
17540
92422
81159
92422
79931
53633
92422
42637
92422
26288
8583
63576
92422
49648
66517
29397
77540
92552
29288
4756
10768
75523
67320
14878
18583
67320
12115
55543
75523
14878
52674
69885
27985
69885
15081
71845
8355
71637
8547
65745
72182
92447
60821
44983
27460
63816
29073
44482
73985
9069
34608
32117
9069
83329
83329
74350
65572
60404
67320
55543
8547
8547
10768
8355
56585
43199
16682
53551
59870
20754
56585
16682
11757
16682
47068
76854
48950
9849
42756
27422
86440
49788
70976
33803
46440
76805
80068
65628
67420
63275
12035
72848
78040
42794
78040
71505
5816
67420
9017
23674
36326
23674
37519
37519
876
58420
10768
40611
12414
14627
1356
73452
60023
85294
55543
8547
8355
67320
41364
8547
71932
5009
8547
30909
30909
5360
14100
73870
6986
14100
24510
19828
77270
69250
68540
48379
68785
30909
50222
39036
14429
34233
14100
34233
37095
17381
9406
23411
9406
33154
28054
46463
48295
71083
37039
43559
17833
33062
75866
33062
33062
20171
7365
59668
14100
14100
14100
67297
62094
30909
14100
45648
7640
47625
87715
70044
46539
80925
24048
40021
22942
87715
87715
50316
54090
42128
1534
17079
5744
1303
1303
87715
48683
87715
46539
3563
13375
33605
3745
59182
86371
79270
79270
324
15541
9534
10046
91842
45703
632
31832
68539
48263
39236
33013
2667
58336
37340
899
25416
25416
35458
52415
554
89309
9372
9372
62909
63651
53865
27973
44815
36291
58336
85059
11774
48021
61159
14730
54321
79917
92175
57831
62551
68978
47010
30034
90443
54730
3563
25058
40625
3563
9863
33760
2596
67970
68090
54602
11586
25006
25006
45754
30795
25430
30795
80777
38789
38789
50096
82056
3563
79946
431
72498
27598
58778
40712
32496
37016
74030
40677
42223
42223
48505
67524
23294
20616
33211
23294
74030
81427
68700
42407
9585
20270
68700
27641
9163
38186
46742
22536
67900
34020
34020
34020
80434
26704
48836
74030
23294
23294
57245
79946
22786
66910
51985
51985
41331
42020
81444
75452
10415
10326
30129
30129
35883
66989
67916
19505
67916
88397
64019
63512
81444
78513
51985
30129
54896
56656
68981
46447
17955
195
79532
54896
87936
5014
87936
74935
87936
79077
55902
9967
90672
90672
37536
74030
79946
81427
72498
81427
74030
33420
16762
71687
78073
31463
38311
77207
8868
77670
48841
77829
77670
26056
8868
15731
80090
80090
70608
77207
52191
48766
31199
87467
79761
77670
14131
77670
8868
89096
45661
71302
34918
16067
89096
27002
70135
89096
89096
45661
45510
77995
38098
45510
83470
78138
18186
71160
15608
75687
77670
77670
77207
77207
52542
8868
38991
59043
23708
1090
1090
6921
67815
42094
67815
59043
4813
35127
49100
49100
80329
80329
77757
49687
86993
57750
81991
6921
6921
16836
74030
77543
28742
68893
42674
77543
68546
48777
15162
78478
38437
59621
81792
35463
70773
28901
43322
23294
15079
431
86431
23294
77224
39932
431
1198
38311
82082
4569
37780
46227
68834
53199
70702
5113
1083
31903
38311
59723
28110
88981
81603
23294
65050
20620
79721
49963
3063
73169
50130
42447
81988
20433
9439
9439
3785
91609
52692
3785
10091
71328
25954
22976
58786
19455
39905
77916
82914
86363
87675
12156
36589
42290
5380
27894
18871
73611
38010
79421
79421
11190
66000
3063
26097
78139
18758
53650
58786
42447
3063
14296
16352
53899
82292
12139
54824
11368
54824
82292
56842
78197
38349
2984
82292
91975
87293
68242
81734
11362
87215
87215
77886
82328
31999
29231
22598
32296
79342
1349
46967
59042
49008
63830
5064
49008
48225
57671
57882
18269
49008
38155
53899
19254
28583
58693
28583
70537
53899
40342
3063
39480
58786
28258
64648
16352
42447
79425
16352
16352
9439
16352
16352
58336
32957
3245
32957
81964
32957
25763
27543
29705
61688
32957
77765
77765
30217
10394
16882
10394
33184
60996
4250
16881
33184
3295
80754
29705
79349
79349
79122
75751
9324
951
32678
5699
61767
49060
79349
26491
42299
83955
41329
42299
23895
6811
34893
35250
25807
35250
70574
4346
77765
77765
12241
79517
22793
29705
83636
57458
311
4329
50588
4329
57458
53377
54799
53464
67499
4329
61077
53399
82783
88852
33884
32153
88852
41769
29286
8344
53138
29286
4047
62896
82783
82783
76771
61077
49479
87033
48213
53653
13933
43837
68860
41813
14757
14757
16275
13933
81569
83210
83210
24308
34181
43033
58336
6585
17658
83146
30621
25167
36648
17658
14352
48704
4802
34099
71878
43607
32913
43607
41224
35231
33760
71252
26134
71173
26134
46322
30005
26332
8658
69505
81380
6204
42599
24485
88221
1235
66957
24485
92422
84400
75683
75683
44919
23394
75683
36270
78103
90816
19453
3224
46229
90185
12963
10
14076
8920
58088
43191
8583
19583
33991
84704
83059
57388
69921
70997
67064
13400
68814
13400
78545
40364
17733
5690
41493
17733
68468
68468
43683
18069
55807
64922
43683
17503
49901
17503
33232
69171
87297
1372
43699
47964
30483
81079
51969
42071
6146
30483
46683
60751
1173
7152
87206
1173
2568
3563
14657
18030
44459
37839
32765
37839
15738
81806
39878
48540
6157
39878
72360
19907
71048
74057
60762
85169
9700
62093
31307
4865
4865
62093
6472
65324
33947
62093
16600
62093
90055
61794
76798
29701
31307
55658
31307
62093
18486
85696
71792
8334
23493
3167
78839
71792
44522
4865
79188
79188
69697
558
31307
66316
80424
60650
6364
18486
9252
91644
16600
16600
73901
73901
48750
43284
46634
73470
87807
43284
43284
78862
88430
11301
88430
28252
41699
44657
64753
32485
61053
61053
40933
70018
62201
11641
70018
70018
90145
66413
66413
68816
92381
62201
61922
26004
9321
61922
3713
3713
37321
37321
85318
88868
53972
61328
16600
36922
17408
4865
64026
63457
90428
54230
28197
91909
91909
63453
63453
43830
43183
43830
21187
65944
63453
40860
64886
23344
40860
64259
6328
77634
49053
91909
65944
63453
78775
76698
59351
87916
29095
26773
9153
29207
59351
43706
81898
31481
62260
54134
25288
66593
13084
65944
65944
63453
89739
89739
28197
32481
51568
14876
25025
67163
20348
54510
54510
67163
46837
79787
87505
29400
3821
43523
91380
89285
76893
81428
31147
8674
15488
41569
79787
20348
5670
19011
5670
63327
63327
36
26086
36
10435
5670
6141
87413
31307
90808
1587
69657
59947
35946
23876
62093
76420
70448
53972
19975
77185
77185
10155
71168
16636
65723
16600
53972
63457
67399
70777
70340
64749
28555
23169
28923
45919
77391
67717
39298
74793
86215
56821
1656
79557
10891
44799
43511
89624
49741
30423
44799
9910
74797
91076
63530
4308
13002
35536
10571
35536
89624
36195
48617
4308
28317
48617
4308
56999
56999
56074
56074
36528
78957
72574
54789
85976
17462
55367
65578
85976
13865
3066
48617
48617
4308
54789
54789
44799
25498
25235
89624
29528
81257
11060
79432
2030
1231
42899
2217
43621
79432
143
39804
26136
87899
77785
11125
33958
59238
70272
43621
43621
81257
34740
10027
38103
58554
38103
58554
58554
41068
73865
52807
21930
37232
58554
34909
81843
59711
1814
87357
58444
62078
28480
77342
11828
87418
10891
89624
17597
4308
63105
4308
35783
44732
15904
74650
30776
17597
69860
1656
49517
54180
87355
66249
6816
76030
77218
27423
81442
58725
58725
53457
68239
53457
53457
46474
48903
39784
39784
14983
51373
59972
74186
64247
59972
43143
52149
85236
66469
11324
43143
63372
65369
25465
56033
30141
30141
47813
44324
57780
31215
47813
10288
65948
55896
55896
18949
64247
76030
64247
76030
82241
64247
64247
22180
22180
80009
36606
20391
11185
68246
46193
5302
46193
87401
82617
11185
21592
16183
52701
87461
50219
25264
81669
11174
42282
17361
3455
11185
82617
11185
83857
36397
22039
38572
87646
50701
35270
8980
84133
73749
35270
82491
36397
35270
35270
86452
76892
54705
74468
53080
10938
74468
86452
1279
52398
51434
49490
3989
88609
64989
58671
14824
1656
64223
73122
62225
21490
55392
56843
19698
75044
73326
20026
20026
13209
51374
50575
10849
68038
63114
23840
62011
10107
41871
15502
12138
10722
1656
60912
71622
24108
74101
34770
23319
62565
30731
44406
44406
16737
877
62873
57669
14576
57669
74003
11577
38364
57270
58885
84794
1656
47978
57202
30024
33227
66124
25233
33887
58135
28064
27630
68795
15538
53014
76122
58135
58135
40341
92333
85925
46262
88610
14825
24535
14825
58135
58135
24737
24737
90214
86005
51053
66689
38378
79162
67787
4566
44276
44276
44276
63671
20808
46428
62265
71113
16780
58135
58135
5429
49272
46262
58135
33551
33551
33551
90850
64166
80687
63249
20387
9994
8498
33551
5339
25827
30358
5339
24390
26794
81761
5214
92481
43604
36932
43604
43604
46952
7018
73892
16284
69314
16284
6312
50568
55810
16284
74784
74784
41934
59996
92050
80325
59996
57120
25233
63098
25281
19080
29230
80839
33887
58135
1832
27630
87704
25233
78069
14825
37305
32255
25150
84648
8541
71113
65617
2164
2826
91529
66629
49031
88775
91529
63712
91529
43306
20282
57945
55943
43306
51751
39276
3302
3302
88775
39347
39347
65617
65617
20838
226
58079
10838
28
50282
42196
60661
14628
45928
29498
10318
37634
92561
84514
35509
91529
91653
68312
20227
31767
28476
3306
48045
92452
23718
3444
85606
3444
25372
81123
4512
55772
82620
20307
82620
57418
19681
55772
4512
4512
60750
33614
41317
69696
69696
60750
4585
31389
38448
55072
64212
22719
4512
55772
52877
71113
88928
79678
85069
92071
18637
28594
18637
4143
61916
88186
92605
85069
15674
61743
19682
15674
18031
15674
55163
70089
53258
58905
16281
10881
82485
46262
16503
65408
84024
14952
90136
46262
30521
30198
73572
46262
58316
936
936
17113
52794
42531
11161
27630
25917
14226
14226
89090
58478
23114
60843
74267
91217
38743
51079
45960
48664
45960
90707
28395
60419
61198
83468
19551
26033
41557
11036
67939
78464
12943
23532
14264
45960
70588
45960
45960
49448
72857
51079
19720
31106
80181
21742
19720
593
18343
71015
70356
66962
19720
71015
19266
21036
19266
59074
1509
23943
44413
85030
44413
43367
92527
12735
43367
19671
43367
51079
19551
19551
51079
82662
49068
83829
18250
11708
11708
53925
46070
69994
87247
9767
8651
11708
31540
42152
450
90217
69372
36000
66883
58804
58804
16415
9319
45742
9319
85062
9319
62356
46487
51131
77098
81684
89173
21937
66331
15684
44498
81684
70879
62356
51131
74558
74558
12623
14403
611
45523
44412
18977
43367
39053
24758
19671
60524
7810
22949
13428
78691
22302
30334
63627
47062
45960
19551
86366
619
83523
2061
73783
38709
89122
85660
27212
36786
49423
74343
77804
46697
29003
45165
38709
65645
65645
74200
16718
41269
86055
45708
45708
31897
84263
84263
65645
54950
38709
43021
1391
66586
34040
41794
78021
41794
37259
41794
33261
88721
88721
8089
84852
66216
66586
14834
88578
48291
19451
39706
37919
6057
41184
18466
41184
37144
82771
38709
12116
91576
1391
1391
36819
59849
65645
45665
92410
4486
19
64366
67199
88794
26680
26680
21452
24188
45665
45665
90827
91326
90827
45099
31104
45112
49416
49416
86892
3823
48261
17551
72427
54699
45665
54699
4486
2202
2202
79709
33028
33028
3925
3401
31504
34269
90153
13811
13811
42285
2202
30590
55410
80544
35432
56170
27589
42285
74602
19737
62475
91355
91980
86357
62727
62475
3401
62475
14354
53060
85304
3328
37006
37006
40655
57670
82941
82067
6177
57670
18431
85304
85304
85814
20745
92108
54093
44782
85814
90323
72214
4155
46660
38550
82795
57670
82848
18431
90323
13100
62615
63825
45834
49518
43204
24664
590
51837
61178
21411
13100
83588
5447
32828
66757
839
58000
85589
31226
55141
826
3773
77186
78721
43885
49518
13100
74718
81596
27228
58858
59557
74718
3970
14511
81596
1428
8605
60152
59557
38027
17876
58045
2276
55862
89395
21692
22621
80611
47064
38801
60152
60152
14354
40423
38661
40423
82742
49825
56610
65551
67408
31523
65984
64887
66563
59380
21354
40423
56406
16309
25123
49557
65569
12072
34800
6149
84067
52148
72712
25953
56610
59380
80827
49022
38928
3324
25522
10072
89232
89421
79865
13535
38928
79865
48643
69858
91392
74313
70865
25371
26327
64000
64000
78177
72872
92370
29415
83377
24263
24263
55144
41629
80712
40605
90209
41629
8771
8771
44293
58700
68012
49933
67308
45821
36694
91751
39490
22709
69861
78244
39490
25003
70740
68327
58402
88485
40605
49933
45821
74517
47521
12898
27114
3993
58084
10047
12898
39408
11062
66179
67903
82098
12898
42451
15413
69409
39956
39956
49132
25751
49579
63496
87823
3993
4358
67925
12898
49579
30885
30885
73355
47045
52738
77418
36050
70600
87310
69068
21584
20331
42828
52738
53924
64663
53924
28138
8246
19078
30393
83450
25192
73355
66484
26747
21946
80998
18807
18807
28696
22945
40093
2773
71117
17971
24277
11244
36377
69292
78532
13169
1443
15112
11526
4116
10965
5948
76756
11712
88366
9842
9842
2242
22945
15112
22945
91379
15112
52591
18982
91905
50110
562
562
63004
32060
42169
37987
63004
36707
36707
47039
62067
62492
904
37127
8736
21974
71565
62481
48301
36707
64893
63004
57932
36707
47823
47823
66975
34848
3429
81731
17243
66975
58749
38410
57451
24285
17243
1172
87360
3992
76517
20794
12900
48707
87003
85480
82205
90584
41344
29115
51350
71135
66975
14778
66975
87511
26645
45015
9072
74531
3762
79771
45015
76389
48204
45015
28455
666
15808
45015
85975
2576
33868
71455
81440
22771
2576
81221
26455
24065
77081
40925
65523
9072
81221
9072
70398
43566
79857
60264
15456
67656
42375
61046
68381
49461
49461
57934
7292
31634
59452
27668
55350
55350
64820
64820
46020
26073
3082
79857
78771
12579
86811
2237
6998
91763
12715
29559
27668
30043
51684
64361
28876
51684
57232
21981
53508
24431
83053
48832
77189
51684
10361
47059
40982
35853
22322
77189
27986
64361
14677
57309
77189
7295
11775
21736
91217
80302
39257
59360
66134
37750
39867
20345
51601
736
74507
79495
80302
67326
8317
51514
82685
78130
21068
34136
80423
87887
16678
50992
80680
67326
30343
80858
30343
6833
70198
6833
87473
50355
83304
90877
23332
70198
84612
47244
21871
83304
28726
52536
31242
66800
64859
64859
18862
32931
1849
10145
1849
90296
36999
40131
6833
10273
6833
21871
28696
1913
62190
37622
26040
88322
68823
91366
91366
87055
41348
33548
62190
11969
8298
84065
54706
88319
80158
91698
11969
72107
63028
45876
9701
60535
19429
47433
91638
38291
60535
70398
19902
5910
79876
80490
55795
58213
24119
86721
71858
24573
74706
67767
11758
17526
55727
83414
44166
44987
3369
44987
56645
60181
10987
56094
16588
79876
68055
11907
67767
67767
19902
14354
64938
3799
6050
14867
78647
76133
82163
84150
30550
89537
19918
32961
8163
88493
4209
82163
32961
257
70691
6739
71409
70691
2417
10008
62534
40962
6739
15686
27788
82781
52823
27788
78810
54657
71875
15686
48164
48453
15686
84150
73368
20954
89734
18358
11065
68484
11065
87345
16666
18358
22051
89615
43747
72722
37285
73368
73368
5395
5395
30904
14647
15212
77484
15212
46659
51340
71386
71386
48164
50280
48767
12400
84471
84471
14615
55210
80178
15686
41106
84150
27834
15686
9221
257
15686
84150
15686
48864
63432
48864
40928
48864
2118
33132
81976
43006
43006
69121
35235
46330
35235
35235
2375
1755
3106
74852
74852
21853
88968
26579
20356
26579
79046
78656
1296
88546
45107
26579
2484
2484
52670
44668
36979
43006
32781
49120
43006
36018
68666
63432
74852
88090
53627
25623
88090
43244
88090
22340
48485
30867
36479
61422
58148
86356
61422
2878
88809
77286
5478
68156
30867
53627
82163
38989
58606
71737
62501
76116
81911
81911
58606
48186
86389
38989
86488
88562
61107
62886
14687
15686
79605
30297
11453
36550
60779
49733
15686
62997
66166
66999
32961
84150
92531
25320
45969
15686
36302
15686
73375
85203
257
18184
82163
56505
63699
8585
34125
11984
19184
19184
19184
5435
82469
81171
81928
81928
62214
62214
84419
28547
73521
64369
91302
78378
19184
10709
4791
82152
19184
55703
65748
476
5052
55703
1118
1118
1118
32445
65748
65748
51157
62948
62742
6395
91958
38660
40375
1075
29794
61228
60054
75328
62214
57279
84380
11984
7341
88452
43778
52661
52661
52661
31860
38543
52122
33797
50475
317
72830
38622
16382
37004
37004
49726
87525
67761
51107
90706
33797
38660
55028
20600
6597
85818
25834
42762
51251
12168
48866
51272
11984
82262
63446
48375
48375
63424
36534
36534
22088
76788
43907
26113
62214
19184
46451
64031
12236
46567
63226
11984
24636
57231
11984
84150
52462
48527
67567
52462
48527
21129
5547
73235
4267
52462
68284
66594
68284
11398
84847
47919
66504
51134
4560
51134
5036
76643
16677
5036
53370
76464
39659
91024
10800
76643
13482
51134
16528
22561
68128
40258
34690
66874
79063
18115
74544
50271
67467
8150
56472
66504
66504
8150
59937
37217
37217
49782
1960
1900
81718
88678
1960
75278
37217
30800
8407
46690
34915
67778
40695
34915
955
9270
2938
37217
56934
37217
14615
31843
79655
56728
22666
73987
41449
10213
52891
2624
86843
38110
35456
53693
815
40388
56975
15596
15596
73186
5845
62443
15686
53207
29010
29085
33193
33019
14615
44337
71091
73186
90060
58506
17373
17373
78114
5035
62493
27050
206
91200
32771
25645
84150
69309
21003
75959
3744
44748
86855
79875
48980
48717
70435
44905
44905
71493
87911
7822
7822
77297
77225
20064
73186
64182
67782
5769
32089
39477
80256
45344
25875
30459
91917
32961
66394
84216
31724
16226
53669
82086
28370
76092
32453
80596
37162
53669
60112
77050
10221
25784
62694
87338
35795
19324
28370
23743
84972
2728
73908
73908
21164
31005
2728
82012
51473
73639
84696
83701
75402
2728
23743
71590
65844
23734
60235
23743
48325
39309
34951
53669
28370
19324
23743
83344
28370
52371
21105
21105
31995
37697
21105
86693
84332
45346
90143
72474
81513
81513
33699
59195
90643
7411
6192
59195
89241
57171
64877
86693
81513
81513
83085
68147
13880
5858
15874
79808
66666
73695
85955
26996
77361
59144
60150
34977
34577
40939
81459
74805
41892
15217
66533
24832
15690
22613
28104
5138
56886
71499
51663
18657
11885
6689
34731
88051
56791
15007
56791
27028
40113
55113
88051
88051
84492
76881
64480
66555
42485
7770
88097
49202
15307
61555
61555
56791
6524
77674
64594
59643
84773
16515
88907
42221
64841
64594
84773
13778
86791
14936
36967
77538
63768
47716
32170
41767
59710
17641
15007
41830
3768
29762
6524
61555
34731
46424
42825
79388
46424
16306
66649
89464
66649
49715
42825
16306
69576
3002
36954
10135
30638
84913
17102
17102
46424
2416
76742
56704
81897
16306
32209
53026
26804
91944
3143
35971
78534
92508
12009
35966
35971
62248
35971
15553
28269
7105
90587
15350
15553
17686
1785
70622
53669
92585
44705
17156
39778
1360
80041
73933
6689
54238
65848
23883
6689
47669
23743
55809
4114
53669
46385
8189
65553
84233
84233
29978
60242
40500
33218
19324
64868
20111
15754
14810
69864
62213
57071
16688
36499
76542
74847
33228
57012
137
81801
71108
49052
6929
20865
86097
52248
74847
76542
74847
35064
70126
27200
51956
73706
34884
2146
26168
21671
27200
34884
62080
54024
9570
75107
4162
84229
4847
8562
53217
90461
58216
76658
32347
74847
33498
14795
14795
82997
43390
61520
12533
5602
73844
16231
73844
88457
35251
2880
84639
72258
3230
2504
45435
2504
75768
15159
15159
10660
43390
84596
84596
21196
82997
82836
82646
11041
540
55499
82836
11041
65024
78849
90780
4008
11041
82836
35975
29804
30337
35975
15842
76542
59296
7756
7756
28637
27576
59292
85234
4342
8892
76285
66734
58216
14810
33498
51716
89768
36340
70580
73186
68575
39877
71526
25219
52280
80140
68641
8593
13252
33842
13913
69519
92185
77881
61091
84206
37727
84914
8097
54291
11412
39945
687
52280
55875
49728
49728
37732
44682
89552
673
78292
79978
4507
69368
42885
37732
79646
73193
73193
91935
66537
13951
22903
72922
37432
76034
3052
80733
66698
27325
55875
33842
81576
55875
19359
54173
39877
69519
31914
38524
91708
7490
28803
66577
66577
71510
19231
19224
83465
5078
86691
51522
19424
43712
73297
22091
8124
16430
33370
46172
46172
79245
69437
13278
87048
31229
13278
84150
57947
67481
25746
57733
32591
57547
81745
84646
25588
53137
47984
19247
72039
62092
58841
65382
55325
65927
16931
55325
82203
36290
257
14235
46675
29568
14665
34455
53487
92539
64443
19601
695
73109
71641
9400
68290
67361
13610
77663
30157
77663
39015
28284
77663
38025
89129
46255
46416
41606
7539
62994
36355
51213
46949
5989
5989
18906
51213
46949
75504
70933
27605
30404
7975
8109
75504
11656
58511
11656
4298
63470
74373
63470
53845
2749
56047
42549
80573
72111
52434
59719
59719
49784
39852
59719
15583
18612
89191
88014
89191
91251
25439
3110
25439
29129
69312
89160
14103
73004
43053
70960
31658
5264
7274
18434
8439
8439
47426
72612
57390
73318
57125
47426
89889
40810
50894
89889
17872
89889
257
8188
64617
22015
43567
88033
4067
8188
53950
25186
56544
57777
56544
82291
51045
74737
48109
70097
32109
47125
84781
84781
47125
24276
47125
91080
79247
63688
40407
69012
88407
82042
32880
54942
46409
17010
91055
4425
85074
90254
57023
91055
59584
82042
40638
25646
80984
43894
72566
48837
17535
35196
72831
5528
61118
87403
63042
69012
64304
80361
25282
27627
50153
2505
69543
91055
59353
42773
63688
54559
21777
39070
13195
39070
78294
19947
91120
29244
61217
79807
31879
6874
31996
50279
29244
88063
30398
20921
29244
30398
39070
39070
12274
67319
27393
14159
25262
40030
76758
76758
89166
1226
57347
35737
27568
27568
91491
43119
12881
40638
30263
76634
52725
61615
87232
38091
35737
12785
58584
72959
65961
63688
70408
40638
51736
24821
82042
35737
43922
20715
70737
59432
26702
19463
65285
65285
64649
28929
84030
10885
59428
17991
16552
39708
77879
64224
12160
89831
84030
64649
84030
27229
20715
63890
76337
73876
67613
4292
66430
66430
38407
20415
76337
33809
3511
947
6851
65422
16483
947
35294
35294
28872
28872
10679
35165
19463
84030
20715
84030
64649
4901
39117
47927
72805
8376
50532
62979
75350
74666
4901
11375
44364
55040
61580
11990
21186
67267
32778
32778
32778
49906
79149
83848
78269
50532
63688
14572
67096
69792
50667
50667
84027
74933
50667
69564
52812
50667
62043
20692
62066
57288
33613
5198
79938
79938
36494
36494
48821
22606
22606
66997
91055
66246
59481
16527
85269
63688
63970
9954
35737
52241
23511
34055
61882
81545
85045
43428
46219
41639
40638
65414
63559
3439
47162
47162
20565
20009
77048
69923
35464
26269
29256
32521
77249
13079
22310
15002
65115
7098
77249
82674
24222
3569
73973
13079
13079
23911
73973
3460
3460
50368
75434
6714
6714
6051
91345
7611
74983
11216
79414
74294
91496
50460
30296
50426
50426
7261
10370
7452
68463
11130
37925
72492
37925
74291
23131
23131
14792
89781
71382
39802
14792
46601
89781
86348
46519
46519
10985
14985
73814
52430
39895
24088
14595
45278
13841
86348
41183
13079
78967
37884
37884
4336
50304
10146
59484
59484
10643
37884
73973
90220
29922
6887
36674
8241
36674
59958
24261
63813
43785
5496
7550
10777
53590
22129
34799
72745
74291
3162
50962
663
65528
74291
14465
23392
82243
11833
9457
11833
8951
72526
10294
1550
65530
54270
81562
91424
83985
60841
12061
71967
15522
83985
25289
8146
1283
23223
34357
91424
26174
57254
64490
75129
59294
84248
59294
18542
67475
49357
3553
59294
34839
62169
41676
5927
53102
53102
38982
49862
82492
35260
15269
37017
43662
40865
25289
10294
11833
57254
72526
40638
78412
31136
49718
78412
7413
36970
7413
11051
56690
42982
73427
76803
46009
9086
35912
9086
478
58371
77164
77164
43029
48905
60147
808
89745
91687
86552
46009
5148
45542
7413
19288
87322
59945
29937
71116
81889
13644
21948
59426
88790
7087
86519
13644
9216
63688
60193
73401
66125
28114
81965
65140
32207
35737
37820
4412
89533
67924
82250
24254
36791
36791
61233
58609
60836
61233
91030
41797
73647
16500
78489
78489
40638
417
38956
14652
58214
1747
1747
7052
46235
46235
88789
82823
63688
60493
45972
65533
65533
30881
41013
2760
9061
56814
9061
67760
20028
17085
20028
66009
62560
82042
44071
1822
65414
18648
16310
35737
78253
15234
19208
25448
19186
53579
40409
37709
37709
42291
36744
11517
72206
89895
39554
52872
87179
65561
11517
47676
47676
79553
60607
11924
80444
72397
51006
46575
54959
11517
18
41012
41012
47676
53718
902
91927
13800
11939
53718
57164
67836
64961
902
8721
902
14819
75342
67226
10162
46587
62089
4005
74140
11517
38212
70540
85786
80008
38212
31203
31203
84763
14991
14991
416
60726
86861
8255
57653
31203
29849
36432
49058
13099
15529
20972
43968
43968
35003
29849
14991
4438
38212
18440
9744
18440
89333
57587
33325
89480
44081
11742
52524
47701
10498
56637
37806
88302
16378
23724
21637
37806
10069
63837
28003
44390
60392
90043
55519
78894
41012
41012
47358
51710
85817
76470
38212
32138
38212
51617
51617
70705
22295
3538
22295
52373
63815
50891
90173
11352
90195
11352
33585
66948
83497
21094
90563
509
57517
49307
50891
11572
52440
79632
11352
51441
53176
88625
49644
71754
13866
59821
43078
78751
49644
53058
5188
52373
62325
24472
62325
74243
56517
29723
49337
49337
40531
43132
11352
51441
69045
70705
52373
51441
10437
38212
23153
19156
23153
8013
53336
43521
64013
23153
8013
19201
8013
5930
12550
81810
10309
70576
56010
10309
67997
67997
67997
16617
31714
19156
8013
19201
5930
68240
40958
80580
68240
75577
49622
80580
26180
30167
30167
11933
73076
50394
80580
26180
39554
14241
77123
45426
45426
77655
32138
90657
90657
1969
1708
41012
85914
10156
32138
76470
70122
32138
24306
90936
90753
38212
74743
47676
15711
7984
45608
38250
54819
39006
27826
83874
68340
38212
526
63562
63562
38212
80572
38212
75527
83072
39832
83072
83072
1538
114
32725
32583
48604
40349
24988
64437
70805
5278
78149
6235
70805
84293
68248
1538
90644
58764
1538
67777
67777
16466
13844
758
75555
44818
36249
71772
71772
44818
67986
32539
44818
36249
62312
30295
60523
24763
16137
1261
60523
73764
15652
14359
28369
9171
67777
50539
67777
40349
83072
14798
40349
40349
9694
58117
3244
58117
49759
49866
89226
58117
86711
67966
67239
28994
28994
84333
28994
33486
78039
76680
23383
75863
49616
69366
85029
38737
30520
89226
89226
75863
5709
2290
56110
37214
22948
51352
18277
72955
648
30968
9546
41867
51352
16240
47857
40536
21852
30482
51777
40536
58015
55344
46883
55344
50401
32113
46709
44084
85758
16240
66448
1538
12215
67777
40349
64190
57097
47955
40349
25108
1538
26577
91592
62595
15038
62595
6470
73523
73523
55607
79474
62595
74775
2443
9735
62595
35845
37848
62596
67223
65280
33191
38064
49336
66133
74854
80942
57619
58103
49319
9735
73523
63999
47104
56013
33677
16079
47104
33677
74259
61032
47104
38146
57499
35100
47104
55327
55327
81942
54837
79007
21640
39864
2927
50066
77747
13470
49378
2434
53316
31506
62595
62595
43246
9735
62595
8260
58076
36361
18020
17598
46354
32282
4688
60500
59682
71829
83358
48190
53124
4688
53124
24121
35025
34346
62853
26555
46479
43226
91053
77214
84959
4688
53124
67402
58076
14665
1304
5941
1304
26774
52493
18821
22377
78438
88123
88123
65155
27047
37654
4018
18821
81326
13130
62975
31003
34128
6545
30913
87907
6545
71400
34128
6214
31954
34128
34128
14665
1810
69957
72120
38817
61342
1810
21558
21558
32382
62905
57133
91046
68709
90
90
28221
84859
34265
90
75131
87965
60907
90881
76635
14926
81581
81581
63216
81941
91219
59950
45513
83508
59950
5990
82158
62794
5990
78452
69209
31612
64158
9253
4174
81667
64588
70957
21540
39707
75835
16965
72409
21851
75998
81667
44057
58200
32737
66052
66052
77385
81597
38718
1521
74282
66295
43958
66295
6948
84406
32737
859
1521
73186
78033
16485
85068
41070
55428
16053
55526
24910
81358
38045
16485
50503
55428
55428
953
19007
2430
26290
8490
86689
45468
30328
30328
21918
43048
53131
257
73266
14308
60349
45274
63166
41041
64063
10746
24870
24870
15514
37117
58394
15686
79492
81953
11652
71240
25359
70085
78143
28065
39955
39955
51037
79492
68096
15686
44245
8940
28310
14334
45588
8940
71489
60621
9132
39974
89286
14861
14861
88393
88393
7819
34007
72329
37757
10390
87938
9564
29691
59514
29774
90069
59555
17632
9564
92058
9564
15686
71561
61364
4546
12868
38625
6686
78312
3804
22158
47253
54631
911
33286
20101
26610
72636
23272
12788
85684
77276
45212
76472
2450
29567
89134
85684
24224
10041
90245
19082
86168
74734
18531
86168
83043
86168
27877
88762
86168
11693
74734
49493
74734
19559
28037
49951
13300
69711
91744
29637
5957
60125
83128
46380
60125
10396
23042
23042
59103
26216
26216
773
52714
83104
66254
64676
65923
26216
13991
35717
62889
83104
53382
6432
46910
6432
46125
83547
83022
5341
14088
20937
41100
83547
35375
52442
68861
41100
77040
26130
23694
92124
66627
9998
65042
11313
65042
54335
50996
4575
11566
50996
39846
80525
49247
3311
2620
61972
42623
70647
92569
83946
67599
52347
11810
80525
59012
76951
66987
66987
83946
73856
37492
66535
45775
38741
74513
85264
79704
79681
54444
6188
41274
49247
31321
39846
83914
12417
80525
83946
83914
66987
83914
86996
86996
5936
86996
5936
62151
20464
71016
92231
62991
23031
64441
9778
77943
66536
29663
63459
38319
86996
4778
29663
22911
4778
23590
83603
78823
23590
57676
48259
61576
36775
21477
23590
83603
81652
624
6688
16940
39846
42574
14335
84302
85013
80525
83914
66987
58842
66987
83946
66987
48383
83914
80525
37075
11514
83914
71713
41693
23311
27401
63721
25385
15845
83252
83252
80416
29546
80416
24149
60102
87230
9380
26973
63643
80995
12147
90896
83252
19174
81060
68447
19174
35376
24021
6972
35376
50540
78844
17996
87298
42913
29462
38909
6980
86251
92553
26166
80617
80617
71930
16251
87242
56641
61703
68316
41461
34821
79428
85078
79428
86156
63363
46614
35641
69882
75554
34821
22144
4697
5904
18642
5904
62279
76602
29124
79428
79428
81746
33173
34821
56374
19164
73671
25419
15378
39650
34610
67141
56374
49021
41505
39650
38618
38618
90134
66916
26920
8792
90134
75509
19265
73785
31464
67414
4166
7360
32835
75047
80828
85557
39846
80861
28122
90985
29309
72839
57581
67168
83996
73348
5216
58354
52461
83914
44688
36223
19613
11875
39846
88983
27164
316
90320
92437
2499
316
55463
45850
26572
8183
33114
92093
74575
46554
13115
51865
45850
42981
57826
316
80381
64723
80381
86473
12317
50903
41848
66291
82414
84560
82414
12317
57826
67727
24956
62567
16474
36466
24956
88146
4255
85150
267
9094
68804
45850
57826
21368
45850
21368
43399
53937
73418
70603
21737
21737
69895
69895
9572
22957
40705
16076
63287
63287
22791
16076
90577
53046
85938
84447
40705
27343
73418
91092
440
31108
66481
24478
39638
67011
19406
67519
67519
31108
62144
48187
22184
77790
8551
22107
57826
29357
48518
25191
5781
12256
6420
21368
11955
42981
23275
45306
21368
64836
8313
19549
58456
58456
81912
90741
51713
34905
34905
61207
73015
73015
92468
34905
3573
72838
80311
80311
71798
5872
50751
78285
81912
47982
81912
54907
54907
3482
3482
66723
10189
47458
3482
46108
53325
74279
17724
17724
19034
32079
87349
26229
14970
24266
76596
15713
75973
69247
78963
78963
43979
43979
60833
60833
7869
15629
63730
70915
79915
89985
79915
20236
85791
90114
42996
67059
25050
85223
62637
25050
90114
7320
32809
17713
63567
2058
19963
36795
55591
28245
85791
53929
53929
53929
56581
85524
927
85524
60966
77711
69661
48482
55749
42855
55538
9395
22830
56581
20043
75103
20043
50785
85382
48761
44688
12373
49027
47996
14723
13262
84511
40748
5253
23611
9957
91590
41032
19487
74121
43961
23930
38931
56235
56235
16155
91531
66761
30036
37565
2289
30319
80673
60226
55606
15576
92211
16081
16081
74815
21589
13653
90316
83806
45815
48439
426
68743
25348
53436
6707
83914
81830
60885
91715
61472
61472
51284
76583
86262
76583
83946
20175
69645
12558
69645
57608
89593
43636
16379
43098
56804
43098
6330
54419
47476
43098
51692
6884
72633
48396
84153
79260
61583
16444
18314
38761
15706
49976
19315
90040
49694
88754
39208
69562
50837
65664
69126
88754
78366
92591
11626
64401
56488
43123
72077
54305
54305
44856
731
72651
43098
25672
42887
16379
16810
43098
74879
36726
56718
38959
20813
22488
20813
13814
46054
36726
64878
38065
7216
84513
64878
75414
75414
8038
61296
84307
6440
6440
7826
33497
59792
4700
23224
22554
46658
4700
59792
23754
85366
84981
24531
7102
92142
91358
11696
64460
64460
13192
76059
89798
48251
61851
2640
79676
14255
47476
41129
47476
69496
38517
9667
91223
16379
79351
16379
67429
16379
79676
79676
61523
31515
65639
29888
11918
11964
67185
11918
29315
39860
61523
39684
8804
83307
27663
3182
23286
53096
46400
54139
20806
61523
78578
78578
62418
39596
32172
80625
89347
45157
45157
62463
66211
45516
2454
90477
39661
39661
78354
50135
49745
50578
35863
15220
45625
77821
9129
77821
55975
73862
39684
90287
39684
14418
5275
15613
39860
61523
65746
39860
26191
69069
73914
55109
685
29784
36572
36572
36572
37482
80407
32941
68572
83731
6843
40482
62833
78499
33956
81528
74026
61285
10305
29784
80407
10305
28412
26191
16379
47590
47590
58027
23119
88471
6705
17960
15117
15117
88715
73630
74610
88471
25001
74920
21603
13102
34747
16828
318
26710
52713
57950
34876
34876
71322
30212
31001
56819
71910
83241
83241
84994
17237
65459
79676
47476
58387
10095
23995
75937
43098
7314
48438
40799
79676
38913
84878
47476
35910
86547
91803
36897
89079
90335
59127
43392
28890
7776
86310
89065
59630
4407
32987
31425
6829
12982
16518
69689
49757
1595
18485
46333
8522
24683
6829
6829
55399
45957
13229
36056
63296
8613
36056
40644
81329
38920
81329
34449
78700
28890
10479
25231
14339
42048
86618
76876
83260
23693
45957
61960
38362
12982
25403
12982
15752
12982
17475
3963
76514
10182
49498
44405
87761
81167
15082
52169
76922
90797
52169
87761
47212
385
9133
385
78805
80317
13694
39627
36366
1204
82451
54613
16052
3492
24833
92135
31454
34752
92135
56093
45934
24833
49041
80849
34752
55399
78214
79766
82845
82845
63514
49012
9586
87275
13060
9586
40970
3963
81307
86755
72144
12982
45957
12982
3963
55399
45957
55090
70852
84382
55399
3299
44867
82555
67647
7375
76857
37631
84787
28983
63438
13556
10468
69698
20655
20655
60305
24369
83859
80438
60305
45142
84674
63345
89508
81549
84787
20655
20655
20655
84787
66979
1796
80537
65268
31327
46702
53385
59647
333
31499
55291
39374
22432
44814
6433
6433
82767
55291
20655
5295
32763
23608
16185
11727
56852
84674
84674
48245
51705
84674
48245
48245
82555
17898
17898
66550
71021
6398
43174
58440
32421
66550
31202
22958
15327
20362
78633
34009
5615
65900
34619
15327
66550
47738
27303
1802
40149
76424
47419
54871
85970
72531
59986
40830
54025
8758
25972
52621
42308
77325
59293
6555
68104
72155
30893
2634
506
70760
18795
42452
61493
22955
57402
6672
66273
7162
3733
25332
59363
70192
26522
70192
62784
68210
31464
25513
25513
18819
7465
12037
46936
83914
54750
60029
54280
21398
34172
89107
54280
50682
25861
45495
83597
33504
6993
56100
42209
14374
40870
47232
2976
89650
47232
42596
41877
41937
29404
43652
30169
89003
31653
86011
61858
22821
89003
44688
61772
24388
28335
31329
13936
24388
34976
87740
52834
73075
90713
28025
68741
90713
22814
25019
28210
19281
28210
76968
3469
80028
44688
87624
87624
12663
34064
59926
55306
34836
84454
59485
41144
59485
78185
60725
72146
65558
84454
83946
53134
41213
47501
41436
37960
36906
87052
89748
58886
4424
29069
54404
9024
80085
35623
54967
36266
4366
59087
80085
83805
48531
73416
83805
25710
73416
71343
74255
15737
60692
54764
33985
72966
85843
60692
76409
503
63838
76409
78178
88438
90331
52863
14788
51314
6489
12431
89892
52112
45829
41528
61788
455
69014
71355
73873
84036
41528
61702
23836
48290
18116
23836
46961
51966
61788
89614
73873
55001
55001
39391
39391
1791
87319
57618
31059
67895
39391
19837
53951
53951
3695
33288
61418
20956
60925
91168
82239
87513
91168
13488
57640
61788
7454
41528
48986
28394
48986
73873
65021
79833
40991
92451
33400
31627
76064
92451
29789
29789
16937
69072
37361
50032
92451
26317
20478
65021
29789
75222
77345
29789
75222
91464
74574
66928
50766
40303
11573
53086
11573
15373
74574
31500
29416
55054
44911
37261
37032
58904
83611
7860
54252
62745
80569
75506
7454
41528
62123
55001
35350
73873
17494
7454
61788
55001
8253
73873
54531
22884
62616
21821
2946
14551
73006
67945
67945
54531
62616
89884
1602
1516
37822
43463
62206
38084
54531
41968
21821
29799
81933
81933
64510
44035
87404
66790
38881
87404
81148
92227
92227
88216
88216
88603
31503
5211
2316
2316
50918
2316
41883
30568
14274
37933
56571
58966
78416
72676
65710
54531
12748
29799
81933
64424
78145
81090
75506
20486
77848
80770
73082
25137
88148
75632
19400
56005
20122
73082
67534
11099
38057
31554
31554
92624
61116
20122
3853
41513
72267
55301
26496
86669
50602
86669
61592
61592
44233
390
32615
89956
31758
38936
53147
79
57214
66733
54887
19830
9903
63660
83120
83120
58719
88409
10180
39521
58719
45211
21295
40283
46819
46819
61788
78769
75506
17129
48481
83142
73873
80797
12299
45878
33954
18661
84956
55001
42210
48883
11923
9899
69134
34049
34049
3652
70526
84403
67186
10932
15978
21760
12202
13856
38485
50516
66322
50516
42009
6064
66322
2718
5823
84950
8242
35254
25062
2762
68769
21210
73850
82591
64457
86333
50516
25475
7201
20728
84950
485
73386
62084
5677
39617
39617
17404
30208
78918
5554
16170
22145
61714
61714
40891
73009
83861
10401
22579
3129
79988
31129
57421
8242
20728
77137
90691
66322
50516
62716
31609
35391
6835
30191
81932
48051
48051
48051
81099
54243
86953
86953
6835
24866
77685
24866
4383
29840
24866
37295
79782
6835
13509
28855
86953
18182
1739
84950
86696
7161
31486
59072
43638
28447
28604
45580
34936
23181
7161
30691
52165
76932
76932
86956
91477
90953
90953
66892
90953
66322
7764
69727
92176
24717
55085
55085
92353
52479
12791
28454
77151
34938
63243
49725
17791
57471
19371
35075
47340
64210
60380
37724
89132
65094
70800
88959
89132
35075
52367
14531
83790
34891
33876
11163
92651
63192
79200
89132
79200
47340
79200
89132
73543
16722
41303
16722
16722
25293
25293
42132
12069
1071
28168
61316
48346
27636
33618
44385
33618
6593
55676
43631
57511
77760
64058
58793
4872
67650
86426
89653
30313
35075
79200
89132
57722
66044
12324
64007
17298
2881
69712
4691
77941
46639
86161
12324
74438
69712
54179
55142
82075
45084
47970
53225
49055
46058
22859
74876
12324
67638
50233
4959
67776
64007
63985
78042
63985
24922
874
72181
12543
15207
68867
51885
32220
874
4657
21988
874
73653
41008
90717
3500
83225
80835
90717
75155
51824
90912
21107
77621
23855
7334
62800
59044
7454
87667
87667
35344
27863
34118
41945
57859
68513
15382
67026
65070
73922
14473
71746
44288
4805
68776
35132
63961
55957
49153
49153
14361
24212
40714
86041
80092
76397
32606
76397
27443
46318
58957
69649
58957
21158
4950
4950
41528
104
55001
58573
60401
55001
33718
34874
32136
25208
68070
18093
69128
67440
36564
44966
69128
48822
87531
27820
8278
42367
898
8278
8278
820
21233
26899
34962
89727
76368
68898
35888
35888
45104
27219
31259
72553
75308
62442
35888
57518
35888
89139
63304
23788
75610
42667
56212
56212
83030
4399
61127
31259
31259
11764
86637
32902
54181
20261
26475
54181
54181
49006
73321
38892
14598
12777
33201
90687
76303
52708
14331
42294
9619
15788
65228
59352
76469
55264
38562
91559
57518
57518
57518
35888
83030
31259
46083
2925
58815
90986
90986
19564
18622
38829
81883
63425
52746
29245
50249
29843
45550
70839
37208
36658
34658
37208
41038
33715
52746
63425
63425
63425
57518
41410
87110
70692
8193
57933
3313
1539
7861
9111
19972
16370
83030
70694
29613
60312
29639
126
88518
50581
31259
68923
35056
38386
42370
35502
75375
20997
16993
88459
76368
57623
58031
42127
20932
57518
5646
83030
83030
5610
62311
91282
1894
29992
62311
12660
34499
42820
72683
32717
62311
29992
10281
81121
29440
11351
44637
42487
34961
34961
48471
22111
29992
1160
62344
35545
62344
62311
40595
58695
16364
54893
19939
16364
16364
67483
4857
49125
24473
64072
19509
67483
34541
34541
72900
59733
23018
72086
12627
18380
87037
20718
12627
41251
62344
86564
35545
62344
62311
35545
35073
62344
17992
17992
56707
38423
39448
17992
40148
35036
48219
73535
34865
37982
1717
36566
21516
57663
79280
32701
46994
79280
91357
51427
26312
56196
92128
81426
10803
6305
39448
49530
57206
6305
76368
5524
12277
79301
12277
12277
41393
48792
61649
410
33111
24114
61273
61273
73335
85873
29190
23940
59124
29190
91933
83293
33941
91933
11278
79471
31259
10585
54983
39401
17682
59686
32872
6033
46701
39401
55814
39401
64044
15068
33345
30990
30990
27510
34221
32714
47436
57729
90206
57729
18181
12477
62519
83030
3544
2095
38713
61734
33792
43856
37330
51294
31259
74845
87595
69605
68200
74845
14667
25040
72796
35164
44552
11628
9032
14667
14714
24225
34615
89154
82095
7197
69605
63309
49907
86736
57341
50463
69605
69605
50463
816
74845
70271
67172
15132
13550
91206
60075
15132
32868
36082
54900
91810
81855
5776
15132
60075
25040
70504
6441
82193
82193
71544
19420
79637
55554
61928
44116
86574
86574
6400
25040
25040
6400
50463
48348
45963
25040
24633
38620
85394
24633
31625
9473
71692
90456
2571
74486
21041
20447
31625
40254
78187
69308
54775
54540
40254
78187
78187
63673
32917
63673
32917
31625
65304
31625
38229
24633
82798
29764
67423
4568
84449
46080
14546
84449
84449
33274
70651
55220
61642
36651
56156
74156
34922
84449
71203
56686
71379
56686
71017
67973
21450
71017
71815
8793
29290
40444
3539
84943
72364
46559
43015
62088
87443
25040
57058
60568
25040
72066
32740
32740
63697
51551
42199
46559
29261
68541
6731
1023
48595
48595
36284
82937
3101
3101
3101
89120
53404
57151
76301
9612
26331
72619
64945
56237
66370
54770
54770
33496
88308
40394
63342
17049
6731
52704
22232
23534
15839
88364
59021
15839
14764
91584
15839
18303
35597
75223
15839
57161
54057
69566
56283
46351
68779
34461
19387
47575
4259
91486
56323
56323
1023
83704
66720
34553
40437
79839
34278
6731
35134
63342
63342
46069
63342
17285
6731
6731
6233
6233
14768
49240
84663
6233
30546
57927
60784
71215
3708
12239
6233
76003
76003
1130
45361
87883
76003
7641
28922
21359
51116
43925
79156
60784
6233
79156
6474
3708
92537
34415
83783
16363
78067
42761
6262
40699
30778
69510
36844
75780
92537
63910
6262
2302
87209
13797
79671
2302
29625
62028
24411
69931
37354
80795
86303
87864
20426
89876
27901
27901
74301
60035
3708
60784
27901
15724
6191
80006
16890
6708
59563
56860
20699
16522
70337
75826
539
60295
44993
11438
56860
64103
20699
75515
56208
75515
71654
75515
75515
54693
49121
78743
39128
78743
55895
69349
14348
69349
20699
69349
30577
20818
33955
33955
75825
56398
7385
77931
26220
45673
80880
18427
78869
33955
82833
32877
64758
392
4626
46576
70138
55482
55846
67265
78583
48890
48890
84533
69349
69349
69349
7512
2948
33917
38054
69349
83802
33917
6726
8964
27136
75484
27136
43201
12775
16565
85982
12829
43085
27136
84256
72721
16292
32096
88287
16292
16292
68751
53062
89621
20623
27136
90505
83785
90505
43085
27424
72957
91202
31573
42159
69392
83591
88677
88677
56182
21826
17365
91202
21826
18850
19546
49046
34444
70659
65519
26219
48981
34444
30898
48825
75337
46640
42611
87557
85927
43085
27136
41888
65794
90505
56901
13146
63710
90505
11369
85859
40356
47651
11567
30383
78685
85859
43447
11567
19037
11817
56597
10681
85146
41092
80584
64027
54793
84267
1659
14411
85859
47651
26690
85859
26690
11567
41075
72227
72227
78003
26038
51532
72227
67459
44068
57457
62234
72227
72227
64494
8734
92403
64494
18899
46652
62614
49690
66512
15725
80099
27519
27519
85859
56397
80045
62614
24032
11567
86468
8095
47651
67705
10858
41574
71776
88183
18549
57407
88183
31124
35870
88183
69457
36428
88183
12354
12354
9196
30507
45884
69095
39765
43939
57407
29698
49547
8505
46499
76462
8638
76462
64599
88924
10449
391
44886
9788
78877
88924
70364
67851
43873
5239
42735
10449
10449
88453
86550
28217
34943
58758
90854
86364
78603
70427
12650
51378
63921
57407
23458
88569
37081
9802
32335
67705
40752
12354
61676
39601
57407
61676
23954
37338
60913
37338
37338
84838
57833
1163
8970
8970
78523
28628
19701
38498
5186
38498
43816
42186
38498
52698
34119
40693
37338
14428
71844
71844
19701
60171
36768
27378
2465
49977
88001
24883
24883
60171
54087
88001
27378
27378
23806
39782
79080
30781
26933
6320
77363
77363
79869
30065
69732
69732
1241
26721
71844
84051
32156
41390
39782
47992
84051
51991
71844
62877
62877
27828
68110
68110
36161
28767
18915
3233
4652
52223
309
51450
9779
12206
12206
35952
23535
76566
79610
74715
4170
2144
27194
80356
55718
52711
51182
75474
52711
52711
75474
75474
62531
19318
43148
37324
59854
25193
59854
59854
78011
78011
26907
42935
42935
60228
8946
10116
8946
16553
46761
16553
60228
50879
17907
87508
85165
80280
27828
23258
31076
69509
92280
23258
67701
8545
11275
77092
81533
72638
22772
67516
78252
81533
29479
38579
49183
41861
15324
35278
11275
77327
12264
56990
41053
42460
17095
39342
81533
53424
55821
11075
81533
39564
81533
39564
68126
26382
34283
18905
50851
19552
69788
31341
31642
31642
59376
41567
6004
45190
38120
26382
9867
89306
45467
15699
82440
15699
17890
39564
49433
35508
77851
71546
42526
49149
49149
39564
9867
39564
49149
9867
11275
45300
51754
60772
82482
60772
51754
74932
1452
74932
64139
13397
35190
45300
50269
31433
35246
25614
26571
84537
31433
31433
45442
15272
340
41679
41679
12840
19584
50269
62071
4981
23589
74031
1895
72600
72600
38042
74031
64279
2994
29260
41790
49992
4000
45241
87902
45241
14304
60772
6477
69506
33805
41207
69506
78465
87162
53963
65084
81040
84591
33702
40793
74167
30834
13850
70765
83982
50987
50269
17127
49093
70765
77807
65444
47654
33271
55273
47654
54623
14887
25557
65444
79373
54866
77807
10499
10290
80743
43862
13792
48647
66784
4798
90984
62834
49953
56426
64413
36297
64413
78903
31099
45674
31083
63320
18726
31099
43762
61487
12131
65659
53700
31099
43762
43762
53794
41545
61820
76964
64090
61820
43291
4378
20900
32386
54537
34699
1561
14663
91428
65444
57470
11077
77807
31918
21754
77807
47654
22710
54866
89002
50309
3004
2920
2920
20229
39599
62989
13125
65990
43396
2920
88666
5938
50941
528
11892
70780
43396
25654
67164
87472
79758
51445
88374
9516
2920
2920
7503
69029
30410
50815
19077
20894
17172
77846
19077
9523
25239
20108
37838
75009
5753
5753
60410
36853
238
49459
1260
72291
74867
36853
36853
32627
51220
55960
54346
43137
43396
26299
43396
11594
43396
71399
57089
39211
33904
26299
48783
335
22266
24851
48783
12959
79901
84217
64867
48783
37946
12959
59832
36152
45057
87831
14938
45057
71000
62942
86580
54043
89579
77535
45682
37084
23924
20577
8050
28958
87518
28958
72084
6903
52993
48
74415
74415
52993
79607
83185
28958
64097
74542
74542
75659
11340
78467
335
79788
35104
51048
51048
26898
43890
43890
8050
37084
44829
37084
12959
80468
19913
12959
50505
45939
31670
79366
10166
52638
21864
68245
44875
34496
50505
67742
10166
42510
63605
90162
42510
90162
34562
32814
43720
19269
51460
17162
24209
2552
31670
50505
26756
36486
21362
33641
3060
29004
23120
66520
53221
29358
64378
64378
52132
16383
48273
52589
88879
13885
52589
3576
46667
9172
29661
16936
48097
22984
5059
61879
1812
70222
84183
84183
70222
84183
46802
84183
82542
92258
46888
30010
27928
14899
55598
1080
41900
55598
48218
28713
92258
83539
11494
70729
35701
22357
40749
5594
70729
83539
74336
74336
55653
92258
28713
11494
14899
11494
11494
36603
12564
17513
53832
68595
32155
76050
12564
55304
81720
53832
53832
32438
89887
78047
81382
55794
14204
82029
61125
19600
74288
1567
11186
52861
1567
62898
61816
47124
36173
80114
28713
86663
47124
83539
86227
56078
90181
44072
35785
19510
35785
40788
29875
87397
40300
3903
64205
21860
87053
35785
51452
44690
82633
39912
63037
44690
40788
33939
90225
49095
19409
56078
87053
81410
56078
57099
26854
86921
89378
25661
86921
40367
40367
30833
86921
72686
86921
56002
