51167
63890
9934
87578
7619
63890
31029
31029
21752
23298
89976
21752
8217
45728
31029
46802
63890
19030
67771
72071
9406
75358
75358
32101
12361
91083
42063
42722
24058
31029
83207
20670
35463
83207
46802
39105
21001
29174
34684
29174
61453
19009
24144
41941
85840
80587
39105
47661
45615
82126
54844
54844
82126
92178
24226
18807
18807
11245
92178
72670
64861
18313
43455
89223
89223
91656
64595
29390
30063
63584
87100
52882
38727
31029
31029
3999
90911
4501
20321
90911
34519
71762
3999
43048
36036
63536
31645
18464
48334
20321
4501
90911
65417
47431
50131
48935
33451
75096
59172
76261
56487
68982
20202
20202
74081
53830
20321
76261
75974
75974
66128
20321
82549
26173
83735
5073
41376
83735
9978
5073
56215
38177
16004
27596
15320
46875
15385
82549
42474
15773
7653
85589
85832
21793
31458
28437
9632
15773
48879
52767
6841
23650
23650
88450
20553
82098
87506
39915
31029
62343
68421
80602
83367
6526
87100
51167
51167
1880
83207
17681
70171
68421
12363
51167
9998
51167
51167
65228
87100
2629
76574
33908
76574
20218
82704
11961
80675
17963
16106
16106
67762
60198
52844
88115
17963
17963
48450
80675
57005
38488
38488
56393
38488
45969
21047
48439
90958
35276
14341
24223
62966
75356
14086
57005
76574
83706
71702
80675
80675
91565
33753
71228
50199
36578
1098
30110
41622
127
24836
46050
31186
30169
42353
1655
62854
5691
53280
3617
38759
9443
19678
42721
11940
92462
67777
38759
19678
17851
53795
19618
30664
14965
21569
21569
4302
70737
3862
38783
34658
2629
7095
22230
34816
65023
48450
48450
38783
68421
71950
2764
13111
48088
59232
2764
19392
71950
40383
40383
40383
8907
25648
71950
71950
49410
49410
49410
36244
48971
35837
4181
3400
66340
78073
36244
64182
38055
40671
38055
49158
11436
73812
68407
8907
32677
48088
30920
13892
16201
49410
74569
29399
61271
90852
61271
27564
38793
42685
11594
72573
70980
90852
41635
41635
47420
33339
91547
42534
42534
50634
42534
74044
63050
59873
44612
27564
31602
11923
11923
20015
37405
7967
47770
6505
5557
51167
32731
22791
91758
38343
61014
32731
53067
29959
1375
91301
13957
13957
280
15211
89980
86794
25745
2078
30714
21256
53953
90305
70281
70171
65664
46470
71196
57690
20233
63890
1106
49985
86000
70171
63062
87850
37948
51167
43223
16116
81100
37088
37088
39039
54568
88815
7961
2818
20724
55273
87100
88759
76400
70050
90559
83207
4770
14359
9942
22654
84052
89833
34263
14359
85455
22661
72851
6563
71112
1608
16329
66004
46762
10952
29006
29710
32346
84909
23160
49556
31447
13992
64518
85455
48138
72488
77432
8302
14359
80538
28923
14949
29006
84052
85455
15460
9942
29006
31906
83652
83652
66471
83652
39246
39246
31906
70061
31906
47534
37687
8799
35938
35593
11022
91242
92271
70061
70061
4154
13838
13838
49768
52443
27991
70008
12049
65125
87581
85182
8283
90421
78844
34778
15824
65125
19248
29006
15544
66451
65125
30544
84052
57522
31696
45141
74252
39031
45141
92113
79831
84022
41244
64136
47774
84946
78982
45141
60675
37683
45141
61144
37683
1075
47778
46306
42055
23509
68634
29015
58478
59533
39031
29756
29756
18056
79157
84984
45141
65939
71729
71729
80350
39031
45141
90928
61144
61144
17995
36885
89074
83122
72854
84553
33213
34124
33213
73988
48564
69590
85862
63127
77198
24190
2518
17995
72854
36293
37501
17506
41327
37501
78091
29639
78091
28195
2283
20373
44177
84052
31680
57923
27675
12401
29454
61169
39734
47910
34065
40348
85455
31696
84052
85455
7335
2729
6135
28356
31107
35864
30130
36476
63281
4147
39159
2502
7917
55343
75000
76861
58689
31696
2286
44226
64601
28759
7288
3274
7288
17063
31667
4306
56175
7288
8605
75955
14808
22025
11289
8605
38954
77553
73648
64601
38954
17063
68027
84860
87702
78051
84860
11481
43103
6419
78447
68027
17063
72990
72990
35940
89461
6708
30605
30605
28759
64601
64601
38954
7288
64601
70356
68202
72273
25802
28677
10823
85603
68202
36906
68202
29849
14386
74808
85992
47476
47853
27825
85045
60065
60065
36243
46257
44278
46400
67235
43903
90046
14393
3550
70110
3550
37396
22597
883
83183
64601
2164
38646
38954
43
34784
66332
76155
35450
66332
31509
53725
84343
27363
28759
70171
17672
62688
1851
1851
82657
50572
25498
57979
49841
4443
67284
32167
3301
19144
3301
61477
31858
62688
90141
61639
6054
11639
58925
43699
3807
9064
84423
61205
46667
30044
56928
75848
77841
28642
18604
87320
84706
13710
1762
62259
31125
69655
82657
43895
27243
82657
49841
15995
24611
4142
20782
40764
20889
40764
12423
2846
47441
89972
47218
4142
8393
72710
91239
38360
27104
14528
64640
64640
5089
39025
82258
14528
68421
68913
51949
84842
88272
89394
23327
89394
81874
22747
35212
37286
53782
84842
33321
53872
83461
39682
41748
2818
6342
48707
85890
17210
59364
30869
30869
19608
89332
29734
70171
33973
9536
32248
83907
33973
79749
19612
28272
59525
2818
86875
45675
73498
20664
6209
13513
33117
86875
6589
65151
65151
85162
23803
6589
46476
54769
22012
76105
30420
82383
46476
35789
60931
56233
68067
36440
16996
87100
21464
69146
10229
46695
66991
10229
2818
51316
1681
41796
18820
57997
5866
5866
27447
1286
55802
47488
83207
31005
55383
37816
21033
64724
32765
32765
60184
7882
65640
59364
162
92391
92391
92391
36374
38100
63819
63819
45668
1852
65160
59729
17283
90756
90756
51115
74310
25871
28834
28834
48972
41976
76101
48972
55357
71165
48972
23738
42744
90865
54845
60763
31142
54845
2818
72495
75636
77865
82040
75536
71593
75636
54260
45009
27
62772
5087
86641
54260
5767
6292
43178
43178
19340
90213
90213
54869
989
989
43178
61291
24742
19278
39955
12087
29938
24638
24244
42754
68474
85650
80241
76053
54260
70191
82106
70191
19407
92190
9492
64127
32496
70191
92126
82533
78535
78535
10402
85304
45846
53885
43415
10965
85304
14003
14003
42517
4148
4148
70919
29203
15340
4148
29203
81473
30104
35502
71644
30104
51355
51355
14778
18792
20212
12945
17224
20551
69321
54260
42754
80241
39413
85650
3690
82254
68457
40989
40989
85114
2802
77318
71994
74225
7741
55011
80499
92256
88542
26079
29598
82862
3690
55531
55531
75904
83804
78337
33692
68635
89418
8081
45658
83804
57371
3352
60541
70005
82464
55875
63457
52661
40989
40285
12571
55875
3690
38606
92305
64129
37199
59181
13708
38606
44261
55549
1144
88104
72390
20443
71023
65277
44314
92305
13522
92214
59181
38606
50296
817
817
32889
77832
817
13241
6232
817
817
42754
44918
81530
40698
86890
88530
80241
22299
19416
77465
80241
15406
14559
22219
42754
43324
30725
56955
18163
2876
85650
49202
5767
6016
89513
749
18792
5767
50762
13621
77651
64092
8489
84071
80241
89513
18792
30288
53143
12857
59912
12857
9194
1121
12592
29057
26126
37543
37543
65202
48495
71686
12857
4115
41585
9413
24174
24174
26168
80811
31096
22626
86134
11864
83240
53568
41810
61675
7497
63613
63645
57234
71009
55422
29870
32494
36690
76660
88661
76660
53895
36021
71692
24174
70803
60483
65466
60483
39563
68377
72713
761
12851
89372
65466
1045
54888
29606
22449
45874
80327
42690
81919
60483
46947
45861
60483
39563
65466
56297
56297
70868
5358
56297
49376
5358
4248
46620
5358
74167
51560
82348
82348
76660
425
154
66532
50284
38191
73335
38191
50284
24532
65244
76660
76660
42948
24755
33849
76660
30037
28908
60158
20048
30666
57793
24174
50284
53895
71480
67934
22532
68926
33214
76907
22532
71480
36207
57961
70394
15510
73860
16225
87874
83413
4291
73985
26856
79083
26856
9187
44486
30476
84230
80130
72492
6794
8321
13202
1860
53660
13202
27566
1855
10931
12400
25559
67934
10816
24214
67934
71480
47089
72986
44727
65192
76279
92156
28526
80465
36905
72986
44727
10646
68733
6489
35009
58301
88286
9311
51361
1246
50730
44727
65192
28563
10182
1993
91436
29352
20962
1993
60707
60707
9658
52720
1465
1465
91436
23041
86151
17578
8237
68299
28215
64452
33946
18199
75456
54576
66925
81336
46627
66925
37598
37598
35528
6153
20316
6153
11460
58866
87733
43450
66317
66317
67086
73193
15502
4052
16928
62108
12087
985
33450
75768
78384
79898
42828
71520
80241
1828
4198
18792
47270
65851
80241
38160
76368
50003
69494
72924
64269
88231
89513
83285
77427
6743
66474
42754
35546
90974
91091
91091
7696
91091
54279
54279
57201
24431
50709
51066
12086
5218
12086
59829
36960
91091
24431
54279
962
91756
13076
962
43672
22794
79224
61890
38224
91756
57201
29043
77187
14884
22143
6470
2820
26469
84157
14459
57201
84157
91091
50709
85367
81659
57409
19771
81659
9851
9215
59835
4461
85367
28172
30767
76066
43552
61587
46073
91285
4461
85367
945
85367
12438
12438
19090
46746
82858
77181
43452
65947
58954
90478
66861
66861
63987
87526
58579
68743
3283
44807
44807
90478
38523
17226
14459
56748
70407
89301
2820
91538
55007
18502
90478
31126
83838
65418
65418
86999
27477
5735
47961
89984
4329
68340
26845
47430
57632
63640
69555
2454
39485
430
34059
36567
34059
26845
17052
6584
78198
39420
83381
73320
1405
24577
2127
59555
87305
84500
11805
2070
33586
31511
50994
27277
10835
37108
65418
5735
430
2389
26845
430
46841
46841
39826
46841
54417
45636
45636
39826
39826
60590
54417
8449
83291
24982
39826
60747
5584
54417
901
88978
46841
14860
46991
2820
7334
9742
49056
55271
9742
18796
60770
60770
18797
64030
9742
18796
54279
46286
46286
46286
78366
22969
57495
25819
11926
59041
62274
26102
2096
17675
92738
74769
68977
7966
51738
2820
71966
64904
33179
91091
5914
49945
24431
20809
8428
28404
40208
46460
90478
10986
68421
49356
86996
20209
8616
88529
76027
26472
60091
60091
85274
54400
88336
40457
54400
49356
10933
32467
49468
60091
24169
90571
70284
74148
74148
4010
84925
56479
47472
84482
74148
2038
27736
84254
40777
89869
28332
2038
81769
90187
47400
3749
58902
10933
74651
39689
65272
32467
76357
46726
45545
45545
46182
39931
65727
52328
35493
60767
46726
11164
91465
60811
50891
61965
61965
46203
36757
45451
4665
32553
1950
1950
13983
92466
72128
7675
50010
55633
72128
52441
24955
89928
45648
92466
60091
57171
23449
46763
37829
22123
32467
87659
60091
76938
57295
73796
84660
60091
90036
49651
32467
78203
10933
76357
32467
13959
85514
13695
32467
70171
79150
9535
1397
14197
52327
83751
92699
42862
9028
6488
1397
81606
29692
27894
48131
49152
2645
81397
14197
88451
12566
6488
71528
71528
14197
16495
79367
82906
77388
28031
79367
653
34871
73531
70269
28031
45246
58738
73774
58738
14312
6955
85718
80127
53507
82329
53507
37310
91293
6488
29322
59791
57703
5814
6488
68421
38333
39681
32803
75101
75986
46804
10092
31643
73776
84933
44396
10092
32803
21514
23942
65881
60171
71218
60171
60171
49304
49304
72867
68888
68888
66389
22588
37513
22588
21514
52511
49449
69340
91447
82529
5989
49872
64209
5634
68272
89003
7389
84271
15474
22277
66522
81458
81458
24307
61141
45499
81458
46052
15474
1472
61024
37557
41061
48808
71237
24336
70473
70901
5027
5027
89912
8735
32058
24336
68783
64845
7375
88015
7375
62782
4594
11006
20384
35879
33292
42764
42764
74601
48468
77283
43683
23425
68994
18836
41014
23245
52248
60930
26848
19558
91088
51062
79042
7491
15123
45522
79042
69378
49625
26440
39871
4411
45642
79042
73846
73846
27611
26135
27634
75378
44379
31849
8659
3672
32899
40079
6653
27611
2985
44586
22313
9556
47347
82445
22313
70303
88808
38878
14885
22394
14885
22394
84271
48011
25310
48011
23926
16835
65
13732
69987
19145
84897
16298
37318
79404
7754
7754
84363
79404
58512
85778
65437
65437
3493
58512
19444
2818
61791
26100
63785
42423
52847
54359
54359
13394
37718
63785
36586
32816
63785
54572
68958
70085
86200
37848
41652
46001
27766
67933
37848
85889
13670
6676
13670
13670
48290
23735
13670
26589
46952
43073
77845
77845
90890
40949
39468
89561
44345
84468
47096
39468
88195
22809
44134
52753
5199
88195
39468
47325
37078
14104
63986
85497
68175
37078
59919
70229
90304
25713
49014
10195
5638
68530
76319
5638
33522
60723
33522
74946
80404
20190
33025
83928
35187
35187
92674
6564
5719
33280
49734
92674
38219
17356
19590
92674
25564
49734
70171
83500
38575
67660
53203
27410
53203
33284
31714
35994
64016
68382
38575
4310
83794
72691
64022
54988
68821
70091
8341
26383
65562
55272
83094
25511
25416
91552
1015
72190
74134
45868
13108
61052
72190
73172
71853
71853
80773
84436
84436
56914
33726
21712
37628
21712
55675
5697
31258
21712
23330
72085
72361
11276
39071
55675
41080
50058
52694
39982
16836
39473
42453
75189
74385
26847
34406
34406
27811
27811
15763
45365
55675
61192
61192
18723
88471
88916
21712
55675
65717
8777
88044
90452
65717
37656
17724
4826
85100
89401
88290
35000
47277
537
27642
41002
82627
8777
59343
24382
65717
53677
66733
60100
70790
66733
12154
60100
42078
3645
89376
37773
10112
10112
16647
47725
10112
31603
55600
30124
55675
3245
22448
76107
38861
66929
23675
2853
55675
21712
55675
60620
64407
84694
45539
86514
23371
22828
86514
51867
10733
57700
19965
42229
76940
46250
53328
30785
69675
5435
61422
23371
19965
2112
86506
25508
86506
47713
86506
26132
89077
86506
19965
75367
26773
86918
40595
80443
51912
30817
32269
3189
86514
777
19965
54274
19965
30124
42466
83675
83675
49916
33775
21722
21722
61227
42466
70194
37547
70194
47165
81732
37260
66850
31583
90181
45289
67988
23279
23279
52694
69202
69202
3623
3623
82717
84605
65550
62395
44055
83908
50401
46401
13721
90783
83908
24090
1479
4440
89535
89535
14513
84567
21712
47589
55675
52694
91036
40011
31258
52694
60249
33726
82492
54530
55762
80279
72337
21010
25617
50155
50155
28297
6817
2853
86688
21852
39525
46790
10185
11813
23965
11813
76206
37977
52014
7441
77650
76586
69666
38608
10185
56701
37977
39525
37977
83137
15101
52898
46227
177
70334
34193
89936
71264
69931
1079
71264
10185
48792
45908
47974
26970
37977
37977
25522
40752
24975
9293
92483
80260
9293
62886
70806
73990
31513
32837
44457
77564
56769
75446
68076
32837
78916
84855
14581
24975
10699
48175
42502
28857
5281
75270
7869
44909
54577
76564
66142
54714
33190
57483
60585
37977
66268
17443
39233
76018
44540
55381
76886
5896
46575
65285
46790
37907
2630
50450
15541
53458
57956
46790
28753
15541
39525
2076
46790
32027
26650
32027
91469
75169
32027
86185
62336
46212
85709
40434
16292
75372
85709
53982
53982
51000
48070
54500
78814
32027
53048
56846
20542
21190
88267
31427
26768
20542
1834
598
31478
60338
14244
78814
23443
7214
42628
78814
32027
78814
32027
1834
39669
25579
37159
36711
39086
70662
92780
2293
89959
27492
66482
48297
11955
4829
7899
73581
4829
69595
25579
75635
57800
66578
72482
2369
36711
70662
52271
11534
32860
89761
15088
32860
37459
34581
64346
11534
52271
69765
13452
11747
54945
22514
20044
12683
12683
58972
28029
37228
2853
33411
33411
19769
61561
61561
18606
26249
52459
43118
55632
73537
82667
52846
77200
55217
89327
52336
76561
89571
76561
9732
28348
34221
77794
26281
3873
67182
44308
24380
79312
83281
62074
43250
4102
32678
8452
84413
84413
18606
89711
47458
25729
88271
60439
52694
39744
52694
46253
46253
71540
89716
28307
86101
21754
40960
41863
28307
73352
13568
5755
5755
21991
45114
15368
71540
12224
3020
55880
37627
55880
54295
46521
37627
37627
3020
66747
86326
86326
76358
54378
66747
50936
50936
15668
33656
16010
12224
71540
61740
71540
45921
23750
68449
42919
12826
9758
58535
13146
68449
45993
45993
61364
43878
75992
40991
90071
69908
69908
11280
12826
66277
31376
79301
32280
67131
82984
72345
13022
52365
77392
89647
77230
13022
57952
83979
31500
47787
47359
48017
29817
61981
29817
21648
57890
12224
30274
32636
74204
71540
12224
82012
26274
32737
36063
33193
30274
29443
71540
30274
31084
54721
13634
37460
2954
13634
51362
79582
45382
27982
21639
3201
13634
77524
25994
2673
92297
88684
20659
86737
54814
24078
46926
46480
51370
46480
45285
6930
46926
18453
72100
69140
85622
77376
15456
13634
39258
50305
50015
49697
79582
46280
29200
79582
92297
66810
44828
14131
61983
45043
32359
68991
91002
91002
76330
19523
68991
24063
62787
68991
9431
16363
65820
39925
71251
45249
62180
84082
71066
65124
14131
33656
43167
43167
54006
28751
2058
90788
64784
7456
77024
74666
27177
43167
79880
79880
54690
33407
44888
10270
12224
55091
50311
49860
33745
55846
45381
89612
13926
4968
30274
91116
29359
38016
66111
89417
45867
1190
82922
36020
159
67464
74085
12922
26139
63774
89716
90653
30274
69846
72453
34311
8635
9719
82523
26888
77346
21112
26888
26888
24833
45982
7108
63665
84193
67142
85744
42444
47737
2382
1258
85262
41504
66030
2813
16043
12703
47184
67142
69557
16149
28989
3709
40929
27218
77746
47078
3709
3709
35443
92741
39330
66287
13201
28696
31924
44398
75053
67142
54347
41504
67240
6471
49065
2738
67142
78840
26888
54950
2981
81880
18586
82874
91479
56544
59007
57342
81880
62146
35021
73276
10245
67854
12806
1654
31737
35021
92031
23912
64133
73276
56544
81880
56576
35021
84193
69384
11045
666
69384
75398
16994
5548
59719
59719
84193
85848
34108
80073
9824
46551
56355
18980
83894
38326
37679
44874
51395
21292
5334
59790
84885
67028
67028
79648
72632
85327
67142
14247
12703
12406
40945
68841
78273
64654
69260
30358
18289
40128
12386
4698
17802
17802
31429
7434
26758
11699
38686
17802
7042
36940
68165
74728
74728
75298
69260
17802
72612
25528
9869
71285
27427
71285
57383
54985
47681
14691
71285
19485
69260
24099
50250
7862
24099
52320
22931
57130
40832
66807
78028
17802
67675
78273
67675
69260
2675
21712
14206
12147
79274
83041
23485
33430
88148
34780
11609
11609
24798
12147
59975
28468
83314
47645
82484
16179
28468
59258
44171
17324
17324
22212
60216
10486
43909
10486
10486
17387
88163
16320
70883
53455
35103
2269
67477
67477
53455
44330
37786
88163
54982
43250
58353
77870
87290
41116
73039
8663
33726
3010
52270
9946
38376
84049
55758
21608
91349
50278
82338
53998
36276
8941
639
49046
46047
46047
49046
27688
37667
49046
16934
72884
59968
5300
57133
48697
16934
16934
58624
66119
58624
53616
64541
47767
75709
56332
47965
16742
71202
52694
81623
56931
50381
91938
10712
47377
63283
43250
20913
48726
27696
27696
75766
29478
2853
48909
81373
52602
34100
80590
5313
55596
57845
34211
49850
60322
88213
88213
7947
57229
32438
61231
36217
24546
2853
41867
86195
19760
87205
90931
40272
10133
10133
44830
87539
7763
50157
43250
6722
65700
15735
52984
15735
54318
80905
2448
39877
27489
2936
69447
55566
62151
38241
56918
55566
35460
90450
80748
30118
20706
27945
68121
18606
84913
24187
72636
84913
72636
50321
42191
83332
33761
78820
38134
3624
53167
3624
88931
64322
12434
59061
7674
18486
38588
2867
18486
65286
8688
15918
39737
88931
40116
43020
60107
59061
42242
32660
83879
44405
39269
83879
47742
39269
44405
22926
44405
90024
90024
54524
5620
88931
88931
92849
40641
20689
88931
20689
26929
77069
65992
54178
19056
45007
51993
21746
72846
26872
87400
87400
44769
71406
55867
77069
37676
13013
19941
51993
19056
7306
26872
73805
73805
62726
66985
73843
62320
66643
64568
21180
3604
25493
32350
69469
37508
37508
20266
87271
68571
26929
90563
42780
29131
43142
18486
78934
54201
88056
35264
76611
47902
47902
47902
80906
4643
50653
37561
47902
51634
84582
47902
5211
88766
5211
8028
37427
157
45465
85161
25033
53499
47902
49507
51724
64474
89792
89792
78022
76118
73514
48769
49784
79132
69125
73514
2085
2294
86363
2753
58042
38152
92413
20141
20141
55072
49507
20366
2085
72610
45505
47902
29052
60032
18421
38491
42351
38491
35428
90252
45992
26426
5760
38491
91576
32514
63194
47636
47636
16054
30787
8711
91576
46141
6912
35428
71707
80097
37707
62340
37707
30560
19921
85951
69761
54079
85951
85951
18486
85463
19349
19356
32775
82708
75163
88931
18523
75302
88931
29213
2562
6250
26929
46633
45893
45893
6385
42060
68571
81986
5414
83842
84552
20689
76068
16878
39969
31568
27429
51354
27753
20689
37276
83446
13370
82916
30586
11242
61454
63243
36887
50127
36887
48820
56460
56990
21043
76981
21043
56460
22955
22955
22955
37658
77331
11242
56990
56460
53391
53391
77849
53391
8271
54960
86152
25378
25378
44327
53391
9226
13814
51342
9226
4138
77331
4837
9692
7215
53742
22596
56990
73141
69119
56460
37319
56460
56990
47555
25015
46571
47555
64321
62225
60742
17942
38527
25015
31222
31222
44871
31222
8295
64661
53799
56382
91231
25015
77406
25015
25015
30415
35053
55763
47490
30154
55763
30415
43669
53960
30415
62122
62122
18361
83194
26403
18361
26086
68823
11306
46457
28180
72536
55110
4986
23679
20654
2012
65357
65880
2012
77331
15045
13425
11242
35169
2945
56990
84008
11242
56460
71564
80394
47730
47730
66880
62331
69883
9937
78219
39359
68029
6994
82166
49719
22420
49719
68758
27475
87943
27475
57443
57443
32323
1780
1780
75841
72321
43838
71606
12199
72182
6814
60469
12619
79805
29071
28970
65284
91424
35594
78752
15505
18744
17322
63441
78994
50764
68029
68029
1780
46474
46474
61335
1780
45987
78688
82923
67818
62893
82923
2775
8076
66917
78068
19409
25855
86361
61348
3338
61348
30904
3338
20986
13110
13110
46750
59577
46750
65984
78688
25433
37480
20689
14897
26182
45727
5663
14897
5683
22234
44717
5683
26182
14897
3256
19535
47052
19535
85747
34405
68696
79096
87487
34222
77390
68571
7681
58345
36325
13346
24356
78833
17072
64569
47041
86279
86223
17068
16266
67555
86320
82502
41034
50875
20614
41034
46539
58212
84615
26929
2230
53751
76482
1102
58831
87181
43773
29083
9180
47464
50351
43935
68571
39150
92272
18486
47233
77049
43721
70105
43721
51736
43614
29551
12276
68571
8480
4527
57838
9181
57838
85874
88424
66890
20689
90557
19622
68571
16992
33781
62927
18197
55137
78615
61958
18197
31322
70156
77098
16759
61958
91198
57472
80933
63311
27166
78579
80933
31449
69913
1044
39
92138
82478
1044
91198
34217
58612
75774
34217
34217
58612
78712
88397
83384
43109
24706
58612
24706
26640
85837
27028
49035
61958
20932
18197
66079
61958
29329
57576
91198
17526
1044
91198
91198
77098
13217
66618
84985
77058
28850
34601
28004
65895
73291
5126
46959
52784
46959
78904
85203
37300
58979
85203
46959
36847
4785
699
77058
52784
6282
49162
71572
79277
76459
35556
39476
61366
61366
30299
47828
28269
39476
88948
67830
57922
25004
85679
42496
89634
61416
60720
67453
44960
61958
61958
91198
79451
33558
91198
35448
40782
61958
73575
46908
19926
18197
7222
155
71546
73001
51490
71546
60324
42435
42435
82801
31155
18926
71546
75284
53993
61635
45174
53619
91090
24816
83464
54428
72376
54428
71546
67455
71546
87047
30455
87047
6218
85665
92831
26643
90073
91163
55047
82917
1210
26643
60324
5288
1312
68906
11643
1312
63691
91394
40964
60324
54428
60324
67455
84274
4003
67455
38546
83840
62533
62533
38546
58616
78330
58616
7706
44231
65263
7706
38546
63827
92482
17602
2834
27273
4677
88372
56667
5385
56052
82674
1650
38546
63827
17854
32158
38546
43181
33402
34336
61568
13759
33402
46049
33839
83426
70742
91909
69752
84854
71168
61568
53812
16533
16532
83211
39065
53812
13497
59148
20315
58501
13217
56611
48981
42271
6305
29863
69211
5790
29553
6717
19251
10821
86599
31139
86599
16286
13217
48163
50044
68186
89155
31742
10821
61214
78518
581
35811
10821
66431
247
32344
81481
6377
56787
13217
51040
52003
46124
72346
42144
61599
73158
54997
51604
286
22864
72269
52003
22864
74274
66330
5982
13701
64989
13981
33949
30930
70032
47427
52003
22911
79346
7427
69826
7427
79346
84502
51835
1159
79346
39840
54027
22500
27610
27610
92373
68886
86746
44731
69466
49644
34418
37031
52003
90597
32846
22911
90597
90597
90597
1966
3453
41463
44374
44374
40663
90657
5839
17236
3453
64671
84048
3453
70649
26885
70649
58404
25103
56375
70649
44374
83661
10262
29316
86398
1966
3453
17496
44374
68811
15005
60018
69288
84078
60018
80672
11913
77087
9795
28460
60018
68811
29858
34884
45627
34884
29670
3685
34884
45627
48703
36125
52003
64405
47655
49929
14205
14205
58010
42418
35848
46124
29875
72980
22911
44042
68781
90398
25772
68421
33423
323
33423
43492
63191
14731
74344
14731
55742
92427
33423
18625
87764
54859
37801
42524
5106
33423
69574
69574
18625
88110
18625
78106
43492
63191
12051
28640
92106
13086
7790
89122
13086
64324
64324
66961
10131
31531
13086
9340
31531
64324
52632
73303
77826
67567
52632
73303
85401
57982
62403
62403
33423
6007
6007
18625
18625
25305
18625
33183
33423
42916
18625
19382
51167
18681
71831
88030
71831
18681
60715
65530
81798
9031
708
18681
81498
9003
30704
44551
9003
44716
17378
50815
70349
58258
70688
708
26072
18681
9708
57549
92786
13445
46155
77166
32391
34307
65744
17389
73479
57740
77166
49662
13445
7123
77166
14755
7988
48754
70969
70969
70969
34650
22362
960
10866
34307
7123
13445
34307
68421
67024
67024
8680
43207
62661
64409
37728
78298
54106
39653
8524
35890
54806
54806
54339
55571
54339
25848
55571
88775
82522
87561
49
75341
31980
54806
32047
36957
8680
84271
12353
70698
75335
49668
11541
12243
1504
62907
26892
19397
64314
61112
54319
87949
26630
80725
35290
89942
79817
76367
54319
25343
89257
77418
26698
11541
70698
87949
66931
5449
75584
5351
44754
91064
5351
60939
18329
32750
78420
5449
91622
22527
56086
60939
83874
33480
14407
33480
56602
57785
87202
20238
56960
59776
56960
30635
24988
60939
2691
29607
2691
56086
37423
62636
50294
37423
28283
27704
6879
67447
68925
27704
26317
63797
45136
66698
4266
4266
41745
27724
63950
2599
18852
39920
28283
37637
19693
37423
45136
45136
2818
86685
65935
67122
67122
59004
11015
24103
3392
86685
82997
74782
13860
68446
66305
65612
32921
66305
56975
60693
27181
27181
38985
44889
63560
27869
64755
80373
68446
2818
61803
45854
33881
45268
32034
90202
23627
23627
13165
69723
16427
51484
13165
51484
738
81392
70255
35549
42200
13399
61770
51698
89793
89793
89793
31465
62217
36176
81915
13165
10696
73545
24291
73882
73255
21252
80684
21865
52163
6128
8844
86941
21865
51394
9046
42606
42606
53139
9121
37510
42606
15588
51096
51394
89057
21865
51394
56035
71368
51394
59364
8818
81134
89008
55840
27290
27270
85625
16103
64451
57489
57489
47467
47467
48953
11433
18801
8396
23115
32161
27159
31782
60117
46067
89008
44957
30530
89008
32518
29160
465
10668
32518
18707
44263
16154
18707
73190
47819
39655
39655
18707
85176
24990
92716
21005
81922
24990
29401
73229
41078
18707
52988
56798
41770
29903
32367
41770
75414
465
51167
40337
5906
63257
36438
40337
54099
33526
16841
23722
47518
33650
29001
54099
81394
77586
83947
75583
77586
27975
75583
73222
16290
25301
4855
55613
79503
40212
27139
40337
40337
10826
37454
25497
85891
77756
84888
84888
58288
2872
48184
75450
35505
37454
84888
34062
37631
22567
48639
21952
77128
228
3729
65805
22173
22173
53561
73300
36084
4528
56391
82751
25335
78178
25335
5842
87678
80210
70646
84843
62835
90090
45440
82751
25335
20628
43801
91744
33330
27315
35936
23764
27315
81893
82751
22369
55807
4281
53810
2892
56391
2818
216
19670
41802
26034
31019
63702
41802
69998
48292
79203
29251
26034
26034
269
54884
54884
84006
45067
54884
54884
42247
13358
26034
64658
62104
41802
48068
19670
19670
59364
80810
10511
59145
32674
5577
39064
66107
7815
7815
78445
38999
10210
10210
43835
71754
18651
71754
7656
73553
27831
31012
26996
44209
69320
31805
34326
10210
7787
7787
43835
2818
11862
74689
27943
49052
54866
54866
30446
17531
29005
72516
72911
72911
51113
50668
81891
82130
79314
38074
26823
43610
72911
22272
26289
26289
54866
10782
70004
16596
70004
89065
37581
37677
22952
32102
56888
22952
92870
56204
29097
49517
16596
403
34482
29010
79302
8969
86233
69585
50915
79966
70004
86836
18186
70004
50395
49885
16102
86380
60208
33754
2504
54585
76411
22880
52214
54494
49459
87927
58473
16229
70622
59379
59379
25000
61331
53026
80826
53026
3285
45558
82910
35285
83684
60208
71483
86380
81103
71483
86910
43089
43089
2667
49489
31033
43089
67807
65400
45252
84090
68344
23496
25409
39665
35168
40024
42209
14423
22257
29549
39809
18316
40389
71159
29234
29234
29549
29234
31393
26515
21565
62079
28514
65213
10518
15444
80124
9452
53293
70843
57116
15153
79797
23530
59161
10296
17547
38848
72031
62439
62439
89029
37909
17547
8114
32708
32708
66161
20950
59161
9446
42187
59161
54541
86175
31393
26515
51540
88888
8968
88888
57969
28534
68707
34480
16580
8968
4462
80787
77302
24747
48572
88888
22260
8968
17195
58496
30851
52491
65837
44858
30851
79065
71793
73655
7506
31393
50595
50595
66401
50595
17379
22798
87191
40947
82790
59161
58578
24523
31393
59161
13238
26515
10296
48340
44313
58578
92504
22199
68742
6266
78393
19302
27411
91268
78393
24648
69984
69984
81151
41337
16440
28146
49869
57347
57347
15186
80832
84392
63399
23950
73349
60610
17839
15186
15186
57347
43789
79201
72709
68840
65055
65055
62796
64914
33845
72681
46354
28146
57347
78393
57347
67528
37692
59611
38106
16944
40022
46042
41250
67528
66402
16944
81025
65505
81025
25340
65505
81384
91885
9793
82052
16944
39252
69731
88617
38106
13662
39329
18342
88539
25443
13421
61189
15522
44471
12670
85287
79539
37221
11669
16514
37221
81402
76828
54962
72476
54629
31287
40947
58674
14344
12252
40947
76742
14057
40082
10296
13705
35678
62079
62079
45949
74813
90815
52276
52276
58578
59161
8561
85287
82399
35875
3640
35875
13193
63929
10455
84772
54755
50632
53682
59818
59818
57071
90353
50243
63929
10455
63929
76705
21568
21568
56135
44063
88373
49341
25435
76705
31553
65017
31553
80134
63929
54005
27884
13605
10455
9973
63929
30713
27804
82399
12130
16562
71951
13729
52059
71951
28548
26136
988
29910
33421
87684
79631
87684
6721
76720
18012
988
47526
988
52059
23857
4776
50424
72886
50424
43538
23099
50319
17328
23857
80541
21694
86092
11026
24322
92076
81930
26694
27804
43750
63929
27804
90760
55806
22307
69679
63929
26176
82399
59350
29789
48852
64034
14370
54597
71396
52352
11478
28329
70630
71770
2685
30463
2685
2685
6399
63383
68753
92058
6399
10291
10291
19311
61272
53192
57180
91009
14572
59669
91009
40695
54578
13947
91774
13947
84704
84753
11527
73804
58639
48852
6399
10291
54578
10291
73804
58578
92346
81330
17795
84265
48741
33495
91171
80233
80656
84265
46218
69933
50614
83190
69933
46218
51680
90431
90431
88709
75970
5356
44428
1775
44428
10296
58629
73251
87449
26449
67440
35542
82677
47385
48644
45919
45830
10296
30774
30774
30774
53008
6726
30085
92530
48326
84586
17603
62349
16880
34197
59161
91839
84356
27834
68987
48983
50032
48693
84245
40947
2536
42500
82288
49683
66516
43701
65540
58578
12603
10665
10296
87420
16158
58578
3321
80237
23301
23697
23697
81820
83632
76789
92826
10622
32653
61841
55704
88327
4035
16208
3039
74029
69405
26829
43853
26690
58578
50646
34789
86016
78419
85153
84331
32096
51933
21766
61607
42985
37080
91976
72498
21559
23284
67163
20045
29276
21164
41467
51933
35364
17255
51933
21164
82883
82304
6182
63164
52313
23875
58508
12318
51933
40327
40327
8067
49230
38582
7646
84460
26363
17255
82583
33687
20331
22884
78180
46485
51411
20396
18127
48216
15037
41478
35860
14555
11596
53518
53518
32981
4277
53518
70585
78358
51106
68793
41857
13347
14555
32023
25765
74741
54771
63018
26062
80325
35177
31109
25566
69049
6592
88861
31726
35219
52939
92352
92352
37615
51933
51933
85189
66064
36014
48107
33242
36014
70717
17255
71704
34280
17255
17255
3318
86762
28737
35886
17508
3318
4860
58525
55213
19326
3318
72138
3318
5884
55635
28737
5884
23289
88628
84114
44568
88894
16346
15812
83944
27479
5497
84114
88894
50033
51481
5649
12211
1544
78776
37800
73475
5884
21413
17508
22549
62126
73242
5884
5884
86762
36014
13395
36448
2337
26990
43592
66859
1729
65310
65310
82799
22901
22901
31803
46840
35102
18405
26636
7847
36448
26990
22901
26990
86843
91931
91931
45366
5789
86843
70100
6038
49015
37383
82019
36534
4019
20607
4019
44854
59996
69281
72596
21164
89582
43896
32096
7690
51663
18785
82876
17255
62436
52168
90777
45735
41715
32813
17126
50592
72177
75422
78172
25021
52895
37727
21144
4350
81740
30646
24557
83201
47411
36014
52024
16300
82510
82510
61032
30977
21073
21073
77339
69955
25963
37596
27478
10854
32671
65690
69105
83642
64796
85451
39819
25963
69955
85586
88665
88665
52668
38498
86545
21708
13437
19568
88665
52668
35884
37652
5266
7513
13287
91332
35623
45008
45609
45609
49393
69955
11250
25963
69955
30977
30977
46936
59528
59528
67656
59528
51302
2837
90602
19379
53861
65476
58677
8442
79234
65902
72708
50853
81339
15622
56884
82281
27310
91456
8563
59528
86741
64796
20078
31097
61461
20078
8841
33911
87897
14267
7125
38349
44924
26279
49961
3794
4259
49961
5156
80184
25670
67031
89617
25963
25963
41609
61032
36156
22635
11250
81613
86003
75181
45076
38688
15931
44200
69955
67823
90889
76946
11900
47817
90889
40591
457
89507
76946
90889
90889
91029
57426
81169
68632
13631
71091
38673
4499
10425
38673
39860
90889
90889
22871
11990
15299
69446
27963
57205
15903
35894
2922
75410
64629
114
69362
3412
79568
80639
74092
40442
79568
6171
91858
33873
51907
73054
57113
45271
90889
17545
6171
50529
11343
67823
77846
40304
40160
40304
40160
32183
55984
76236
23102
85145
14609
81756
47505
83111
40373
4056
71203
74920
4056
31183
61713
26508
3398
47505
61713
87573
40160
175
29631
29018
73747
57182
89848
78649
75114
73770
24250
58965
73747
33957
78649
46349
70123
45319
86433
1506
65287
61297
38749
1506
3150
60748
60748
76090
24848
82753
24452
60748
40947
5491
82183
49406
54599
9922
614
45085
47011
45085
36703
8050
47560
42295
82733
12272
71048
38731
74559
65950
2030
2030
67831
28386
10447
71657
3025
1556
50982
18031
53691
12594
53691
83719
62143
37949
17657
704
2951
60989
85341
76399
85341
76399
51954
85287
28149
51431
86505
79881
11116
36576
17414
90324
4716
52140
14405
36576
26700
2618
26700
52690
16561
79251
17846
17846
1530
26229
18008
18008
79323
69237
63719
47066
28727
88711
47066
79323
56623
66391
56623
16816
56623
56623
12072
24420
85750
83683
12072
6031
34476
73265
22953
85554
85554
79931
22760
36796
57682
57682
12618
21718
36796
78828
60178
33796
75447
63023
63023
19130
75447
29129
10581
60704
59495
60704
41757
67420
86710
90919
76485
664
29327
491
2114
15898
33620
27651
21439
3414
60621
60621
84020
395
80719
15898
15898
8989
44912
63501
44912
43510
44928
37386
22537
50524
50524
15898
79376
60064
83018
47252
75078
3038
13386
15898
38977
79849
73345
79849
47470
21315
6264
6264
59730
12343
24697
57129
10726
90744
11340
10583
12824
54019
52794
18218
33460
73733
85334
9095
90744
33251
84388
21318
76304
18062
12508
76304
58716
58716
3197
84388
72126
77816
24265
34621
28641
39022
42907
15333
15898
79108
17786
57048
8212
82682
38977
87185
81980
73345
73432
73345
15898
47252
16898
91258
38914
54146
81242
9921
64877
77314
58615
13770
31190
46328
46328
9921
73133
64877
756
64188
22989
756
15531
37037
19232
36135
398
38722
86884
89082
89082
70602
70602
87252
5436
28125
28125
44194
19038
70602
3052
30236
34732
74150
51883
74150
47587
27343
67906
61914
53285
60441
5507
51461
60441
60663
73133
31974
38233
9262
21414
58529
2339
79153
42863
90482
56687
63538
81788
81788
82727
18165
26331
42481
33156
84216
16842
6682
60260
6947
4464
72184
84216
79849
65830
49427
27347
92725
66592
49427
71052
22368
83014
18228
70424
49427
49691
54765
52809
43206
39307
73345
83391
82637
38233
57407
8026
36552
57966
1431
66371
68942
1792
69338
7527
42192
70934
90905
21640
23711
44215
12640
60113
67420
88469
47252
67420
8544
29165
29165
79897
8554
59197
63388
50239
90164
26545
50239
46805
52390
73297
90164
7471
66746
56714
56714
56714
25749
57983
50239
27370
90164
20008
50979
10051
90164
45314
3930
243
35610
67589
25837
25841
86895
73613
35610
74303
64562
22717
75102
35602
21662
15345
30647
39195
15345
76175
27213
92529
28860
46915
53242
67158
72127
50239
72762
722
27930
39036
44464
2632
2632
76462
81386
39712
39712
21462
21462
45602
46982
44534
52588
1466
53992
13164
83760
13837
52917
28739
722
26058
21346
87450
39830
19631
71392
17358
70785
26058
67101
67101
71322
19533
79862
55901
17464
90164
17546
55093
57088
50239
21681
50109
53974
78770
20008
67158
12259
66678
47204
4375
70625
20008
82775
20008
26851
60857
20102
62319
34698
19078
7574
16498
23748
20102
66465
4708
9669
9669
52422
27015
27015
17634
82514
35652
20102
42101
41101
67515
20102
20102
67515
40601
11999
21998
76651
11999
15228
50967
34645
11056
11999
76651
42953
57385
78096
52771
16150
57784
16133
45877
38693
38693
9430
10810
60857
9430
20102
66465
84830
77204
13889
82956
65178
62547
485
485
29093
61343
37614
56950
90389
81532
28841
19784
74619
73884
73884
66209
74909
81532
34666
31087
49432
62828
485
13889
87308
73345
25259
4371
38161
11522
88683
45933
56606
14022
54712
7355
74099
12287
20375
90645
90400
90400
34138
88721
79875
49242
43137
48104
1344
82271
74936
35897
67420
51482
11663
67420
68250
2751
74151
49242
48695
34775
37161
86593
85548
83976
74535
75700
80238
90301
29061
67847
15898
48361
79208
61377
75138
75138
44584
9016
79849
19988
41213
38233
63020
55036
5204
89830
80478
62883
59234
27907
61066
54750
59962
38684
26492
59392
58727
59334
15450
33364
1107
17705
53709
29878
50689
42947
50689
43352
37301
61280
22287
52204
58578
15660
19089
80503
80503
16056
26707
76973
60702
70713
16916
20393
58379
84505
65429
52665
78462
15660
16056
74712
3088
26587
5728
42791
34267
33966
5140
17633
40261
29730
34663
34663
74924
59943
7170
8557
80573
45710
87465
71701
60702
12477
60702
60702
60702
16056
49918
28623
87465
52164
18312
33643
55710
68237
50537
13995
50618
60460
68237
5657
34773
70282
62656
69920
34067
60963
35261
14330
71213
29139
69410
91187
67780
30747
72444
72444
91381
59432
39164
39164
39164
72444
5923
59432
49918
77308
16429
13208
48298
49918
69510
40954
69510
15077
42341
10871
87465
49694
41875
62212
1761
52164
84780
87465
28623
16056
19688
26189
17117
4079
39891
24994
38666
38666
17923
1334
38666
33422
57281
64042
9042
7561
782
58952
23755
66640
11090
57281
40835
72736
72736
54678
11484
42648
53650
35727
69715
92196
6198
40394
1263
1263
70935
69715
9694
26534
55591
86402
55591
26534
17208
45857
59182
13301
57281
57281
43606
72736
33422
59182
17208
17208
25098
2253
76925
4745
48120
11411
69893
61317
73448
40917
40917
42305
42305
45917
5189
45917
43523
45917
26397
46874
11887
1908
31282
2253
75520
83985
11411
15660
63041
84489
9139
32354
41832
2961
50396
48433
77644
50396
20680
45814
36737
36737
52781
90186
81270
52781
78889
40149
53914
87465
83218
83218
83218
44740
26828
22278
84666
4817
15660
18901
22418
57973
24551
87465
57712
66557
89304
28623
8879
4681
32692
23114
24466
49918
31612
57712
57712
57465
67903
37004
29636
72364
58036
55895
7700
15660
63602
18635
51174
51174
23291
75465
35365
60433
23291
35145
82616
91334
33696
83369
23045
11254
84825
49880
53301
19127
60124
53301
70852
42261
27206
79684
87772
27206
87772
27206
75465
82382
68582
84448
54053
82429
89234
57831
55188
18064
59817
13766
81419
9480
18256
11208
88737
46792
49583
11208
78642
74448
60975
70656
77875
2179
60952
30690
75465
60518
21349
86566
23291
54625
51830
6730
21111
43187
84626
18318
66645
18326
16981
41990
67048
25894
12759
35600
42858
48666
12759
35600
3061
82454
798
85395
14747
50546
84443
84443
23645
66672
54764
81203
75095
55122
13726
21881
2507
66672
52295
18294
84213
33682
89585
19015
6092
16479
71220
71586
15909
84480
80553
71109
87696
23291
35451
22353
69835
83729
16481
65449
7175
81850
27206
75618
27206
75465
85518
24900
75465
78797
56300
31441
9592
43462
14937
85293
23766
45031
31441
63351
78549
76923
63734
91150
91150
34809
87730
87730
66150
48881
66424
30296
37050
77167
7578
92654
76923
57157
85213
85213
45309
51681
85213
51681
58306
3252
20711
30989
21273
46348
4152
51681
76923
92499
92499
69800
64417
68276
18908
38692
64417
8224
36192
17858
25959
31433
45134
67173
67173
13139
78797
78797
41404
27755
27755
73606
54060
30829
7963
47238
73606
76919
50639
34668
26019
77989
47238
19205
53580
67971
77949
78812
69529
67971
67971
77989
27385
72542
39577
1706
32950
53580
76918
40808
39577
30395
5482
43948
40959
30395
43948
43948
34536
82724
63856
84778
4737
14260
79058
3196
68896
32580
56887
79058
72568
72568
73048
68178
21544
1062
68896
75612
54607
29241
42263
65379
12699
67380
65379
28628
30905
52135
70030
9645
88889
42263
31678
20168
67763
20168
90459
24111
64153
92125
38516
58811
24239
36839
90896
8333
64153
88976
10779
90459
64153
38505
67135
43497
4053
69886
81482
40910
20050
59372
69653
43541
73642
38506
52568
38506
54020
54329
19
31164
23814
20348
60238
38988
51930
47031
66940
84244
31357
53149
71297
71297
36768
29208
23049
78362
8548
12528
44392
44096
2072
44096
74471
88749
28280
87186
17314
14923
29777
19345
33217
49928
35715
35410
32436
23459
68756
74451
17314
56710
68756
57511
4466
11871
60854
11871
11871
11871
81762
81762
11871
27810
3666
74763
12975
32541
54527
21605
45203
45203
31106
31437
9838
333
333
42121
53160
12327
9372
27555
51469
9838
40947
69697
69697
52942
86297
29624
78765
73791
61109
61109
3494
20073
65728
65728
39898
25914
64295
90589
90589
64824
39898
55902
73978
17823
15901
39898
55902
4752
59161
58778
58778
8689
81619
87656
17636
65089
55178
69481
68105
58064
32088
55622
50910
8982
8982
45324
71735
37698
49313
58207
76703
76703
9975
5050
46290
67827
67827
32558
30422
32558
21720
44790
45835
10459
10459
10459
57163
11521
69307
34682
32558
34682
78253
90038
85168
25821
60236
25821
90038
72807
49086
35574
63558
42286
77384
90038
84562
87071
25821
68480
26502
68480
49431
20921
1188
40794
20392
63758
55971
50511
68480
91843
4905
68480
40794
51627
74052
74052
61519
56046
74052
26225
58650
38021
18157
61519
12456
74052
39829
68324
42295
6936
58953
1302
58764
56660
28518
89511
35599
51838
15577
30723
9780
63803
28518
82049
4466
51870
77017
57752
77398
86148
77017
77017
25679
19230
14074
23923
55509
80946
80946
91408
48704
76719
49392
15316
9399
19567
13101
49392
54283
52931
7016
7016
47619
87795
70674
31193
33399
58519
57704
78684
19567
71913
77315
6588
74453
76953
40185
34655
71913
48113
46303
44135
54293
17442
73477
91408
3211
78684
78684
57704
64061
46055
49392
84445
78955
23329
13681
15934
29127
30172
64449
91415
51683
30013
88380
39997
43384
89153
78955
30172
84445
40353
3241
40353
11468
88321
13278
11468
40353
22345
17056
90178
4521
60933
90178
50236
55484
57252
3308
49392
19567
80692
89216
6934
71416
6934
12591
57704
4948
3389
6934
9540
26747
85243
85243
76234
16530
67718
13025
22375
65720
89211
67190
85243
68562
92775
58772
25016
80258
26401
69594
60292
43082
62106
50706
22693
58239
22693
54176
54176
18759
769
79335
92429
13360
87201
92429
24324
66460
42974
47982
67310
42706
42974
6166
6166
59401
6293
5292
53104
44776
17623
22693
85939
48181
53500
57704
16228
52715
47146
18183
63183
78079
27550
60562
58653
58653
64932
6498
33254
37995
37995
58653
74867
18183
48998
28395
6625
47146
6625
61746
51688
51750
91933
19777
48928
7249
56011
44787
37332
48928
51750
4251
71561
60168
60168
74362
91408
38863
59121
4260
44219
56359
44692
46536
46536
13243
82471
29731
87469
6934
70352
11398
33104
6934
25826
57704
43402
73684
923
38351
35073
3327
37629
74611
32682
61190
6934
36242
84905
57704
76584
76584
36265
89814
86242
39400
65885
89904
75691
7536
75691
51980
62932
19047
32009
77561
15223
39400
32706
77561
39400
75691
561
54520
561
54520
561
53420
42745
60482
73285
39707
34518
22885
51309
22885
22148
4391
86242
20681
83952
10725
77561
41718
86242
83653
10725
6492
39349
49904
6492
7333
25494
63279
6492
29562
18684
53343
9721
67910
12593
62528
12593
6178
83796
6492
81523
15430
33561
381
33548
82375
12794
68115
28263
50468
381
90481
24867
18997
7780
85936
65807
45042
65807
75691
70837
60396
73958
72882
56018
75691
16383
50717
14890
76584
11600
47060
68681
59541
10725
2923
4902
56304
26683
4902
65683
69180
4902
44631
4902
31585
5531
89989
87512
19817
5531
91696
18899
68221
91696
5188
39625
39625
44631
4902
29691
17302
60262
9170
9170
55059
64555
28610
56379
64555
4902
87915
4803
350
80793
80793
5994
33962
5285
27077
10905
49900
39625
10339
39606
39606
10339
16543
85487
73495
61242
58163
33444
87280
4415
57494
26783
43188
61242
87280
42875
59806
58864
47173
7575
74694
80745
4796
72613
87017
60336
5160
42875
75010
56087
56087
87280
87280
57704
57761
46626
75327
2371
15518
50702
69218
513
64341
53320
66067
50702
36049
26986
30750
36049
80765
80765
2412
18656
85581
81810
63733
70702
70702
3945
25169
3945
78962
82314
75623
78684
19048
46619
34814
57704
32426
54979
41998
87046
44681
3121
4192
4192
76954
4747
11108
43006
46878
18040
88059
80120
5920
80120
61396
86166
68347
39173
45181
91642
56823
15065
44219
44388
80588
6934
15746
9283
52134
78964
33773
64788
30607
55964
30607
67972
25028
92850
58029
57704
78701
78701
52186
47545
57288
51020
52881
30509
74035
18687
16511
19478
29178
33920
50433
90408
76060
79665
74655
90688
52186
42164
52186
52186
25428
25428
80485
58849
46568
821
47167
80485
59601
59601
59225
36390
32343
70307
32343
19692
3568
3568
16511
42443
53576
16511
8232
10547
52186
22373
50608
47313
41861
21288
69614
11616
41861
3278
18800
55537
26743
24425
11616
52842
20506
51824
71326
60346
76560
60346
18725
53404
75947
67023
41861
52871
5961
8881
63237
7957
47823
61275
27680
86469
72724
27680
39818
47823
27680
27680
14713
32311
14713
14713
39797
19539
35747
14715
14715
85096
85096
55801
8881
8881
14414
32031
50608
72080
52186
52751
86995
16511
7314
37326
31976
33250
81273
30700
80904
72994
81273
83961
8798
590
6152
54582
81278
2774
65953
62992
4455
6800
81278
7314
45032
45032
61015
29453
44933
54917
85356
36583
54917
22963
35667
75435
44933
29453
47029
52539
8817
71233
68556
5910
81278
75319
46677
81426
37326
81273
32595
81278
39694
34588
6800
56118
65321
91421
8951
63150
65321
16340
3281
63150
55196
63150
35316
8183
76359
8183
33934
8183
52702
53805
15674
40975
68505
63150
42561
68505
82462
58910
41822
30773
63220
58910
3294
16443
4790
18121
71379
65532
3294
52186
34918
27929
69486
69486
7831
30608
8881
49688
85196
35747
84923
12295
46903
9502
54640
73272
16511
84167
62221
1277
63971
10489
22523
8881
8422
8881
20262
85040
58385
2517
85040
67034
88678
78363
81318
1663
6352
32758
85040
47225
82879
53869
20090
78086
5750
57271
40218
7647
5750
78086
46580
52476
56810
86513
52476
38003
56626
43104
66214
56109
40831
87545
7647
40598
53942
12595
14313
10723
54489
18227
42049
90898
70745
21420
12595
17446
56609
30469
52768
88186
68975
29801
12011
59143
42181
84762
21088
39503
20090
87545
35289
78086
87545
74645
77250
74645
38027
77250
77250
34618
77250
29246
36195
36195
37183
89261
18269
42061
17083
77250
25695
18097
63953
36195
77250
24064
37183
37183
33632
40861
40861
86147
92773
56395
49389
60371
37815
34301
50217
61555
40224
66957
26617
38477
26824
90845
54307
63985
26617
21397
21397
26852
63155
17229
49638
43651
43651
33813
46069
4659
47225
66206
20090
31303
77448
12590
42153
61155
16310
852
42605
2204
1282
90879
41794
59743
61979
42605
36360
49018
28556
15730
41978
13897
66095
41978
12186
56461
29403
23801
64939
21619
32160
49018
74822
69892
56218
11907
87954
11907
50426
21018
54309
3879
3879
84700
11907
44517
16798
54309
82842
35861
65941
35861
72219
80712
36360
68374
65549
90475
51227
42605
69892
16901
85199
40723
69892
54187
74822
6029
54257
91824
53228
77798
86190
41702
6029
52191
2416
70720
75183
63623
23337
23337
37914
953
78336
953
2698
48973
35905
35695
65093
36442
88076
70377
54257
16459
43426
75183
23337
84472
91020
42492
14695
54794
13054
84472
37421
38020
17912
18746
1788
59554
91020
3697
8195
68494
57709
8195
59360
8195
8195
57709
35073
4186
4186
34727
7026
90405
45426
65320
21967
9299
21340
82046
22118
72194
6934
78760
78760
81462
57856
82369
73105
2923
48481
33733
58607
51502
73756
51502
58607
58607
38687
62752
88789
17743
28377
3340
88789
15603
58348
41634
79140
7096
76098
90295
15603
67712
67877
67877
11219
25384
60905
48428
34831
35073
17794
13600
25527
41169
67230
47809
89408
73114
73114
89408
47810
251
76290
30125
76290
67616
67616
30993
46300
3413
11456
35312
4363
8734
54749
76238
69620
25990
15057
34636
90613
90613
16614
16614
65636
76276
6934
60144
29163
60144
73664
17924
37046
60144
4865
56734
23360
47631
19719
1576
65363
74275
57704
47372
37542
66998
86316
7149
28426
66998
78952
14172
68028
14172
75967
77312
78668
77312
57701
35696
58743
57701
28883
1594
28700
83598
6486
32071
80185
55965
15497
73692
79268
43870
18872
42923
29728
24566
69716
75894
26544
52348
71737
52348
32560
92251
16500
53952
28843
76262
23455
59785
45905
23455
34811
67346
63207
50130
28843
40080
71737
52996
24193
86512
64138
38851
58796
52996
45551
45781
14154
46168
1111
41496
41496
41496
82661
80356
75894
75894
75894
62950
17423
30467
82661
76262
51837
82661
91119
15395
40955
36851
70874
67929
51443
81105
91119
26393
63176
1357
82398
85971
51169
40842
64820
80049
78076
23134
22810
25965
47466
47466
47466
58001
44034
37778
58001
6690
20938
30470
90228
90228
62314
27202
14339
30470
64418
34046
31179
12899
70537
87314
87314
60791
32164
34365
70700
48041
67300
69658
28843
73821
39930
71737
51424
85344
52348
17423
22114
69255
46758
7750
67300
88152
88152
90755
69905
19388
85842
66118
80954
70381
82864
631
85842
12888
53657
53657
69834
91391
67438
62694
27118
52208
12900
38559
55523
90755
38782
90029
41125
91298
8528
39276
72458
4895
90029
48399
48399
45984
51127
43641
60543
51127
15335
15335
10222
85842
24463
12900
88152
38893
45984
58757
45984
88152
11808
45973
58358
86227
67632
45973
46411
15855
38719
68517
46411
66682
11808
86227
15747
77443
79803
78885
62218
15747
80859
80563
24020
62247
66768
49554
58358
66555
22131
13623
19108
10530
10530
91345
10530
46570
4636
24007
69037
54072
65283
1149
10530
82661
51705
51705
62063
39983
39983
78035
51511
69242
51511
78035
33077
4532
48643
50589
62261
71737
33367
58534
28843
75894
60275
48602
74158
68046
51424
37306
31514
85703
27322
71217
67278
16297
16297
90964
62176
56535
67300
61478
90617
74614
55981
67563
50750
23994
46527
23994
34562
74525
88790
56001
43288
56001
88790
47991
81894
1718
25467
21412
90831
19792
48372
74171
81894
62269
34316
28093
90351
42567
9248
1718
71209
16787
16787
50961
73497
62678
17410
46994
62919
42559
42559
70174
63019
63019
14538
52825
39009
91261
77656
19773
40858
77142
25546
27531
22788
23994
47991
23994
47991
46244
1718
88687
23994
88790
47374
10346
68103
68103
71773
74354
87917
75301
51214
34692
70188
68103
22698
14123
18100
10066
18100
18100
9375
20640
79661
90680
33729
82315
49470
70188
65946
33165
62454
47279
79821
80851
17784
65722
48937
74777
25315
65504
81976
17784
30112
76868
53967
82808
73853
73853
55364
1910
63657
63657
13030
50318
12036
91901
85968
1718
75273
13030
38853
55287
34257
47991
46244
46244
60366
80799
51336
51264
54270
37939
10197
85774
45208
10197
10197
91180
75214
32501
85851
2779
75659
52414
24136
2044
43995
84149
54472
23846
55325
25027
6660
2779
42599
42599
40419
2779
90042
46871
90042
71362
57272
14622
28250
71656
20383
48950
90042
17051
88296
14622
14622
23014
86007
86007
79056
74004
14562
37939
7751
18808
9577
79303
79303
37939
91043
13880
92465
9977
1059
34750
10197
58355
65187
77571
53484
80874
58355
89618
37814
66356
34027
726
34027
58355
9076
87804
27414
17881
1919
17881
15782
83330
86504
51306
82580
34066
55339
55339
55339
15782
82146
40021
67134
5519
74621
40056
8097
59127
63755
34626
70013
40056
67134
14674
40021
84943
47144
6129
72136
43225
41549
43270
36804
60479
4185
43270
60486
60486
24896
28643
80776
75894
63956
70187
34849
47026
41370
42944
43231
18303
22013
6972
43231
30645
29738
1385
13065
47908
57173
58617
42607
3877
60258
92722
51424
65567
53318
53318
78035
80399
86700
17423
28003
55275
70056
17423
78005
33078
49166
35901
35901
12568
38061
7569
75528
75528
55692
66027
21789
89406
80944
52977
52977
13149
34563
16662
50606
28843
20079
80956
50262
50262
80454
68079
34782
35155
58410
22865
84934
32045
15319
29931
4037
10127
10127
79500
32474
15130
12538
15130
18002
15130
50111
3597
34143
49720
15319
79500
10127
42457
52894
1026
1026
84873
48784
1026
67626
90723
48275
4822
87140
60901
60901
37577
27189
57530
74961
24927
20538
36640
37769
36159
22477
75417
79500
11950
11417
10537
11950
41267
79500
37577
8568
65174
7811
65174
19616
65174
65174
51640
62909
50786
10535
65174
65174
55350
71985
69383
92453
33540
65174
35385
9660
89087
83278
89087
25956
25956
58410
44040
10176
47045
56890
16900
89733
21200
41035
16939
57944
57944
84490
44040
10176
58410
2711
72238
7482
26083
90174
72238
13359
38915
53721
53721
28325
61450
29032
69173
79500
37577
33277
71015
37577
62638
59780
88656
37577
79500
11950
87699
71002
54857
36620
21031
88818
60196
27746
39945
83656
74086
57195
60196
21031
71002
71002
50695
27960
25455
9332
46446
46446
18643
21248
33821
91099
21031
49524
60196
60196
71002
61882
61882
68448
33393
18406
991
35256
36177
35256
82747
991
33393
89890
7109
80586
37593
52453
37593
70084
7965
91102
82408
80983
3035
25012
71002
3507
60196
71002
54857
30581
84683
60196
21031
9438
9438
64240
15200
20887
29247
51488
51488
56305
39921
60705
59673
39921
39921
42806
28396
72981
3077
28396
8466
9438
23789
39622
81635
46932
68857
52502
39921
39921
38032
50927
62944
21911
34972
50927
34304
56045
18666
4783
76153
55956
38032
44804
50927
54824
61566
19303
52778
55366
25515
7607
35597
35651
35651
59882
36344
47814
11353
66097
80479
75563
91011
10127
61082
72904
40668
37577
10127
45784
52680
29118
48888
92694
3437
92694
16308
83239
57127
35155
42347
66205
66205
29619
74688
57499
29328
29466
6170
38079
10127
41530
51863
62098
28619
52899
86816
51863
9081
10640
62077
69436
58720
51863
21937
65565
17250
14730
36074
44817
84148
85310
53856
15605
53668
52004
43477
41530
88141
58720
58720
59558
55025
51863
19332
6780
87864
63879
75286
6780
6585
11016
38591
4402
47768
86063
6780
4871
62253
63417
69406
51757
62253
56089
67482
49008
29788
64177
33447
65745
52899
35106
6303
16903
29074
58720
59910
24763
64691
8444
64691
6298
83757
64691
16467
87609
61259
10186
71266
64691
83757
24763
30743
30617
36202
81347
43313
19730
68607
7478
78012
91546
3129
72349
72916
33798
88724
88724
88724
24763
47599
10265
37580
12004
13553
62133
48757
48757
651
38073
61945
3063
21561
91670
4928
55025
14277
18102
92229
76534
14277
92229
16024
32271
23286
56095
661
57421
58035
63392
52899
58035
58035
20480
35660
92372
52899
28405
56802
63686
58720
68589
58720
52899
82899
11163
1513
79546
4819
87971
27071
79546
13556
41208
74247
87222
48116
13719
81592
41842
23927
16399
1012
64028
848
21885
64334
47064
24738
65301
39380
27071
22486
1513
46949
4819
75471
75471
57365
422
90992
57365
57365
87935
35733
52306
26868
57365
52127
52127
92396
72905
49480
87935
35527
45483
86107
24485
37231
47333
47333
82444
39673
88575
90644
72457
67625
27071
81019
21019
75471
92634
9182
6375
27071
18528
41679
30161
54809
19873
86325
86325
25957
61714
42178
55553
76539
90836
49286
26448
43499
49286
44117
84564
23205
42643
24659
48356
18528
81628
46115
46115
13123
40109
14316
56407
11122
72422
10539
10539
86966
58341
18613
58341
86421
84869
58944
10539
3608
41679
21618
19502
83968
15363
36603
78742
49002
17533
78561
80412
55553
32531
18528
88427
90836
63070
55553
41679
41679
86881
46115
71020
45169
81609
91464
72290
5234
12030
31880
4063
72141
34496
45424
81284
81284
81609
45408
26048
11316
28851
85164
81609
80084
26090
75381
385
71688
4063
81609
4063
91464
81609
33906
64578
9276
56819
42710
49187
38725
10397
49187
50203
8329
5431
43666
5431
78230
49083
7801
4326
89192
85541
33576
41064
67551
41064
31368
31368
81609
28011
9878
67746
64589
69441
53733
81609
2920
69441
5426
32836
11121
11121
85252
5426
61265
11446
16248
80140
80140
5426
91032
46711
8805
71039
40031
45790
89412
8805
56221
34535
22646
21206
5426
35079
5426
56221
91032
11293
15097
74846
53537
53107
60718
1248
32365
1269
26529
70452
14110
80842
32365
39139
41143
15097
74846
52471
25678
30946
46641
91847
52471
4922
56221
53257
80768
55104
51840
22254
2377
14375
14375
91032
84634
17402
74657
92652
43763
2377
91816
92360
13368
41858
30093
30093
44154
54511
14221
46631
1661
48422
92360
19607
66840
13488
45149
81307
13488
24916
24916
92360
78149
19607
30093
22288
79594
30093
32466
92000
55570
16815
1704
37678
47570
46957
46957
23466
46957
83293
2315
36278
47570
10980
89061
15863
13349
88382
51206
74742
37262
34248
19607
15477
8313
79594
34122
63316
92234
18653
30093
6239
78911
472
79594
45978
68097
30093
54483
68475
51055
68553
46361
34941
60160
82499
23280
77751
13572
84608
51055
71514
32618
6286
38439
56503
48142
38439
14638
37730
45474
55390
41675
59867
34941
71514
53136
3557
25357
90169
1433
15681
31269
45599
14364
26055
53639
72044
2569
54483
32631
25051
75024
66178
21859
89555
10121
51181
74172
34941
63235
18555
77333
71324
79856
79080
85503
84608
71514
85503
85503
71514
74886
19852
16338
16338
57398
30382
25412
12342
19852
14412
19852
22761
87959
19029
19029
48922
45996
74244
19029
22761
49497
18248
11763
58442
70226
11831
86291
59404
27432
12838
78490
21107
53790
40260
59120
30372
79776
62479
84064
8996
28960
77786
19525
63294
63294
47151
64402
46985
50520
33814
8876
39512
53184
49369
57705
49369
8724
47992
70226
19852
70373
78490
45863
22761
41895
89526
81440
22761
59377
44088
68604
59377
59377
52508
5374
48156
414
35649
92377
88306
66052
59377
45296
69452
91721
68686
63766
6921
68131
84573
5404
83635
87166
59099
82225
35869
59377
33584
58669
33584
1601
60380
28207
58669
15281
10680
6623
40789
55453
71599
91855
82225
50207
14000
71507
45163
38734
30351
15041
25763
54434
92377
8708
44719
25940
59377
21421
67454
55130
82225
38312
92377
92377
59016
268
77218
28686
89000
51060
45661
45985
3970
70135
71828
676
17852
24783
77218
89000
15011
44662
75634
484
82684
30265
43222
30265
52641
65729
80633
80633
59016
907
25721
83485
74622
6476
73938
83485
24056
12496
87865
74326
2898
72752
72752
74326
72752
41272
41272
42089
70391
12435
64762
54856
42089
89000
78655
63768
33180
39435
28390
63771
45985
59016
30265
80633
45985
52053
59016
80633
10324
58340
10324
75255
74366
47428
36227
77232
6834
64610
64536
44369
10324
42213
84308
91605
91605
86507
42624
54124
25425
9612
34835
37148
75316
29558
23869
58340
47108
10324
54354
52949
52949
25105
89951
79750
33994
33994
86033
49576
50398
32403
52949
52949
89099
84086
44638
50748
21645
31625
44638
74366
50081
49100
5788
84708
51543
41756
57078
71790
47108
81726
64423
74366
36997
21791
60911
78450
39392
90779
87547
8527
64586
18878
42170
38883
34817
85080
61758
36428
17407
81360
46271
36428
86503
27151
7795
91661
70631
7795
61758
51809
61758
17504
61758
57773
71565
65204
22239
58255
78529
51953
62334
6109
40051
89306
58255
73697
89307
62334
65204
58255
73137
73137
43251
38151
46397
30528
74843
32221
5003
55465
69735
45527
17504
28517
17504
28517
78450
60911
60911
92266
48371
46637
90112
16765
46637
71084
33851
73647
36482
90199
79087
87145
81376
46637
56552
90543
30139
61582
56552
49019
85336
89162
53101
31221
92266
92266
46637
81376
88522
85266
88522
65465
70318
1672
11379
12657
33052
24186
48829
49306
71025
40231
91475
77542
6608
91475
48044
73940
64746
8638
39388
1261
30821
74823
35834
11756
63034
46637
63190
92266
85197
71487
53101
88266
23343
23343
85488
80159
35612
60603
72863
80570
39542
53797
9449
20565
70620
74917
74917
91077
88579
74917
47538
47538
47538
76911
36752
9449
38595
23343
45741
23655
41553
63059
37065
83620
74345
85118
86933
27733
41266
69380
41266
23655
70420
221
27733
23655
39542
22037
5921
13703
22037
92732
52155
72702
92706
52232
76278
2596
15128
60603
23343
9449
9449
784
39542
60603
87360
60603
26378
89166
26476
2060
66551
66551
39263
26476
26378
26378
29600
66551
32457
26896
6720
23914
26896
46174
28355
9257
26919
53894
53894
69934
92681
5997
75699
75699
75699
64993
64993
35583
16127
86333
52843
76721
72537
68124
30266
37194
41878
76721
74532
23118
37194
39738
51876
90733
62653
24847
9849
68959
35680
14569
27751
39422
75699
26476
78721
64682
75699
29600
16003
64682
27504
45858
58481
87632
19357
3890
78403
45858
70663
82053
7985
2509
77761
42541
78403
75884
55071
18292
65185
84630
18292
18292
85205
87362
92878
89962
15637
78403
43929
27744
78403
41163
74395
79117
61827
61445
78044
14894
826
51259
31821
60727
77927
42437
59082
53346
14222
53346
41950
6114
6114
26622
63545
75281
30334
75281
35394
83986
41307
33972
69641
58481
69641
11501
15570
53772
22124
69172
53772
1294
62853
53114
18360
53772
86711
47446
62853
