38206
66296
50400
37564
3384
85166
91966
53269
56529
35269
55477
64119
35166
26359
26785
64600
61254
38146
28199
49126
83748
8233
87715
62601
36168
57691
68701
68582
44724
57066
52785
67030
77449
56580
78908
15420
6344
31065
47102
19077
90691
80742
44691
62114
54223
305
16838
37616
32573
51986
60462
53816
81210
1394
91141
40925
34746
44444
20120
41426
83157
5860
82642
30253
60044
16443
80616
51310
83506
85163
53899
78470
6876
35482
10326
32499
1876
51882
29123
294
18172
71217
35392
13319
63558
27846
73931
80543
77495
81761
86833
82748
48455
2338
6532
14688
56731
83919
83919
3489
3701
65054
33893
11183
67728
83500
35958
46856
44245
3406
7986
46856
6363
66179
74960
13328
65986
49840
49713
38394
38012
57416
14436
81616
70511
25868
90186
34670
79920
34723
25537
29400
34446
20250
61704
71930
74633
54430
73929
58580
6247
85545
80101
91482
68297
29594
6383
73110
29532
92029
69028
72821
61757
85379
5527
42855
81999
62878
41854
18001
4292
15359
74222
89356
79250
3605
43487
91086
25650
77433
69172
48090
71382
82485
30812
81509
3459
10956
30128
50049
91864
77836
73351
38206
4478
28616
51877
64678
76141
50728
83291
62217
18172
37160
8774
79685
77449
11571
72079
63703
56460
39587
28149
54414
32877
27289
46093
15016
85916
42948
47393
62529
46923
70165
71312
42402
66950
56370
39813
81121
51596
91738
85812
40163
333
11542
50330
68348
29750
84958
3439
92119
69691
70215
56370
87004
75689
42677
80480
16522
39380
59235
5638
38814
44170
34682
59099
13050
89146
26329
74814
10081
55455
39953
73958
57457
83280
2240
68151
3511
43665
91161
3498
598
5407
45670
33416
61580
61394
39754
77621
57685
69985
8308
29793
18221
37581
21408
437
46872
24459
80076
46494
35878
5970
88445
61227
30692
83925
34869
61706
57827
55757
943
70847
88133
56769
59376
72086
92139
47212
52361
62018
78215
20564
17897
80563
47092
25152
64913
26035
35225
27127
5409
39054
46242
6992
10993
90015
65655
65655
78417
92469
17731
3111
79930
45891
79321
58425
2012
82324
91699
53776
74121
47378
50687
30269
61710
63660
11125
87789
37925
4349
28847
16138
75444
18830
2132
80733
13830
18830
61105
84704
30874
36529
48483
75444
18755
53819
31430
65722
27469
49821
37697
29390
24646
22726
43873
43873
23468
83145
13299
91619
24763
50052
80374
64492
20348
84492
27886
76739
75215
28739
88531
60632
32521
50847
33395
20513
62604
81752
85828
5146
294
14468
19442
26345
62153
63532
47307
1664
13388
60747
80946
44379
33980
61168
39294
62113
12453
50959
13117
55128
79078
27340
77718
17334
48641
77752
5242
69063
47814
1205
29515
7906
7906
87288
54303
60669
72251
9338
60905
35334
35334
17820
42508
67361
65254
78943
29644
47843
444
12309
50545
36130
37922
90951
80330
50955
2122
80535
7472
30843
63302
17598
38891
33164
19258
66891
31230
53046
81621
42313
92572
28035
27339
73269
56704
22531
41636
49724
3093
9469
86513
14907
36527
7465
23997
39084
41030
38657
46155
44225
38260
47026
73269
8341
17598
85586
91571
11035
82570
53978
8048
26917
32230
30545
25424
53592
89044
55636
51049
88056
73035
78287
45370
84773
68838
64474
22020
44030
2129
32056
29179
54568
71826
35607
90742
41368
17392
60046
75281
62236
20971
19663
91694
54084
14416
88216
25157
52844
77825
85825
42490
42490
61563
1501
36548
48330
67097
62009
46695
49000
76344
36781
52659
6133
26735
8299
27705
20356
69390
32775
88660
72815
63062
61834
75958
13577
64229
4875
36692
82662
53200
37765
36888
3063
89189
62052
91059
44548
65141
16767
27746
74138
70868
41700
826
39221
53389
38761
55882
17220
83472
41780
11670
28543
58146
76162
27425
6647
39986
8420
87165
32775
26735
27467
52418
84026
66448
86923
13036
43913
1730
75029
63420
19280
30752
32685
36568
57273
81852
69511
89163
8801
52744
44757
46054
52418
76860
62995
86646
52498
87976
8864
51944
7454
19059
79671
20437
90944
54619
83723
48810
48943
32874
39860
20195
39789
87169
62298
1299
30221
88296
71469
43800
86230
19286
648
76966
65024
31532
16663
59931
83607
19619
60686
4384
62286
85266
15410
60575
38302
42490
90720
2865
59889
54964
44865
9663
53322
62583
85436
40282
65028
15955
52862
53246
49916
32195
7999
9601
29099
53142
422
24697
43534
65933
48482
41238
36755
30268
53132
82926
12839
46122
60746
4812
45258
64137
11444
14234
62137
1963
13610
83888
88317
76438
54504
64593
73090
47960
30001
92555
79369
39167
1048
65028
39906
17846
64881
71112
40074
22831
49056
51154
66815
57563
2598
92354
50137
16337
86013
25005
80767
47141
4508
86938
18493
45313
89479
92354
71333
13206
83616
90503
57517
75924
38352
82595
86204
75848
86804
31778
53671
50191
45622
1227
18564
15833
48806
62094
68564
14515
11456
32502
4851
10045
81059
19179
42137
38855
75595
1881
4032
80575
51200
89477
34092
27460
90086
24636
9700
36876
77944
53351
46278
63052
83361
67445
54406
80079
37798
25358
31397
55737
87802
70043
76499
90545
67574
24147
87726
38737
67166
5451
7777
75617
37774
34232
37894
9444
67839
7311
3907
32894
58093
53662
52863
54801
84015
44000
18930
72215
35328
31950
8300
32539
23603
33424
37476
18202
25194
67085
63247
68772
17536
84456
54354
18192
21533
45280
19012
21533
64074
44327
67575
73822
27342
16547
80123
3258
35317
65183
67618
32351
33070
26618
10359
48444
54041
72137
87410
16445
72225
16003
22851
16824
28871
52473
7705
55426
36576
72332
89438
62040
89438
82254
32344
55423
91217
31456
21820
75221
67531
48459
23139
81295
29097
92668
6550
53044
68490
46503
26065
17221
47137
51486
49966
21036
53308
43449
46810
69073
13568
49608
74275
73936
35871
71298
1004
81233
4967
28966
38688
31326
54951
1998
46775
74309
39437
38147
68501
42801
40242
50516
71975
47970
23367
29505
79275
32028
36123
11048
49286
23432
83728
17818
36789
33181
84501
45432
24904
85137
63637
26167
40027
53953
70750
71874
22476
50815
27377
48207
35146
8249
63798
43763
15276
74691
6833
37033
76759
61051
87674
65227
16291
66550
76759
36780
56463
30409
72179
4704
46531
20766
75933
76806
74620
54997
53312
70819
71725
46703
66318
70287
10649
24453
56175
65693
85677
70427
50129
53902
82638
49637
53248
28726
26365
11517
