87026
24310
14416
15235
59786
28542
23277
6300
38574
20841
82016
69180
68935
48359
18449
86994
90488
44076
19759
3602
40724
32614
31040
16348
25810
9007
55716
87894
30487
21953
74952
75000
4791
51765
33735
5988
56355
49751
44114
26532
79036
1258
28472
15430
21898
42733
60441
86034
66147
92536
62160
61514
56703
3689
79375
15618
57898
49825
54652
76614
47752
55655
80805
3307
18449
47805
80134
60510
64588
31464
23718
1258
86245
70568
5300
45334
7201
63923
45367
23240
12730
57168
39222
81843
85773
76137
39648
39762
8778
23542
73743
23021
73227
2564
67259
19130
19279
13845
79609
35794
9214
40624
85838
47752
89739
28366
18016
30562
57620
37782
39160
80597
33926
7775
88541
81867
6365
15511
33906
13512
46522
56357
68288
68734
23731
68169
15081
32071
2628
82858
33853
65047
68302
91475
66409
37431
61900
61728
25931
6325
28742
49085
18720
65055
44892
5597
20857
76687
63045
23699
22572
59505
44882
68214
13771
12055
32414
43753
41825
31650
31169
18852
78440
36982
55162
68238
4983
3568
35107
15014
32483
73880
36630
18409
39222
10039
17170
3733
87272
72425
91630
72026
5390
31689
209
53171
48585
83535
45263
78870
40497
68936
70623
87992
83910
43026
42444
35117
81312
72543
49637
3299
51971
3227
77974
14713
6261
84148
49408
26641
87836
90840
36679
11055
17164
13830
71843
38438
43452
75480
50111
50020
52636
16953
11449
37466
8141
47077
43074
58977
89768
58619
42960
84908
1196
14137
40631
21453
74056
59934
46643
28039
25613
24070
14874
81867
63006
35360
28598
40979
5957
54903
51017
42692
72744
82697
12412
76076
35230
10982
71546
53807
33482
70480
70847
19170
57530
33324
1484
16760
20493
26650
81213
45388
43234
10323
25151
3860
91581
8929
53514
22485
15618
46678
72495
10484
69082
71372
92571
29520
85044
83394
82054
79980
61675
61845
81309
43801
20203
68060
6618
38626
18652
90944
64300
72797
43043
66192
6159
42907
36506
12357
730
92313
29696
44272
80421
70662
10742
5680
11512
67336
46556
20568
24804
61939
54582
8737
37122
69077
31207
91254
20715
17286
88321
5037
54684
26592
57397
42841
49075
23298
37431
65900
61949
68517
832
35321
47110
43686
23393
74289
57397
17317
42846
6801
89637
69770
40062
37809
76536
88212
23221
80977
73889
12588
55570
15242
47717
75232
69702
4746
34581
90536
31739
29094
645
84857
12860
45274
68641
4164
60629
32755
7725
15242
40032
47717
86987
51467
21099
36607
15141
28729
52805
38499
92400
56024
20268
70314
30863
86034
65459
67099
26253
36120
82895
42640
66763
85710
56901
84015
30562
15760
43639
44768
15242
57538
5423
79299
38516
63598
13764
28353
20965
43602
76447
15567
71484
71616
37200
80489
4067
91905
48127
3516
64858
36887
39989
3259
60723
23205
42270
20773
18497
84958
74417
69891
29050
9949
6202
23818
47871
38892
55496
36372
46181
66192
68699
74483
87434
73020
52585
46040
69970
60995
75216
52657
40462
79506
82672
73115
9968
32037
31464
42759
723
435
58862
84422
10630
41894
84855
88137
86185
27411
64680
31149
70368
30451
28479
89243
25103
3329
29951
75337
26199
27689
83092
26629
62915
31296
65377
18895
60945
87514
51115
34706
86443
34611
52763
43343
48086
50906
83231
28571
27504
71582
5826
69658
61017
75880
1144
40065
35693
71282
75194
68732
34409
62200
50515
2033
51602
13465
2202
32294
48086
73765
55392
34533
72224
91959
59964
5834
62504
72005
91610
81681
62833
85653
45271
84773
13728
42418
5172
81951
16065
83502
68507
21707
16384
25736
21726
174
28561
43535
19608
83913
27152
82999
24345
45272
31115
77162
85979
74612
14735
90827
58325
5515
17998
31649
62691
50592
28283
28732
81290
7907
31428
81248
73977
72632
36448
63146
4129
32603
18510
12480
47802
66905
24630
14918
84328
36554
74216
4622
92318
45085
84766
58589
12726
27151
47660
77944
66291
53093
52659
92381
80926
27804
20540
13467
78776
79772
35477
19758
4611
38927
58291
63728
92844
25055
66879
40602
76644
26587
82964
43865
20174
36011
69110
15973
26166
58400
27982
20377
65592
24860
7917
50142
73879
76968
76409
36415
75817
4202
29383
10641
29647
8035
49015
85315
22686
57729
56874
40476
2957
14892
71805
4771
66168
40799
79270
67449
28787
9775
25050
22381
73967
84932
85239
5298
73714
12665
13940
65506
90291
83138
6158
22251
13090
81217
90886
13673
68368
27743
69664
39781
35874
70050
83785
80712
49937
13931
14585
71787
90128
70938
36416
9184
72309
81923
86129
19148
15973
2948
7213
64559
47966
22166
52413
33125
33850
8022
62320
58717
76230
49125
4152
12461
66989
9622
51907
57188
12033
5599
15352
75013
24300
4982
77266
1962
55866
17965
69574
10469
80352
51909
74726
73524
80763
89692
15442
76028
43764
73572
40884
87293
90196
64334
34069
65613
84858
23701
54956
59027
16598
20129
29129
82861
74798
38825
63849
4175
66167
29097
76712
18967
45300
39236
51044
89798
73583
83125
17710
10866
31011
82476
57703
58222
71200
70676
7915
12083
13636
77414
71054
77230
41720
7878
8378
25698
203
65862
66301
61151
25067
90748
41406
61400
69673
54227
79627
66494
48054
21002
3616
85213
72555
61954
37907
76354
37564
2494
61141
10320
48088
50460
8532
84701
33633
18586
67122
3324
25502
92482
40675
89981
1517
20180
12890
71793
9628
60873
26553
6367
3332
3277
14799
81073
34785
27188
46944
75521
82683
51292
36933
-1
72206
9031
10232
44122
92338
-1
9174
-1
-1
66101
28536
77991
1038
-1
84745
-1
48538
-1
7435
43609
12687
32021
-1
35709
-1
50864
-1
71818
68399
-1
66495
-1
17740
30468
22289
48034
-1
-1
-1
82818
85110
67110
-1
89999
36719
-1
43006
-1
76772
-1
76512
76512
16015
-1
49569
-1
3029
70312
-1
-1
-1
-1
-1
-1
38871
82201
-1
-1
-1
10629
39744
-1
53734
-1
-1
-1
-1
-1
-1
-1
-1
-1
-1
-1
-1
-1
-1
-1
8435
-1
-1
-1
-1
-1
-1
-1
-1
-1
-1
-1
-1
-1
-1
-1
-1
-1
-1
-1
-1
-1
-1
-1
-1
-1
-1
-1
-1
-1
-1
26808
72652
-1
59458
-1
-1
-1
-1
-1
-1
-1
-1
-1
-1
-1
-1
-1
-1
-1
-1
-1
-1
-1
